[ 2017-04-08T02:56:28+08:00 ] 101.37.28.32 118.178.228.154 GET /
[ log ] 59.110.1.96:80/ [运行时间：0.004514s][吞吐率：221.53req/s] [内存消耗：650.25kb] [文件加载：38]
[ info ] [ ROUTE ] array (
  'type' => 'module',
  'module' => 
  array (
    0 => '',
    1 => NULL,
    2 => NULL,
  ),
)
[ info ] [ HEADER ] array (
  'host' => '59.110.1.96:80',
  'connection' => 'Close',
  'accept-encoding' => 'identity',
  'content-type' => '',
  'content-length' => '',
)
[ info ] [ PARAM ] array (
)
[ info ] [ RUN ] Method [ <user> public method index ] {
  @@ /web/application/index/controller/Index.php 10 - 52
}

[ info ] [ LOG ] INIT File

---------------------------------------------------------------
[ 2017-04-08T03:23:53+08:00 ] 101.37.28.32 139.162.124.167 GET /
[ log ] 101.37.28.32/ [运行时间：0.002715s][吞吐率：368.34req/s] [内存消耗：650.35kb] [文件加载：38]
[ info ] [ ROUTE ] array (
  'type' => 'module',
  'module' => 
  array (
    0 => '',
    1 => NULL,
    2 => NULL,
  ),
)
[ info ] [ HEADER ] array (
  'host' => '101.37.28.32',
  'user-agent' => 'Mozilla/5.0',
  'accept-encoding' => 'gzip',
  'connection' => 'close',
  'content-type' => '',
  'content-length' => '',
)
[ info ] [ PARAM ] array (
)
[ info ] [ RUN ] Method [ <user> public method index ] {
  @@ /web/application/index/controller/Index.php 10 - 52
}

[ info ] [ LOG ] INIT File

---------------------------------------------------------------
[ 2017-04-08T03:31:02+08:00 ] 101.37.28.32 139.162.119.197 GET /
[ log ] 101.37.28.32/ [运行时间：0.002653s][吞吐率：376.95req/s] [内存消耗：650.32kb] [文件加载：38]
[ info ] [ ROUTE ] array (
  'type' => 'module',
  'module' => 
  array (
    0 => '',
    1 => NULL,
    2 => NULL,
  ),
)
[ info ] [ HEADER ] array (
  'host' => '101.37.28.32',
  'user-agent' => 'Mozilla/5.0 (Windows NT 10.0; WOW64) AppleWebKit/537.36 (KHTML, like Gecko) Chrome/50.0.2661.102 Safari/537.36',
  'connection' => 'close',
  'content-type' => '',
  'content-length' => '',
)
[ info ] [ PARAM ] array (
)
[ info ] [ RUN ] Method [ <user> public method index ] {
  @@ /web/application/index/controller/Index.php 10 - 52
}

[ info ] [ LOG ] INIT File

---------------------------------------------------------------
[ 2017-04-08T03:41:11+08:00 ] 101.37.28.32 123.57.10.148 GET /
[ log ] 61.53.158.168:80/ [运行时间：0.003106s][吞吐率：321.97req/s] [内存消耗：649.98kb] [文件加载：38]
[ info ] [ ROUTE ] array (
  'type' => 'module',
  'module' => 
  array (
    0 => '',
    1 => NULL,
    2 => NULL,
  ),
)
[ info ] [ HEADER ] array (
  'host' => '61.53.158.168:80',
  'content-type' => '',
  'content-length' => '',
)
[ info ] [ PARAM ] array (
)
[ info ] [ RUN ] Method [ <user> public method index ] {
  @@ /web/application/index/controller/Index.php 10 - 52
}

[ info ] [ LOG ] INIT File

---------------------------------------------------------------
[ 2017-04-08T04:47:30+08:00 ] 101.37.28.32 80.82.78.38 GET /cache/global/img/gs.gif
[ log ] www.baidu.com/cache/global/img/gs.gif [运行时间：0.003640s][吞吐率：274.73req/s] [内存消耗：619.54kb] [文件加载：38]
[ info ] [ ROUTE ] array (
  'type' => 'module',
  'module' => 
  array (
    0 => 'cache',
    1 => 'global',
    2 => 'img',
  ),
)
[ info ] [ HEADER ] array (
  'host' => 'www.baidu.com',
  'user-agent' => 'Mozilla',
  'if-modified-since' => 'Thu, 19 Apr 2012 09:51:20 GMT',
  'content-type' => '',
  'content-length' => '',
)
[ info ] [ PARAM ] array (
)
[ info ] [ LANG ] /web/thinkphp/lang/zh-cn.php
[ info ] [ LOG ] INIT File

---------------------------------------------------------------
[ 2017-04-08T07:04:05+08:00 ] 101.37.28.32 123.57.10.148 GET /
[ log ] 61.53.232.86:80/ [运行时间：0.002802s][吞吐率：356.90req/s] [内存消耗：649.98kb] [文件加载：38]
[ info ] [ ROUTE ] array (
  'type' => 'module',
  'module' => 
  array (
    0 => '',
    1 => NULL,
    2 => NULL,
  ),
)
[ info ] [ HEADER ] array (
  'host' => '61.53.232.86:80',
  'content-type' => '',
  'content-length' => '',
)
[ info ] [ PARAM ] array (
)
[ info ] [ RUN ] Method [ <user> public method index ] {
  @@ /web/application/index/controller/Index.php 10 - 52
}

[ info ] [ LOG ] INIT File

---------------------------------------------------------------
[ 2017-04-08T07:23:31+08:00 ] 101.37.28.32 101.226.99.195 GET /?unionid%3DoXMGUjgD5Qpcpy6uBacf3Wtipxg0%26access_token%3DbijVB5_8OeOJtOHT2iGh1rdz-CLC6VRFwlPmJpA7RUCovmZ223a3Ox2XlX0rqSk9MsQFY1xbzsyYUTrHoWQXkj5Anz90cHKeEfjcDcPwOpc%26source%3Doauth
[ log ] oil.chetuobang.com/?unionid%3DoXMGUjgD5Qpcpy6uBacf3Wtipxg0%26access_token%3DbijVB5_8OeOJtOHT2iGh1rdz-CLC6VRFwlPmJpA7RUCovmZ223a3Ox2XlX0rqSk9MsQFY1xbzsyYUTrHoWQXkj5Anz90cHKeEfjcDcPwOpc%26source%3Doauth [运行时间：0.002730s][吞吐率：366.28req/s] [内存消耗：651.92kb] [文件加载：38]
[ info ] [ ROUTE ] array (
  'type' => 'module',
  'module' => 
  array (
    0 => '',
    1 => NULL,
    2 => NULL,
  ),
)
[ info ] [ HEADER ] array (
  'user-agent' => 'Mozilla/5.0 (Windows NT 6.1; WOW64; rv:50.0) Gecko/20100101 Firefox/50.0',
  'accept' => '*/*',
  'accept-encoding' => 'gzip, deflate, sdch, br',
  'accept-language' => 'zh-CN,zh;q=0.8,en-US;q=0.6,en;q=0.4',
  'host' => 'oil.chetuobang.com',
  'connection' => 'keep-alive',
  'content-type' => '',
  'content-length' => '',
)
[ info ] [ PARAM ] array (
  'unionid=oXMGUjgD5Qpcpy6uBacf3Wtipxg0&access_token=bijVB5_8OeOJtOHT2iGh1rdz-CLC6VRFwlPmJpA7RUCovmZ223a3Ox2XlX0rqSk9MsQFY1xbzsyYUTrHoWQXkj5Anz90cHKeEfjcDcPwOpc&source=oauth' => '',
)
[ info ] [ RUN ] Method [ <user> public method index ] {
  @@ /web/application/index/controller/Index.php 10 - 52
}

[ info ] [ LOG ] INIT File

---------------------------------------------------------------
[ 2017-04-08T08:04:27+08:00 ] 101.37.28.32 140.205.225.188 POST /kfqvunymgosp
[ log ] 101.37.28.32:80/kfqvunymgosp [运行时间：0.003615s][吞吐率：276.61req/s] [内存消耗：620.61kb] [文件加载：38]
[ info ] [ ROUTE ] array (
  'type' => 'module',
  'module' => 
  array (
    0 => 'kfqvunymgosp',
    1 => NULL,
    2 => NULL,
  ),
)
[ info ] [ HEADER ] array (
  'accept-encoding' => 'identity',
  'content-length' => '22',
  'host' => '101.37.28.32:80',
  'content-type' => 'application/x-www-form-urlencoded',
  'connection' => 'close',
  'user-agent' => 'Mozilla/4.0 (compatible; MSIE 6.0; Windows NT 5.1;Alibaba.Security.Heimdall.5448812.elasticsearch_unauthorized)',
)
[ info ] [ PARAM ] array (
  '{"aliyun":_"vulntest"}' => '',
)
[ info ] [ LANG ] /web/thinkphp/lang/zh-cn.php
[ info ] [ LOG ] INIT File

---------------------------------------------------------------
[ 2017-04-08T08:04:27+08:00 ] 101.37.28.32 140.205.225.188 GET /kfqvunymgosp
[ log ] 101.37.28.32:80/kfqvunymgosp [运行时间：0.003428s][吞吐率：291.72req/s] [内存消耗：619.71kb] [文件加载：38]
[ info ] [ ROUTE ] array (
  'type' => 'module',
  'module' => 
  array (
    0 => 'kfqvunymgosp',
    1 => NULL,
    2 => NULL,
  ),
)
[ info ] [ HEADER ] array (
  'accept-encoding' => 'identity',
  'host' => '101.37.28.32:80',
  'connection' => 'close',
  'user-agent' => 'Mozilla/4.0 (compatible; MSIE 6.0; Windows NT 5.1;Alibaba.Security.Heimdall.5448812.elasticsearch_unauthorized)',
  'content-type' => '',
  'content-length' => '',
)
[ info ] [ PARAM ] array (
)
[ info ] [ LANG ] /web/thinkphp/lang/zh-cn.php
[ info ] [ LOG ] INIT File

---------------------------------------------------------------
[ 2017-04-08T08:04:27+08:00 ] 101.37.28.32 140.205.225.188 DELETE /kfqvunymgosp
[ log ] 101.37.28.32:80/kfqvunymgosp [运行时间：0.003326s][吞吐率：300.65req/s] [内存消耗：620.88kb] [文件加载：38]
[ info ] [ ROUTE ] array (
  'type' => 'module',
  'module' => 
  array (
    0 => 'kfqvunymgosp',
    1 => NULL,
    2 => NULL,
  ),
)
[ info ] [ HEADER ] array (
  'accept-encoding' => 'identity',
  'host' => '101.37.28.32:80',
  'connection' => 'close',
  'user-agent' => 'Mozilla/4.0 (compatible; MSIE 6.0; Windows NT 5.1;Alibaba.Security.Heimdall.5448812.elasticsearch_unauthorized)',
  'content-type' => '',
  'content-length' => '',
)
[ info ] [ PARAM ] array (
)
[ info ] [ LANG ] /web/thinkphp/lang/zh-cn.php
[ info ] [ LOG ] INIT File

---------------------------------------------------------------
[ 2017-04-08T08:04:31+08:00 ] 101.37.28.32 140.205.225.188 GET /warning
[ log ] 101.37.28.32:80/warning [运行时间：0.003460s][吞吐率：289.02req/s] [内存消耗：619.87kb] [文件加载：38]
[ info ] [ ROUTE ] array (
  'type' => 'module',
  'module' => 
  array (
    0 => 'warning',
    1 => NULL,
    2 => NULL,
  ),
)
[ info ] [ HEADER ] array (
  'referer' => 'http://101.37.28.32/',
  'user-agent' => 'Mozilla/4.0 (compatible; MSIE 6.0; Windows NT 5.1;Alibaba.Security.Heimdall.5448812)',
  'host' => '101.37.28.32:80',
  'accept' => '*/*',
  'connection' => 'keep-alive',
  'content-type' => '',
  'content-length' => '',
)
[ info ] [ PARAM ] array (
)
[ info ] [ LANG ] /web/thinkphp/lang/zh-cn.php
[ info ] [ LOG ] INIT File

---------------------------------------------------------------
[ 2017-04-08T08:10:50+08:00 ] 101.37.28.32 140.205.225.188 GET /pleasereadthis
[ log ] 101.37.28.32:80/pleasereadthis [运行时间：0.003474s][吞吐率：287.85req/s] [内存消耗：619.91kb] [文件加载：38]
[ info ] [ ROUTE ] array (
  'type' => 'module',
  'module' => 
  array (
    0 => 'pleasereadthis',
    1 => NULL,
    2 => NULL,
  ),
)
[ info ] [ HEADER ] array (
  'referer' => 'http://101.37.28.32/',
  'user-agent' => 'Mozilla/4.0 (compatible; MSIE 6.0; Windows NT 5.1;Alibaba.Security.Heimdall.5448812)',
  'host' => '101.37.28.32:80',
  'accept' => '*/*',
  'connection' => 'keep-alive',
  'content-type' => '',
  'content-length' => '',
)
[ info ] [ PARAM ] array (
)
[ info ] [ LANG ] /web/thinkphp/lang/zh-cn.php
[ info ] [ LOG ] INIT File

---------------------------------------------------------------
[ 2017-04-08T08:12:57+08:00 ] 101.37.28.32 42.156.251.188 GET /
[ log ] 101.37.28.32/ [运行时间：0.003980s][吞吐率：251.25req/s] [内存消耗：650.77kb] [文件加载：38]
[ info ] [ ROUTE ] array (
  'type' => 'module',
  'module' => 
  array (
    0 => '',
    1 => NULL,
    2 => NULL,
  ),
)
[ info ] [ HEADER ] array (
  'user-agent' => 'spiderman',
  'accept-language' => 'en-us,en-gb,en;q=0.7,*;q=0.3',
  'accept-charset' => 'utf-8,ISO-8859-1;q=0.7,*;q=0.7',
  'accept' => 'text/html,application/xml;q=0.9,application/xhtml+xml,text/xml;q=0.9,text/plain;q=0.8,image/png,*/*;q=0.5',
  'accept-encoding' => 'x-gzip, gzip, deflate',
  'host' => '101.37.28.32',
  'content-type' => '',
  'content-length' => '',
)
[ info ] [ PARAM ] array (
)
[ info ] [ RUN ] Method [ <user> public method index ] {
  @@ /web/application/index/controller/Index.php 10 - 52
}

[ info ] [ LOG ] INIT File

---------------------------------------------------------------
[ 2017-04-08T08:13:30+08:00 ] 101.37.28.32 42.156.251.188 GET /
[ log ] 101.37.28.32/ [运行时间：0.002880s][吞吐率：347.21req/s] [内存消耗：650.77kb] [文件加载：38]
[ info ] [ ROUTE ] array (
  'type' => 'module',
  'module' => 
  array (
    0 => '',
    1 => NULL,
    2 => NULL,
  ),
)
[ info ] [ HEADER ] array (
  'user-agent' => 'spiderman',
  'accept-language' => 'en-us,en-gb,en;q=0.7,*;q=0.3',
  'accept-charset' => 'utf-8,ISO-8859-1;q=0.7,*;q=0.7',
  'accept' => 'text/html,application/xml;q=0.9,application/xhtml+xml,text/xml;q=0.9,text/plain;q=0.8,image/png,*/*;q=0.5',
  'accept-encoding' => 'x-gzip, gzip, deflate',
  'host' => '101.37.28.32',
  'content-type' => '',
  'content-length' => '',
)
[ info ] [ PARAM ] array (
)
[ info ] [ RUN ] Method [ <user> public method index ] {
  @@ /web/application/index/controller/Index.php 10 - 52
}

[ info ] [ LOG ] INIT File

---------------------------------------------------------------
[ 2017-04-08T08:14:59+08:00 ] 101.37.28.32 140.205.225.188 GET /please_read/_search
[ log ] 101.37.28.32:80/please_read/_search [运行时间：0.003544s][吞吐率：282.18req/s] [内存消耗：619.98kb] [文件加载：38]
[ info ] [ ROUTE ] array (
  'type' => 'module',
  'module' => 
  array (
    0 => 'please_read',
    1 => '_search',
    2 => NULL,
  ),
)
[ info ] [ HEADER ] array (
  'referer' => 'http://101.37.28.32/',
  'user-agent' => 'Mozilla/4.0 (compatible; MSIE 6.0; Windows NT 5.1;Alibaba.Security.Heimdall.5448812)',
  'host' => '101.37.28.32:80',
  'accept' => '*/*',
  'connection' => 'keep-alive',
  'content-type' => '',
  'content-length' => '',
)
[ info ] [ PARAM ] array (
)
[ info ] [ LANG ] /web/thinkphp/lang/zh-cn.php
[ info ] [ LOG ] INIT File

---------------------------------------------------------------
[ 2017-04-08T08:23:25+08:00 ] 101.37.28.32 140.205.225.188 GET /about/
[ log ] 101.37.28.32:80/about/ [运行时间：0.006163s][吞吐率：162.26req/s] [内存消耗：619.86kb] [文件加载：38]
[ info ] [ ROUTE ] array (
  'type' => 'module',
  'module' => 
  array (
    0 => 'about',
    1 => NULL,
    2 => NULL,
  ),
)
[ info ] [ HEADER ] array (
  'referer' => 'http://101.37.28.32/',
  'user-agent' => 'Mozilla/4.0 (compatible; MSIE 6.0; Windows NT 5.1;Alibaba.Security.Heimdall.5448812)',
  'host' => '101.37.28.32:80',
  'accept' => '*/*',
  'connection' => 'keep-alive',
  'content-type' => '',
  'content-length' => '',
)
[ info ] [ PARAM ] array (
)
[ info ] [ LANG ] /web/thinkphp/lang/zh-cn.php
[ info ] [ LOG ] INIT File

---------------------------------------------------------------
[ 2017-04-08T08:35:18+08:00 ] 101.37.28.32 140.205.225.188 GET /clusters.jsf
[ log ] 101.37.28.32:80/clusters.jsf [运行时间：0.006603s][吞吐率：151.45req/s] [内存消耗：619.89kb] [文件加载：38]
[ info ] [ ROUTE ] array (
  'type' => 'module',
  'module' => 
  array (
    0 => 'clusters.jsf',
    1 => NULL,
    2 => NULL,
  ),
)
[ info ] [ HEADER ] array (
  'referer' => 'http://101.37.28.32/',
  'user-agent' => 'Mozilla/4.0 (compatible; MSIE 6.0; Windows NT 5.1;Alibaba.Security.Heimdall.5448812)',
  'host' => '101.37.28.32:80',
  'accept' => '*/*',
  'connection' => 'keep-alive',
  'content-type' => '',
  'content-length' => '',
)
[ info ] [ PARAM ] array (
)
[ info ] [ LANG ] /web/thinkphp/lang/zh-cn.php
[ info ] [ LOG ] INIT File

---------------------------------------------------------------
[ 2017-04-08T09:01:48+08:00 ] 101.37.28.32 140.205.225.188 GET /
[ log ] 101.37.28.32:80/ [运行时间：0.002657s][吞吐率：376.37req/s] [内存消耗：650.58kb] [文件加载：38]
[ info ] [ ROUTE ] array (
  'type' => 'module',
  'module' => 
  array (
    0 => '',
    1 => NULL,
    2 => NULL,
  ),
)
[ info ] [ HEADER ] array (
  'referer' => 'http://101.37.28.32/',
  'user-agent' => 'Mozilla/4.0 (compatible; MSIE 6.0; Windows NT 5.1;Alibaba.Security.Heimdall.5448812)',
  'host' => '101.37.28.32:80',
  'accept' => '*/*',
  'connection' => 'keep-alive',
  'content-type' => '',
  'content-length' => '',
)
[ info ] [ PARAM ] array (
)
[ info ] [ RUN ] Method [ <user> public method index ] {
  @@ /web/application/index/controller/Index.php 10 - 52
}

[ info ] [ LOG ] INIT File

---------------------------------------------------------------
[ 2017-04-08T09:05:41+08:00 ] 101.37.28.32 140.205.225.188 POST /
[ log ] 101.37.28.32/ [运行时间：0.002723s][吞吐率：367.24req/s] [内存消耗：650.65kb] [文件加载：38]
[ info ] [ ROUTE ] array (
  'type' => 'module',
  'module' => 
  array (
    0 => '',
    1 => NULL,
    2 => NULL,
  ),
)
[ info ] [ HEADER ] array (
  'accept-encoding' => 'identity',
  'content-length' => '431',
  'host' => '101.37.28.32',
  'content-type' => 'multipart/form-data; boundary=-333053153',
  'connection' => 'close',
  'user-agent' => 'Mozilla/4.0 (compatible; MSIE 6.0; Windows NT 5.1;Alibaba.Security.Heimdall.5448812.struts-s2-046)',
)
[ info ] [ PARAM ] array (
)
[ info ] [ RUN ] Method [ <user> public method index ] {
  @@ /web/application/index/controller/Index.php 10 - 52
}

[ info ] [ LOG ] INIT File

---------------------------------------------------------------
[ 2017-04-08T09:05:59+08:00 ] 101.37.28.32 140.205.225.188 GET /hwi/
[ log ] 101.37.28.32:80/hwi/ [运行时间：0.003604s][吞吐率：277.47req/s] [内存消耗：619.86kb] [文件加载：38]
[ info ] [ ROUTE ] array (
  'type' => 'module',
  'module' => 
  array (
    0 => 'hwi',
    1 => NULL,
    2 => NULL,
  ),
)
[ info ] [ HEADER ] array (
  'referer' => 'http://101.37.28.32/',
  'user-agent' => 'Mozilla/4.0 (compatible; MSIE 6.0; Windows NT 5.1;Alibaba.Security.Heimdall.5448812)',
  'host' => '101.37.28.32:80',
  'accept' => '*/*',
  'connection' => 'keep-alive',
  'content-type' => '',
  'content-length' => '',
)
[ info ] [ PARAM ] array (
)
[ info ] [ LANG ] /web/thinkphp/lang/zh-cn.php
[ info ] [ LOG ] INIT File

---------------------------------------------------------------
[ 2017-04-08T09:06:50+08:00 ] 101.37.28.32 140.205.225.188 GET /
[ log ] 101.37.28.32:80/ [运行时间：0.002570s][吞吐率：389.12req/s] [内存消耗：650.58kb] [文件加载：38]
[ info ] [ ROUTE ] array (
  'type' => 'module',
  'module' => 
  array (
    0 => '',
    1 => NULL,
    2 => NULL,
  ),
)
[ info ] [ HEADER ] array (
  'referer' => 'http://101.37.28.32/',
  'user-agent' => 'Mozilla/4.0 (compatible; MSIE 6.0; Windows NT 5.1;Alibaba.Security.Heimdall.5448812)',
  'host' => '101.37.28.32:80',
  'accept' => '*/*',
  'connection' => 'keep-alive',
  'content-type' => '',
  'content-length' => '',
)
[ info ] [ PARAM ] array (
)
[ info ] [ RUN ] Method [ <user> public method index ] {
  @@ /web/application/index/controller/Index.php 10 - 52
}

[ info ] [ LOG ] INIT File

---------------------------------------------------------------
[ 2017-04-08T09:07:05+08:00 ] 101.37.28.32 140.205.225.188 GET /
[ log ] 101.37.28.32:80/ [运行时间：0.002556s][吞吐率：391.26req/s] [内存消耗：650.58kb] [文件加载：38]
[ info ] [ ROUTE ] array (
  'type' => 'module',
  'module' => 
  array (
    0 => '',
    1 => NULL,
    2 => NULL,
  ),
)
[ info ] [ HEADER ] array (
  'referer' => 'http://101.37.28.32/',
  'user-agent' => 'Mozilla/4.0 (compatible; MSIE 6.0; Windows NT 5.1;Alibaba.Security.Heimdall.5448812)',
  'host' => '101.37.28.32:80',
  'accept' => '*/*',
  'connection' => 'keep-alive',
  'content-type' => '',
  'content-length' => '',
)
[ info ] [ PARAM ] array (
)
[ info ] [ RUN ] Method [ <user> public method index ] {
  @@ /web/application/index/controller/Index.php 10 - 52
}

[ info ] [ LOG ] INIT File

---------------------------------------------------------------
[ 2017-04-08T09:07:12+08:00 ] 101.37.28.32 140.205.225.188 GET /
[ log ] 101.37.28.32:80/ [运行时间：0.002564s][吞吐率：390.02req/s] [内存消耗：650.58kb] [文件加载：38]
[ info ] [ ROUTE ] array (
  'type' => 'module',
  'module' => 
  array (
    0 => '',
    1 => NULL,
    2 => NULL,
  ),
)
[ info ] [ HEADER ] array (
  'referer' => 'http://101.37.28.32/',
  'user-agent' => 'Mozilla/4.0 (compatible; MSIE 6.0; Windows NT 5.1;Alibaba.Security.Heimdall.5448812)',
  'host' => '101.37.28.32:80',
  'accept' => '*/*',
  'connection' => 'keep-alive',
  'content-type' => '',
  'content-length' => '',
)
[ info ] [ PARAM ] array (
)
[ info ] [ RUN ] Method [ <user> public method index ] {
  @@ /web/application/index/controller/Index.php 10 - 52
}

[ info ] [ LOG ] INIT File

---------------------------------------------------------------
[ 2017-04-08T09:07:17+08:00 ] 101.37.28.32 140.205.225.188 GET /jobs/
[ log ] 101.37.28.32:80/jobs/ [运行时间：0.003475s][吞吐率：287.75req/s] [内存消耗：619.86kb] [文件加载：38]
[ info ] [ ROUTE ] array (
  'type' => 'module',
  'module' => 
  array (
    0 => 'jobs',
    1 => NULL,
    2 => NULL,
  ),
)
[ info ] [ HEADER ] array (
  'referer' => 'http://101.37.28.32/',
  'user-agent' => 'Mozilla/4.0 (compatible; MSIE 6.0; Windows NT 5.1;Alibaba.Security.Heimdall.5448812)',
  'host' => '101.37.28.32:80',
  'accept' => '*/*',
  'connection' => 'keep-alive',
  'content-type' => '',
  'content-length' => '',
)
[ info ] [ PARAM ] array (
)
[ info ] [ LANG ] /web/thinkphp/lang/zh-cn.php
[ info ] [ LOG ] INIT File

---------------------------------------------------------------
[ 2017-04-08T09:07:23+08:00 ] 101.37.28.32 140.205.225.188 GET /index.php
[ log ] 101.37.28.32:80/index.php [运行时间：0.002655s][吞吐率：376.64req/s] [内存消耗：650.59kb] [文件加载：38]
[ info ] [ ROUTE ] array (
  'type' => 'module',
  'module' => 
  array (
    0 => '',
    1 => NULL,
    2 => NULL,
  ),
)
[ info ] [ HEADER ] array (
  'referer' => 'http://101.37.28.32/',
  'user-agent' => 'Mozilla/4.0 (compatible; MSIE 6.0; Windows NT 5.1;Alibaba.Security.Heimdall.5448812)',
  'host' => '101.37.28.32:80',
  'accept' => '*/*',
  'connection' => 'keep-alive',
  'content-type' => '',
  'content-length' => '',
)
[ info ] [ PARAM ] array (
)
[ info ] [ RUN ] Method [ <user> public method index ] {
  @@ /web/application/index/controller/Index.php 10 - 52
}

[ info ] [ LOG ] INIT File

---------------------------------------------------------------
[ 2017-04-08T09:07:26+08:00 ] 101.37.28.32 140.205.225.188 GET /rs-status
[ log ] 101.37.28.32:80/rs-status [运行时间：0.003442s][吞吐率：290.52req/s] [内存消耗：619.88kb] [文件加载：38]
[ info ] [ ROUTE ] array (
  'type' => 'module',
  'module' => 
  array (
    0 => 'rs-status',
    1 => NULL,
    2 => NULL,
  ),
)
[ info ] [ HEADER ] array (
  'referer' => 'http://101.37.28.32/',
  'user-agent' => 'Mozilla/4.0 (compatible; MSIE 6.0; Windows NT 5.1;Alibaba.Security.Heimdall.5448812)',
  'host' => '101.37.28.32:80',
  'accept' => '*/*',
  'connection' => 'keep-alive',
  'content-type' => '',
  'content-length' => '',
)
[ info ] [ PARAM ] array (
)
[ info ] [ LANG ] /web/thinkphp/lang/zh-cn.php
[ info ] [ LOG ] INIT File

---------------------------------------------------------------
[ 2017-04-08T09:07:33+08:00 ] 101.37.28.32 140.205.225.188 GET /master-status
[ log ] 101.37.28.32:80/master-status [运行时间：0.003473s][吞吐率：287.93req/s] [内存消耗：619.90kb] [文件加载：38]
[ info ] [ ROUTE ] array (
  'type' => 'module',
  'module' => 
  array (
    0 => 'master-status',
    1 => NULL,
    2 => NULL,
  ),
)
[ info ] [ HEADER ] array (
  'referer' => 'http://101.37.28.32/',
  'user-agent' => 'Mozilla/4.0 (compatible; MSIE 6.0; Windows NT 5.1;Alibaba.Security.Heimdall.5448812)',
  'host' => '101.37.28.32:80',
  'accept' => '*/*',
  'connection' => 'keep-alive',
  'content-type' => '',
  'content-length' => '',
)
[ info ] [ PARAM ] array (
)
[ info ] [ LANG ] /web/thinkphp/lang/zh-cn.php
[ info ] [ LOG ] INIT File

---------------------------------------------------------------
[ 2017-04-08T09:07:36+08:00 ] 101.37.28.32 140.205.225.188 GET /dfshealth.html
[ log ] 101.37.28.32:80/dfshealth.html [运行时间：0.003556s][吞吐率：281.21req/s] [内存消耗：619.90kb] [文件加载：38]
[ info ] [ ROUTE ] array (
  'type' => 'module',
  'module' => 
  array (
    0 => 'dfshealth',
    1 => NULL,
    2 => NULL,
  ),
)
[ info ] [ HEADER ] array (
  'referer' => 'http://101.37.28.32/',
  'user-agent' => 'Mozilla/4.0 (compatible; MSIE 6.0; Windows NT 5.1;Alibaba.Security.Heimdall.5448812)',
  'host' => '101.37.28.32:80',
  'accept' => '*/*',
  'connection' => 'keep-alive',
  'content-type' => '',
  'content-length' => '',
)
[ info ] [ PARAM ] array (
)
[ info ] [ LANG ] /web/thinkphp/lang/zh-cn.php
[ info ] [ LOG ] INIT File

---------------------------------------------------------------
[ 2017-04-08T09:07:39+08:00 ] 101.37.28.32 140.205.225.188 GET /
[ log ] 101.37.28.32/ [运行时间：0.002617s][吞吐率：382.10req/s] [内存消耗：650.90kb] [文件加载：38]
[ info ] [ ROUTE ] array (
  'type' => 'module',
  'module' => 
  array (
    0 => '',
    1 => NULL,
    2 => NULL,
  ),
)
[ info ] [ HEADER ] array (
  'host' => '101.37.28.32',
  'referer' => 'http://101.37.28.32/',
  'user-agent' => 'Mozilla/4.0 (compatible; MSIE 6.0; Windows NT 5.1;Alibaba.Security.Heimdall.5448812)',
  'content-type' => '${(\\u0023a1=333053153\\u0029\\u002e(#a2=1234567890).(#a3=#a1+#a2).(#a4=\'ttpS\\u0065rvletR\\u0065sponse\').(#a6=\'com.op\\u0065nsympho\').(#a5=\'ny.x\\u0077ork2.disp\\u0061tcher.H\').(#a7=#a6+#a5+#a4).(#a8=\'un\').(#a9=\'_\\u0061liy\').(#a10=#a9+#a8).(#x1=#cont\\u0065xt[#a7].getWr\\u0069ter()).(#x1.pr\\u0069nt(#a3+#a10)).(#x1.cl\\u006fse())}%0d%0a%20multipart/form-data',
  'accept' => '*/*',
  'connection' => 'keep-alive',
  'content-length' => '',
)
[ info ] [ PARAM ] array (
)
[ info ] [ RUN ] Method [ <user> public method index ] {
  @@ /web/application/index/controller/Index.php 10 - 52
}

[ info ] [ LOG ] INIT File

---------------------------------------------------------------
[ 2017-04-08T09:07:40+08:00 ] 101.37.28.32 140.205.225.188 POST /
[ log ] 101.37.28.32/ [运行时间：0.002571s][吞吐率：388.94req/s] [内存消耗：652.13kb] [文件加载：38]
[ info ] [ ROUTE ] array (
  'type' => 'module',
  'module' => 
  array (
    0 => '',
    1 => NULL,
    2 => NULL,
  ),
)
[ info ] [ HEADER ] array (
  'host' => '101.37.28.32',
  'referer' => 'http://101.37.28.32/',
  'user-agent' => 'Mozilla/4.0 (compatible; MSIE 6.0; Windows NT 5.1;Alibaba.Security.Heimdall.5448812)',
  'content-type' => '${(\\u0023a1=333053153\\u0029\\u002e(#a2=1234567890).(#a3=#a1+#a2).(#a4=\'ttpS\\u0065rvletR\\u0065sponse\').(#a6=\'com.op\\u0065nsympho\').(#a5=\'ny.x\\u0077ork2.disp\\u0061tcher.H\').(#a7=#a6+#a5+#a4).(#a8=\'un\').(#a9=\'_\\u0061liy\').(#a10=#a9+#a8).(#x1=#cont\\u0065xt[#a7].getWr\\u0069ter()).(#x1.pr\\u0069nt(#a3+#a10)).(#x1.cl\\u006fse())}%0d%0a%20multipart/form-data',
  'accept' => '*/*',
  'connection' => 'keep-alive',
  'content-length' => '1',
)
[ info ] [ PARAM ] array (
)
[ info ] [ RUN ] Method [ <user> public method index ] {
  @@ /web/application/index/controller/Index.php 10 - 52
}

[ info ] [ LOG ] INIT File

---------------------------------------------------------------
[ 2017-04-08T09:07:43+08:00 ] 101.37.28.32 140.205.225.188 GET /dfshealth.jsp
[ log ] 101.37.28.32:80/dfshealth.jsp [运行时间：0.003484s][吞吐率：287.03req/s] [内存消耗：619.90kb] [文件加载：38]
[ info ] [ ROUTE ] array (
  'type' => 'module',
  'module' => 
  array (
    0 => 'dfshealth.jsp',
    1 => NULL,
    2 => NULL,
  ),
)
[ info ] [ HEADER ] array (
  'referer' => 'http://101.37.28.32/',
  'user-agent' => 'Mozilla/4.0 (compatible; MSIE 6.0; Windows NT 5.1;Alibaba.Security.Heimdall.5448812)',
  'host' => '101.37.28.32:80',
  'accept' => '*/*',
  'connection' => 'keep-alive',
  'content-type' => '',
  'content-length' => '',
)
[ info ] [ PARAM ] array (
)
[ info ] [ LANG ] /web/thinkphp/lang/zh-cn.php
[ info ] [ LOG ] INIT File

---------------------------------------------------------------
[ 2017-04-08T09:07:46+08:00 ] 101.37.28.32 140.205.225.188 GET /hadoop/dfshealth.jsp
[ log ] 101.37.28.32:80/hadoop/dfshealth.jsp [运行时间：0.003518s][吞吐率：284.24req/s] [内存消耗：619.98kb] [文件加载：38]
[ info ] [ ROUTE ] array (
  'type' => 'module',
  'module' => 
  array (
    0 => 'hadoop',
    1 => 'dfshealth.jsp',
    2 => NULL,
  ),
)
[ info ] [ HEADER ] array (
  'referer' => 'http://101.37.28.32/',
  'user-agent' => 'Mozilla/4.0 (compatible; MSIE 6.0; Windows NT 5.1;Alibaba.Security.Heimdall.5448812)',
  'host' => '101.37.28.32:80',
  'accept' => '*/*',
  'connection' => 'keep-alive',
  'content-type' => '',
  'content-length' => '',
)
[ info ] [ PARAM ] array (
)
[ info ] [ LANG ] /web/thinkphp/lang/zh-cn.php
[ info ] [ LOG ] INIT File

---------------------------------------------------------------
[ 2017-04-08T09:07:52+08:00 ] 101.37.28.32 140.205.225.188 GET /solr/
[ log ] 101.37.28.32:80/solr/ [运行时间：0.003849s][吞吐率：259.81req/s] [内存消耗：619.86kb] [文件加载：38]
[ info ] [ ROUTE ] array (
  'type' => 'module',
  'module' => 
  array (
    0 => 'solr',
    1 => NULL,
    2 => NULL,
  ),
)
[ info ] [ HEADER ] array (
  'referer' => 'http://101.37.28.32/',
  'user-agent' => 'Mozilla/4.0 (compatible; MSIE 6.0; Windows NT 5.1;Alibaba.Security.Heimdall.5448812)',
  'host' => '101.37.28.32:80',
  'accept' => '*/*',
  'connection' => 'keep-alive',
  'content-type' => '',
  'content-length' => '',
)
[ info ] [ PARAM ] array (
)
[ info ] [ LANG ] /web/thinkphp/lang/zh-cn.php
[ info ] [ LOG ] INIT File

---------------------------------------------------------------
[ 2017-04-08T09:07:54+08:00 ] 101.37.28.32 140.205.225.188 GET /
[ log ] 101.37.28.32:80/ [运行时间：0.002673s][吞吐率：374.12req/s] [内存消耗：650.58kb] [文件加载：38]
[ info ] [ ROUTE ] array (
  'type' => 'module',
  'module' => 
  array (
    0 => '',
    1 => NULL,
    2 => NULL,
  ),
)
[ info ] [ HEADER ] array (
  'referer' => 'http://101.37.28.32/',
  'user-agent' => 'Mozilla/4.0 (compatible; MSIE 6.0; Windows NT 5.1;Alibaba.Security.Heimdall.5448812)',
  'host' => '101.37.28.32:80',
  'accept' => '*/*',
  'connection' => 'keep-alive',
  'content-type' => '',
  'content-length' => '',
)
[ info ] [ PARAM ] array (
)
[ info ] [ RUN ] Method [ <user> public method index ] {
  @@ /web/application/index/controller/Index.php 10 - 52
}

[ info ] [ LOG ] INIT File

---------------------------------------------------------------
[ 2017-04-08T09:09:42+08:00 ] 101.37.28.32 140.205.225.188 GET /info
[ log ] 101.37.28.32:80/info [运行时间：0.004147s][吞吐率：241.15req/s] [内存消耗：619.86kb] [文件加载：38]
[ info ] [ ROUTE ] array (
  'type' => 'module',
  'module' => 
  array (
    0 => 'info',
    1 => NULL,
    2 => NULL,
  ),
)
[ info ] [ HEADER ] array (
  'referer' => 'http://101.37.28.32/',
  'user-agent' => 'Mozilla/4.0 (compatible; MSIE 6.0; Windows NT 5.1;Alibaba.Security.Heimdall.5448812)',
  'host' => '101.37.28.32:80',
  'accept' => '*/*',
  'connection' => 'keep-alive',
  'content-type' => '',
  'content-length' => '',
)
[ info ] [ PARAM ] array (
)
[ info ] [ LANG ] /web/thinkphp/lang/zh-cn.php
[ info ] [ LOG ] INIT File

---------------------------------------------------------------
[ 2017-04-08T10:57:24+08:00 ] 101.37.28.32 118.178.228.154 GET /
[ log ] 59.56.102.19:80/ [运行时间：0.004478s][吞吐率：223.32req/s] [内存消耗：650.27kb] [文件加载：38]
[ info ] [ ROUTE ] array (
  'type' => 'module',
  'module' => 
  array (
    0 => '',
    1 => NULL,
    2 => NULL,
  ),
)
[ info ] [ HEADER ] array (
  'host' => '59.56.102.19:80',
  'connection' => 'Close',
  'accept-encoding' => 'identity',
  'content-type' => '',
  'content-length' => '',
)
[ info ] [ PARAM ] array (
)
[ info ] [ RUN ] Method [ <user> public method index ] {
  @@ /web/application/index/controller/Index.php 10 - 52
}

[ info ] [ LOG ] INIT File

---------------------------------------------------------------
[ 2017-04-08T11:13:09+08:00 ] 101.37.28.32 62.210.162.182 GET /
[ log ] 101.37.28.32:80/ [运行时间：0.004811s][吞吐率：207.85req/s] [内存消耗：650.38kb] [文件加载：38]
[ info ] [ ROUTE ] array (
  'type' => 'module',
  'module' => 
  array (
    0 => '',
    1 => NULL,
    2 => NULL,
  ),
)
[ info ] [ HEADER ] array (
  'accept-encoding' => 'gzip;q=1.0,deflate;q=0.6,identity;q=0.3',
  'accept' => '*/*',
  'user-agent' => 'Ruby',
  'host' => '101.37.28.32:80',
  'content-type' => '',
  'content-length' => '',
)
[ info ] [ PARAM ] array (
)
[ info ] [ RUN ] Method [ <user> public method index ] {
  @@ /web/application/index/controller/Index.php 10 - 52
}

[ info ] [ LOG ] INIT File

---------------------------------------------------------------
[ 2017-04-08T11:13:15+08:00 ] 101.37.28.32 62.210.162.182 GET /
[ log ] 101.37.28.32/ [运行时间：0.002797s][吞吐率：357.51req/s] [内存消耗：650.63kb] [文件加载：38]
[ info ] [ ROUTE ] array (
  'type' => 'module',
  'module' => 
  array (
    0 => '',
    1 => NULL,
    2 => NULL,
  ),
)
[ info ] [ HEADER ] array (
  'host' => '101.37.28.32',
  'accept' => 'text/html,application/xhtml+xml,application/xml;q=0.9,*/*;q=0.8',
  'accept-encoding' => 'deflate, gzip, identity',
  'accept-language' => 'en-US;q=0.6,en;q=0.4',
  'user-agent' => 'Mozilla/5.0 (Windows NT 5.1; rv:9.0.1) Gecko/20100101 Firefox/9.0.1',
  'content-type' => '',
  'content-length' => '',
)
[ info ] [ PARAM ] array (
)
[ info ] [ RUN ] Method [ <user> public method index ] {
  @@ /web/application/index/controller/Index.php 10 - 52
}

[ info ] [ LOG ] INIT File

---------------------------------------------------------------
[ 2017-04-08T11:13:16+08:00 ] 101.37.28.32 62.210.162.182 GET /wz_api/?service=oil.index
[ log ] wzcx.chetuobang.com/wz_api/?service=oil.index [运行时间：0.003839s][吞吐率：260.48req/s] [内存消耗：610.70kb] [文件加载：37]
[ info ] [ ROUTE ] array (
  'type' => 'module',
  'module' => 
  array (
    0 => 'wz_api',
    1 => NULL,
    2 => NULL,
  ),
)
[ info ] [ HEADER ] array (
  'host' => 'wzcx.chetuobang.com',
  'accept' => 'text/html,application/xhtml+xml,application/xml;q=0.9,*/*;q=0.8',
  'accept-encoding' => 'deflate, gzip, identity',
  'accept-language' => 'en-US;q=0.6,en;q=0.4',
  'user-agent' => 'Mozilla/5.0 (Windows NT 5.1; rv:9.0.1) Gecko/20100101 Firefox/9.0.1',
  'content-type' => '',
  'content-length' => '',
)
[ info ] [ PARAM ] array (
  'service' => 'oil.index',
)
[ info ] [ LOG ] INIT File

---------------------------------------------------------------
[ 2017-04-08T11:13:17+08:00 ] 101.37.28.32 62.210.162.182 GET /HNAP1/
[ log ] wzcx.chetuobang.com/HNAP1/ [运行时间：0.004008s][吞吐率：249.50req/s] [内存消耗：609.77kb] [文件加载：37]
[ info ] [ ROUTE ] array (
  'type' => 'module',
  'module' => 
  array (
    0 => 'HNAP1',
    1 => NULL,
    2 => NULL,
  ),
)
[ info ] [ HEADER ] array (
  'host' => 'wzcx.chetuobang.com',
  'accept' => 'text/html,application/xhtml+xml,application/xml;q=0.9,*/*;q=0.8',
  'accept-encoding' => 'deflate, gzip, identity',
  'accept-language' => 'en-US;q=0.6,en;q=0.4',
  'user-agent' => 'Mozilla/5.0 (Windows NT 5.1; rv:9.0.1) Gecko/20100101 Firefox/9.0.1',
  'cookie' => 'think_var=en-us',
  'content-type' => '',
  'content-length' => '',
)
[ info ] [ PARAM ] array (
)
[ info ] [ LOG ] INIT File

---------------------------------------------------------------
[ 2017-04-08T11:48:10+08:00 ] 101.37.28.32 140.205.225.188 POST /j_acegi_security_check
[ log ] 101.37.28.32:80/j_acegi_security_check [运行时间：0.006941s][吞吐率：144.07req/s] [内存消耗：621.73kb] [文件加载：38]
[ info ] [ ROUTE ] array (
  'type' => 'module',
  'module' => 
  array (
    0 => 'j_acegi_security_check',
    1 => NULL,
    2 => NULL,
  ),
)
[ info ] [ HEADER ] array (
  'referer' => 'http://101.37.28.32/',
  'user-agent' => 'Mozilla/4.0 (compatible; MSIE 6.0; Windows NT 5.1;Alibaba.Security.Heimdall.5448812)',
  'content-type' => 'application/x-www-form-urlencoded',
  'host' => '101.37.28.32:80',
  'accept' => '*/*',
  'connection' => 'keep-alive',
  'content-length' => '213',
)
[ info ] [ PARAM ] array (
  'j_username' => 'admin',
  'j_password' => 'admin',
  'from' => '/me/',
  'json' => '{"j_username": "admin", "j_password": "admin", "remember_me": false, "from": "/me/"}',
  'Submit' => '登录',
)
[ info ] [ LANG ] /web/thinkphp/lang/zh-cn.php
[ info ] [ LOG ] INIT File

---------------------------------------------------------------
[ 2017-04-08T11:48:15+08:00 ] 101.37.28.32 140.205.225.188 GET /admin/
[ log ] 101.37.28.32:80/admin/ [运行时间：0.006934s][吞吐率：144.22req/s] [内存消耗：620.59kb] [文件加载：38]
[ info ] [ ROUTE ] array (
  'type' => 'module',
  'module' => 
  array (
    0 => 'admin',
    1 => NULL,
    2 => NULL,
  ),
)
[ info ] [ HEADER ] array (
  'authorization' => 'Basic MTox',
  'referer' => 'http://101.37.28.32/',
  'user-agent' => 'Mozilla/4.0 (compatible; MSIE 6.0; Windows NT 5.1;Alibaba.Security.Heimdall.5448812)',
  'host' => '101.37.28.32:80',
  'accept' => '*/*',
  'connection' => 'keep-alive',
  'content-type' => '',
  'content-length' => '',
)
[ info ] [ PARAM ] array (
)
[ info ] [ LANG ] /web/thinkphp/lang/zh-cn.php
[ info ] [ LOG ] INIT File

---------------------------------------------------------------
[ 2017-04-08T11:48:18+08:00 ] 101.37.28.32 140.205.225.188 GET /
[ log ] 101.37.28.32:80/ [运行时间：0.004515s][吞吐率：221.49req/s] [内存消耗：650.69kb] [文件加载：38]
[ info ] [ ROUTE ] array (
  'type' => 'module',
  'module' => 
  array (
    0 => '',
    1 => NULL,
    2 => NULL,
  ),
)
[ info ] [ HEADER ] array (
  'authorization' => 'Basic MTox',
  'referer' => 'http://101.37.28.32/',
  'user-agent' => 'Mozilla/4.0 (compatible; MSIE 6.0; Windows NT 5.1;Alibaba.Security.Heimdall.5448812)',
  'host' => '101.37.28.32:80',
  'accept' => '*/*',
  'connection' => 'keep-alive',
  'content-type' => '',
  'content-length' => '',
)
[ info ] [ PARAM ] array (
)
[ info ] [ RUN ] Method [ <user> public method index ] {
  @@ /web/application/index/controller/Index.php 10 - 52
}

[ info ] [ LOG ] INIT File

---------------------------------------------------------------
[ 2017-04-08T13:18:48+08:00 ] 101.37.28.32 209.126.136.2 GET /
[ log ] 101.37.28.32/ [运行时间：0.002729s][吞吐率：366.44req/s] [内存消耗：650.36kb] [文件加载：38]
[ info ] [ ROUTE ] array (
  'type' => 'module',
  'module' => 
  array (
    0 => '',
    1 => NULL,
    2 => NULL,
  ),
)
[ info ] [ HEADER ] array (
  'host' => '101.37.28.32',
  'user-agent' => 'Mozilla/5.0 (Windows NT 10.0; Win64; x64) AppleWebKit/537.36 (KHTML, like Gecko) Chrome/56.0.2924.87 Safari/537.36',
  'accept-encoding' => 'gzip',
  'content-type' => '',
  'content-length' => '',
)
[ info ] [ PARAM ] array (
)
[ info ] [ RUN ] Method [ <user> public method index ] {
  @@ /web/application/index/controller/Index.php 10 - 52
}

[ info ] [ LOG ] INIT File

---------------------------------------------------------------
[ 2017-04-08T17:29:11+08:00 ] 101.37.28.32 59.33.252.247 GET /
[ log ] 101.37.28.32/ [运行时间：0.002669s][吞吐率：374.66req/s] [内存消耗：650.31kb] [文件加载：38]
[ info ] [ ROUTE ] array (
  'type' => 'module',
  'module' => 
  array (
    0 => '',
    1 => NULL,
    2 => NULL,
  ),
)
[ info ] [ HEADER ] array (
  'host' => '101.37.28.32',
  'user-agent' => 'compatible;Baiduspider/2.0; +http://www.baidu.com/search/spider.html',
  'x-fowarded-for' => '5.205.135.37',
  'content-type' => '',
  'content-length' => '',
)
[ info ] [ PARAM ] array (
)
[ info ] [ RUN ] Method [ <user> public method index ] {
  @@ /web/application/index/controller/Index.php 10 - 52
}

[ info ] [ LOG ] INIT File

---------------------------------------------------------------
[ 2017-04-08T18:19:14+08:00 ] 101.37.28.32 177.81.174.230 GET /hndUnblock.cgi
[ log ] 101.37.28.32/hndUnblock.cgi [运行时间：0.006930s][吞吐率：144.30req/s] [内存消耗：619.37kb] [文件加载：38]
[ info ] [ ROUTE ] array (
  'type' => 'module',
  'module' => 
  array (
    0 => 'hndUnblock.cgi',
    1 => NULL,
    2 => NULL,
  ),
)
[ info ] [ HEADER ] array (
  'accept' => '*/*',
  'host' => '101.37.28.32',
  'user-agent' => 'Wget(linux)',
  'content-type' => '',
  'content-length' => '',
)
[ info ] [ PARAM ] array (
)
[ info ] [ LANG ] /web/thinkphp/lang/zh-cn.php
[ info ] [ LOG ] INIT File

---------------------------------------------------------------
[ 2017-04-08T18:19:16+08:00 ] 101.37.28.32 177.81.174.230 GET /tmUnblock.cgi
[ log ] 101.37.28.32/tmUnblock.cgi [运行时间：0.006562s][吞吐率：152.39req/s] [内存消耗：619.36kb] [文件加载：38]
[ info ] [ ROUTE ] array (
  'type' => 'module',
  'module' => 
  array (
    0 => 'tmUnblock.cgi',
    1 => NULL,
    2 => NULL,
  ),
)
[ info ] [ HEADER ] array (
  'accept' => '*/*',
  'host' => '101.37.28.32',
  'user-agent' => 'Wget(linux)',
  'content-type' => '',
  'content-length' => '',
)
[ info ] [ PARAM ] array (
)
[ info ] [ LANG ] /web/thinkphp/lang/zh-cn.php
[ info ] [ LOG ] INIT File

---------------------------------------------------------------
[ 2017-04-08T18:19:17+08:00 ] 101.37.28.32 177.81.174.230 POST /cgi?2
[ log ] 101.37.28.32/cgi?2 [运行时间：0.006219s][吞吐率：160.79req/s] [内存消耗：620.23kb] [文件加载：38]
[ info ] [ ROUTE ] array (
  'type' => 'module',
  'module' => 
  array (
    0 => 'cgi',
    1 => NULL,
    2 => NULL,
  ),
)
[ info ] [ HEADER ] array (
  'accept' => '*/*',
  'host' => '101.37.28.32',
  'user-agent' => 'Wget(linux)',
  'content-length' => '211',
  'content-type' => 'application/x-www-form-urlencoded',
)
[ info ] [ PARAM ] array (
  0 => '',
)
[ info ] [ LANG ] /web/thinkphp/lang/zh-cn.php
[ info ] [ LOG ] INIT File

---------------------------------------------------------------
[ 2017-04-08T18:19:19+08:00 ] 101.37.28.32 177.81.174.230 GET /
[ log ] 101.37.28.32/ [运行时间：0.004608s][吞吐率：217.02req/s] [内存消耗：650.27kb] [文件加载：38]
[ info ] [ ROUTE ] array (
  'type' => 'module',
  'module' => 
  array (
    0 => '',
    1 => NULL,
    2 => NULL,
  ),
)
[ info ] [ HEADER ] array (
  'accept' => '*/*',
  'host' => '101.37.28.32',
  'user-agent' => 'Wget(linux)',
  'content-type' => '',
  'content-length' => '',
)
[ info ] [ PARAM ] array (
)
[ info ] [ RUN ] Method [ <user> public method index ] {
  @@ /web/application/index/controller/Index.php 10 - 52
}

[ info ] [ LOG ] INIT File

---------------------------------------------------------------
[ 2017-04-08T18:53:34+08:00 ] 101.37.28.32 81.43.45.128 GET /
[ log ] 101.37.28.32/ [运行时间：0.002723s][吞吐率：367.24req/s] [内存消耗：650.73kb] [文件加载：38]
[ info ] [ ROUTE ] array (
  'type' => 'module',
  'module' => 
  array (
    0 => '',
    1 => NULL,
    2 => NULL,
  ),
)
[ info ] [ HEADER ] array (
  'host' => '101.37.28.32',
  'accept' => 'text/html, application/xhtml+xml, */*',
  'accept-language' => 'en-US',
  'user-agent' => 'Mozilla/5.0 (compatible; MSIE 9.0; Windows NT 6.1; WOW64; Trident/5.0)',
  'accept-encoding' => '',
  'connection' => 'Keep-Alive',
  'content-type' => '',
  'content-length' => '',
)
[ info ] [ PARAM ] array (
)
[ info ] [ RUN ] Method [ <user> public method index ] {
  @@ /web/application/index/controller/Index.php 10 - 52
}

[ info ] [ LOG ] INIT File

---------------------------------------------------------------
[ 2017-04-08T18:54:44+08:00 ] 101.37.28.32 118.178.228.154 GET /
[ log ] 59.110.44.53:80/ [运行时间：0.003480s][吞吐率：287.36req/s] [内存消耗：650.27kb] [文件加载：38]
[ info ] [ ROUTE ] array (
  'type' => 'module',
  'module' => 
  array (
    0 => '',
    1 => NULL,
    2 => NULL,
  ),
)
[ info ] [ HEADER ] array (
  'host' => '59.110.44.53:80',
  'connection' => 'Close',
  'accept-encoding' => 'identity',
  'content-type' => '',
  'content-length' => '',
)
[ info ] [ PARAM ] array (
)
[ info ] [ RUN ] Method [ <user> public method index ] {
  @@ /web/application/index/controller/Index.php 10 - 52
}

[ info ] [ LOG ] INIT File

---------------------------------------------------------------
[ 2017-04-08T21:31:22+08:00 ] 101.37.28.32 172.82.166.210 GET /cache/global/img/gs.gif
[ log ] www.baidu.com/cache/global/img/gs.gif [运行时间：0.003553s][吞吐率：281.44req/s] [内存消耗：619.54kb] [文件加载：38]
[ info ] [ ROUTE ] array (
  'type' => 'module',
  'module' => 
  array (
    0 => 'cache',
    1 => 'global',
    2 => 'img',
  ),
)
[ info ] [ HEADER ] array (
  'host' => 'www.baidu.com',
  'user-agent' => 'Mozilla',
  'if-modified-since' => 'Thu, 19 Apr 2012 09:51:20 GMT',
  'content-type' => '',
  'content-length' => '',
)
[ info ] [ PARAM ] array (
)
[ info ] [ LANG ] /web/thinkphp/lang/zh-cn.php
[ info ] [ LOG ] INIT File

---------------------------------------------------------------
[ 2017-04-08T22:31:27+08:00 ] 101.37.28.32 5.172.96.154 GET /
[ log ] 101.37.28.32:80/ [运行时间：0.002658s][吞吐率：376.20req/s] [内存消耗：650.27kb] [文件加载：38]
[ info ] [ ROUTE ] array (
  'type' => 'module',
  'module' => 
  array (
    0 => '',
    1 => NULL,
    2 => NULL,
  ),
)
[ info ] [ HEADER ] array (
  'host' => '101.37.28.32:80',
  'accept' => '*/*',
  'connection' => 'keep-alive',
  'content-type' => '',
  'content-length' => '',
)
[ info ] [ PARAM ] array (
)
[ info ] [ RUN ] Method [ <user> public method index ] {
  @@ /web/application/index/controller/Index.php 10 - 52
}

[ info ] [ LOG ] INIT File

---------------------------------------------------------------
