[ 2017-04-09T02:43:21+08:00 ] 101.37.28.32 118.178.228.154 GET /
[ log ] 101.37.23.218:80/ [运行时间：0.004743s][吞吐率：210.83req/s] [内存消耗：650.23kb] [文件加载：38]
[ info ] [ ROUTE ] array (
  'type' => 'module',
  'module' => 
  array (
    0 => '',
    1 => NULL,
    2 => NULL,
  ),
)
[ info ] [ HEADER ] array (
  'host' => '101.37.23.218:80',
  'connection' => 'Close',
  'accept-encoding' => 'identity',
  'content-type' => '',
  'content-length' => '',
)
[ info ] [ PARAM ] array (
)
[ info ] [ RUN ] Method [ <user> public method index ] {
  @@ /web/application/index/controller/Index.php 10 - 52
}

[ info ] [ LOG ] INIT File

---------------------------------------------------------------
[ 2017-04-09T04:34:03+08:00 ] 101.37.28.32 120.25.103.140 GET /
[ log ] 61.53.145.178:80/ [运行时间：0.004909s][吞吐率：203.71req/s] [内存消耗：649.98kb] [文件加载：38]
[ info ] [ ROUTE ] array (
  'type' => 'module',
  'module' => 
  array (
    0 => '',
    1 => NULL,
    2 => NULL,
  ),
)
[ info ] [ HEADER ] array (
  'host' => '61.53.145.178:80',
  'content-type' => '',
  'content-length' => '',
)
[ info ] [ PARAM ] array (
)
[ info ] [ RUN ] Method [ <user> public method index ] {
  @@ /web/application/index/controller/Index.php 10 - 52
}

[ info ] [ LOG ] INIT File

---------------------------------------------------------------
[ 2017-04-09T07:27:27+08:00 ] 101.37.28.32 123.56.233.113 GET /
[ log ] 61.54.46.96:80/ [运行时间：0.002839s][吞吐率：352.26req/s] [内存消耗：649.97kb] [文件加载：38]
[ info ] [ ROUTE ] array (
  'type' => 'module',
  'module' => 
  array (
    0 => '',
    1 => NULL,
    2 => NULL,
  ),
)
[ info ] [ HEADER ] array (
  'host' => '61.54.46.96:80',
  'content-type' => '',
  'content-length' => '',
)
[ info ] [ PARAM ] array (
)
[ info ] [ RUN ] Method [ <user> public method index ] {
  @@ /web/application/index/controller/Index.php 10 - 52
}

[ info ] [ LOG ] INIT File

---------------------------------------------------------------
[ 2017-04-09T08:16:56+08:00 ] 101.37.28.32 42.156.251.185 GET /
[ log ] 101.37.28.32/ [运行时间：0.002699s][吞吐率：370.49req/s] [内存消耗：650.77kb] [文件加载：38]
[ info ] [ ROUTE ] array (
  'type' => 'module',
  'module' => 
  array (
    0 => '',
    1 => NULL,
    2 => NULL,
  ),
)
[ info ] [ HEADER ] array (
  'user-agent' => 'spiderman',
  'accept-language' => 'en-us,en-gb,en;q=0.7,*;q=0.3',
  'accept-charset' => 'utf-8,ISO-8859-1;q=0.7,*;q=0.7',
  'accept' => 'text/html,application/xml;q=0.9,application/xhtml+xml,text/xml;q=0.9,text/plain;q=0.8,image/png,*/*;q=0.5',
  'accept-encoding' => 'x-gzip, gzip, deflate',
  'host' => '101.37.28.32',
  'content-type' => '',
  'content-length' => '',
)
[ info ] [ PARAM ] array (
)
[ info ] [ RUN ] Method [ <user> public method index ] {
  @@ /web/application/index/controller/Index.php 10 - 52
}

[ info ] [ LOG ] INIT File

---------------------------------------------------------------
[ 2017-04-09T08:17:16+08:00 ] 101.37.28.32 42.156.251.185 GET /
[ log ] 101.37.28.32/ [运行时间：0.002664s][吞吐率：375.40req/s] [内存消耗：650.77kb] [文件加载：38]
[ info ] [ ROUTE ] array (
  'type' => 'module',
  'module' => 
  array (
    0 => '',
    1 => NULL,
    2 => NULL,
  ),
)
[ info ] [ HEADER ] array (
  'user-agent' => 'spiderman',
  'accept-language' => 'en-us,en-gb,en;q=0.7,*;q=0.3',
  'accept-charset' => 'utf-8,ISO-8859-1;q=0.7,*;q=0.7',
  'accept' => 'text/html,application/xml;q=0.9,application/xhtml+xml,text/xml;q=0.9,text/plain;q=0.8,image/png,*/*;q=0.5',
  'accept-encoding' => 'x-gzip, gzip, deflate',
  'host' => '101.37.28.32',
  'content-type' => '',
  'content-length' => '',
)
[ info ] [ PARAM ] array (
)
[ info ] [ RUN ] Method [ <user> public method index ] {
  @@ /web/application/index/controller/Index.php 10 - 52
}

[ info ] [ LOG ] INIT File

---------------------------------------------------------------
[ 2017-04-09T09:51:18+08:00 ] 101.37.28.32 140.205.225.186 POST /eauqymziforh
[ log ] 101.37.28.32:80/eauqymziforh [运行时间：0.006934s][吞吐率：144.21req/s] [内存消耗：620.61kb] [文件加载：38]
[ info ] [ ROUTE ] array (
  'type' => 'module',
  'module' => 
  array (
    0 => 'eauqymziforh',
    1 => NULL,
    2 => NULL,
  ),
)
[ info ] [ HEADER ] array (
  'accept-encoding' => 'identity',
  'content-length' => '22',
  'host' => '101.37.28.32:80',
  'content-type' => 'application/x-www-form-urlencoded',
  'connection' => 'close',
  'user-agent' => 'Mozilla/4.0 (compatible; MSIE 6.0; Windows NT 5.1;Alibaba.Security.Heimdall.5448812.elasticsearch_unauthorized)',
)
[ info ] [ PARAM ] array (
  '{"aliyun":_"vulntest"}' => '',
)
[ info ] [ LANG ] /web/thinkphp/lang/zh-cn.php
[ info ] [ LOG ] INIT File

---------------------------------------------------------------
[ 2017-04-09T09:51:18+08:00 ] 101.37.28.32 140.205.225.186 GET /eauqymziforh
[ log ] 101.37.28.32:80/eauqymziforh [运行时间：0.006665s][吞吐率：150.04req/s] [内存消耗：619.71kb] [文件加载：38]
[ info ] [ ROUTE ] array (
  'type' => 'module',
  'module' => 
  array (
    0 => 'eauqymziforh',
    1 => NULL,
    2 => NULL,
  ),
)
[ info ] [ HEADER ] array (
  'accept-encoding' => 'identity',
  'host' => '101.37.28.32:80',
  'connection' => 'close',
  'user-agent' => 'Mozilla/4.0 (compatible; MSIE 6.0; Windows NT 5.1;Alibaba.Security.Heimdall.5448812.elasticsearch_unauthorized)',
  'content-type' => '',
  'content-length' => '',
)
[ info ] [ PARAM ] array (
)
[ info ] [ LANG ] /web/thinkphp/lang/zh-cn.php
[ info ] [ LOG ] INIT File

---------------------------------------------------------------
[ 2017-04-09T09:51:18+08:00 ] 101.37.28.32 140.205.225.186 DELETE /eauqymziforh
[ log ] 101.37.28.32:80/eauqymziforh [运行时间：0.006396s][吞吐率：156.35req/s] [内存消耗：620.88kb] [文件加载：38]
[ info ] [ ROUTE ] array (
  'type' => 'module',
  'module' => 
  array (
    0 => 'eauqymziforh',
    1 => NULL,
    2 => NULL,
  ),
)
[ info ] [ HEADER ] array (
  'accept-encoding' => 'identity',
  'host' => '101.37.28.32:80',
  'connection' => 'close',
  'user-agent' => 'Mozilla/4.0 (compatible; MSIE 6.0; Windows NT 5.1;Alibaba.Security.Heimdall.5448812.elasticsearch_unauthorized)',
  'content-type' => '',
  'content-length' => '',
)
[ info ] [ PARAM ] array (
)
[ info ] [ LANG ] /web/thinkphp/lang/zh-cn.php
[ info ] [ LOG ] INIT File

---------------------------------------------------------------
[ 2017-04-09T09:51:25+08:00 ] 101.37.28.32 140.205.225.186 GET /warning
[ log ] 101.37.28.32:80/warning [运行时间：0.006572s][吞吐率：152.16req/s] [内存消耗：619.87kb] [文件加载：38]
[ info ] [ ROUTE ] array (
  'type' => 'module',
  'module' => 
  array (
    0 => 'warning',
    1 => NULL,
    2 => NULL,
  ),
)
[ info ] [ HEADER ] array (
  'referer' => 'http://101.37.28.32/',
  'user-agent' => 'Mozilla/4.0 (compatible; MSIE 6.0; Windows NT 5.1;Alibaba.Security.Heimdall.5448812)',
  'host' => '101.37.28.32:80',
  'accept' => '*/*',
  'connection' => 'keep-alive',
  'content-type' => '',
  'content-length' => '',
)
[ info ] [ PARAM ] array (
)
[ info ] [ LANG ] /web/thinkphp/lang/zh-cn.php
[ info ] [ LOG ] INIT File

---------------------------------------------------------------
[ 2017-04-09T09:53:57+08:00 ] 101.37.28.32 140.205.225.186 GET /pleasereadthis
[ log ] 101.37.28.32:80/pleasereadthis [运行时间：0.004111s][吞吐率：243.25req/s] [内存消耗：619.91kb] [文件加载：38]
[ info ] [ ROUTE ] array (
  'type' => 'module',
  'module' => 
  array (
    0 => 'pleasereadthis',
    1 => NULL,
    2 => NULL,
  ),
)
[ info ] [ HEADER ] array (
  'referer' => 'http://101.37.28.32/',
  'user-agent' => 'Mozilla/4.0 (compatible; MSIE 6.0; Windows NT 5.1;Alibaba.Security.Heimdall.5448812)',
  'host' => '101.37.28.32:80',
  'accept' => '*/*',
  'connection' => 'keep-alive',
  'content-type' => '',
  'content-length' => '',
)
[ info ] [ PARAM ] array (
)
[ info ] [ LANG ] /web/thinkphp/lang/zh-cn.php
[ info ] [ LOG ] INIT File

---------------------------------------------------------------
[ 2017-04-09T09:56:03+08:00 ] 101.37.28.32 140.205.225.186 GET /please_read/_search
[ log ] 101.37.28.32:80/please_read/_search [运行时间：0.006862s][吞吐率：145.73req/s] [内存消耗：619.98kb] [文件加载：38]
[ info ] [ ROUTE ] array (
  'type' => 'module',
  'module' => 
  array (
    0 => 'please_read',
    1 => '_search',
    2 => NULL,
  ),
)
[ info ] [ HEADER ] array (
  'referer' => 'http://101.37.28.32/',
  'user-agent' => 'Mozilla/4.0 (compatible; MSIE 6.0; Windows NT 5.1;Alibaba.Security.Heimdall.5448812)',
  'host' => '101.37.28.32:80',
  'accept' => '*/*',
  'connection' => 'keep-alive',
  'content-type' => '',
  'content-length' => '',
)
[ info ] [ PARAM ] array (
)
[ info ] [ LANG ] /web/thinkphp/lang/zh-cn.php
[ info ] [ LOG ] INIT File

---------------------------------------------------------------
[ 2017-04-09T09:58:21+08:00 ] 101.37.28.32 140.205.225.186 GET /about/
[ log ] 101.37.28.32:80/about/ [运行时间：0.003533s][吞吐率：283.05req/s] [内存消耗：619.86kb] [文件加载：38]
[ info ] [ ROUTE ] array (
  'type' => 'module',
  'module' => 
  array (
    0 => 'about',
    1 => NULL,
    2 => NULL,
  ),
)
[ info ] [ HEADER ] array (
  'referer' => 'http://101.37.28.32/',
  'user-agent' => 'Mozilla/4.0 (compatible; MSIE 6.0; Windows NT 5.1;Alibaba.Security.Heimdall.5448812)',
  'host' => '101.37.28.32:80',
  'accept' => '*/*',
  'connection' => 'keep-alive',
  'content-type' => '',
  'content-length' => '',
)
[ info ] [ PARAM ] array (
)
[ info ] [ LANG ] /web/thinkphp/lang/zh-cn.php
[ info ] [ LOG ] INIT File

---------------------------------------------------------------
[ 2017-04-09T10:06:08+08:00 ] 101.37.28.32 140.205.225.186 GET /clusters.jsf
[ log ] 101.37.28.32:80/clusters.jsf [运行时间：0.003589s][吞吐率：278.64req/s] [内存消耗：619.89kb] [文件加载：38]
[ info ] [ ROUTE ] array (
  'type' => 'module',
  'module' => 
  array (
    0 => 'clusters.jsf',
    1 => NULL,
    2 => NULL,
  ),
)
[ info ] [ HEADER ] array (
  'referer' => 'http://101.37.28.32/',
  'user-agent' => 'Mozilla/4.0 (compatible; MSIE 6.0; Windows NT 5.1;Alibaba.Security.Heimdall.5448812)',
  'host' => '101.37.28.32:80',
  'accept' => '*/*',
  'connection' => 'keep-alive',
  'content-type' => '',
  'content-length' => '',
)
[ info ] [ PARAM ] array (
)
[ info ] [ LANG ] /web/thinkphp/lang/zh-cn.php
[ info ] [ LOG ] INIT File

---------------------------------------------------------------
[ 2017-04-09T10:19:07+08:00 ] 101.37.28.32 23.251.55.159 GET /
[ log ] proxyjudge.us/ [运行时间：0.002665s][吞吐率：375.23req/s] [内存消耗：650.66kb] [文件加载：38]
[ info ] [ ROUTE ] array (
  'type' => 'module',
  'module' => 
  array (
    0 => '',
    1 => NULL,
    2 => NULL,
  ),
)
[ info ] [ HEADER ] array (
  'host' => 'proxyjudge.us',
  'accept' => '*/*',
  'accept-language' => 'zh-cn',
  'pragma' => 'no-cache',
  'user-agent' => 'Mozilla/5.0 (compatible; MSIE 6.0; Windows NT 5.1; Trident/5.0)',
  'connection' => 'Close',
  'content-type' => '',
  'content-length' => '',
)
[ info ] [ PARAM ] array (
)
[ info ] [ RUN ] Method [ <user> public method index ] {
  @@ /web/application/index/controller/Index.php 10 - 52
}

[ info ] [ LOG ] INIT File

---------------------------------------------------------------
[ 2017-04-09T10:23:39+08:00 ] 101.37.28.32 140.205.225.186 GET /
[ log ] 101.37.28.32:80/ [运行时间：0.002664s][吞吐率：375.36req/s] [内存消耗：650.58kb] [文件加载：38]
[ info ] [ ROUTE ] array (
  'type' => 'module',
  'module' => 
  array (
    0 => '',
    1 => NULL,
    2 => NULL,
  ),
)
[ info ] [ HEADER ] array (
  'referer' => 'http://101.37.28.32/',
  'user-agent' => 'Mozilla/4.0 (compatible; MSIE 6.0; Windows NT 5.1;Alibaba.Security.Heimdall.5448812)',
  'host' => '101.37.28.32:80',
  'accept' => '*/*',
  'connection' => 'keep-alive',
  'content-type' => '',
  'content-length' => '',
)
[ info ] [ PARAM ] array (
)
[ info ] [ RUN ] Method [ <user> public method index ] {
  @@ /web/application/index/controller/Index.php 10 - 52
}

[ info ] [ LOG ] INIT File

---------------------------------------------------------------
[ 2017-04-09T10:25:06+08:00 ] 101.37.28.32 140.205.225.186 GET /hwi/
[ log ] 101.37.28.32:80/hwi/ [运行时间：0.003644s][吞吐率：274.42req/s] [内存消耗：619.86kb] [文件加载：38]
[ info ] [ ROUTE ] array (
  'type' => 'module',
  'module' => 
  array (
    0 => 'hwi',
    1 => NULL,
    2 => NULL,
  ),
)
[ info ] [ HEADER ] array (
  'referer' => 'http://101.37.28.32/',
  'user-agent' => 'Mozilla/4.0 (compatible; MSIE 6.0; Windows NT 5.1;Alibaba.Security.Heimdall.5448812)',
  'host' => '101.37.28.32:80',
  'accept' => '*/*',
  'connection' => 'keep-alive',
  'content-type' => '',
  'content-length' => '',
)
[ info ] [ PARAM ] array (
)
[ info ] [ LANG ] /web/thinkphp/lang/zh-cn.php
[ info ] [ LOG ] INIT File

---------------------------------------------------------------
[ 2017-04-09T10:25:43+08:00 ] 101.37.28.32 140.205.225.186 POST /
[ log ] 101.37.28.32/ [运行时间：0.002680s][吞吐率：373.13req/s] [内存消耗：650.65kb] [文件加载：38]
[ info ] [ ROUTE ] array (
  'type' => 'module',
  'module' => 
  array (
    0 => '',
    1 => NULL,
    2 => NULL,
  ),
)
[ info ] [ HEADER ] array (
  'accept-encoding' => 'identity',
  'content-length' => '431',
  'host' => '101.37.28.32',
  'content-type' => 'multipart/form-data; boundary=-333053153',
  'connection' => 'close',
  'user-agent' => 'Mozilla/4.0 (compatible; MSIE 6.0; Windows NT 5.1;Alibaba.Security.Heimdall.5448812.struts-s2-046)',
)
[ info ] [ PARAM ] array (
)
[ info ] [ RUN ] Method [ <user> public method index ] {
  @@ /web/application/index/controller/Index.php 10 - 52
}

[ info ] [ LOG ] INIT File

---------------------------------------------------------------
[ 2017-04-09T10:25:55+08:00 ] 101.37.28.32 140.205.225.186 GET /
[ log ] 101.37.28.32:80/ [运行时间：0.002611s][吞吐率：382.97req/s] [内存消耗：650.58kb] [文件加载：38]
[ info ] [ ROUTE ] array (
  'type' => 'module',
  'module' => 
  array (
    0 => '',
    1 => NULL,
    2 => NULL,
  ),
)
[ info ] [ HEADER ] array (
  'referer' => 'http://101.37.28.32/',
  'user-agent' => 'Mozilla/4.0 (compatible; MSIE 6.0; Windows NT 5.1;Alibaba.Security.Heimdall.5448812)',
  'host' => '101.37.28.32:80',
  'accept' => '*/*',
  'connection' => 'keep-alive',
  'content-type' => '',
  'content-length' => '',
)
[ info ] [ PARAM ] array (
)
[ info ] [ RUN ] Method [ <user> public method index ] {
  @@ /web/application/index/controller/Index.php 10 - 52
}

[ info ] [ LOG ] INIT File

---------------------------------------------------------------
[ 2017-04-09T10:26:13+08:00 ] 101.37.28.32 140.205.225.186 GET /
[ log ] 101.37.28.32:80/ [运行时间：0.002567s][吞吐率：389.55req/s] [内存消耗：650.58kb] [文件加载：38]
[ info ] [ ROUTE ] array (
  'type' => 'module',
  'module' => 
  array (
    0 => '',
    1 => NULL,
    2 => NULL,
  ),
)
[ info ] [ HEADER ] array (
  'referer' => 'http://101.37.28.32/',
  'user-agent' => 'Mozilla/4.0 (compatible; MSIE 6.0; Windows NT 5.1;Alibaba.Security.Heimdall.5448812)',
  'host' => '101.37.28.32:80',
  'accept' => '*/*',
  'connection' => 'keep-alive',
  'content-type' => '',
  'content-length' => '',
)
[ info ] [ PARAM ] array (
)
[ info ] [ RUN ] Method [ <user> public method index ] {
  @@ /web/application/index/controller/Index.php 10 - 52
}

[ info ] [ LOG ] INIT File

---------------------------------------------------------------
[ 2017-04-09T10:26:20+08:00 ] 101.37.28.32 140.205.225.186 GET /
[ log ] 101.37.28.32:80/ [运行时间：0.002570s][吞吐率：389.12req/s] [内存消耗：650.58kb] [文件加载：38]
[ info ] [ ROUTE ] array (
  'type' => 'module',
  'module' => 
  array (
    0 => '',
    1 => NULL,
    2 => NULL,
  ),
)
[ info ] [ HEADER ] array (
  'referer' => 'http://101.37.28.32/',
  'user-agent' => 'Mozilla/4.0 (compatible; MSIE 6.0; Windows NT 5.1;Alibaba.Security.Heimdall.5448812)',
  'host' => '101.37.28.32:80',
  'accept' => '*/*',
  'connection' => 'keep-alive',
  'content-type' => '',
  'content-length' => '',
)
[ info ] [ PARAM ] array (
)
[ info ] [ RUN ] Method [ <user> public method index ] {
  @@ /web/application/index/controller/Index.php 10 - 52
}

[ info ] [ LOG ] INIT File

---------------------------------------------------------------
[ 2017-04-09T10:26:23+08:00 ] 101.37.28.32 140.205.225.186 GET /jobs/
[ log ] 101.37.28.32:80/jobs/ [运行时间：0.003553s][吞吐率：281.46req/s] [内存消耗：619.86kb] [文件加载：38]
[ info ] [ ROUTE ] array (
  'type' => 'module',
  'module' => 
  array (
    0 => 'jobs',
    1 => NULL,
    2 => NULL,
  ),
)
[ info ] [ HEADER ] array (
  'referer' => 'http://101.37.28.32/',
  'user-agent' => 'Mozilla/4.0 (compatible; MSIE 6.0; Windows NT 5.1;Alibaba.Security.Heimdall.5448812)',
  'host' => '101.37.28.32:80',
  'accept' => '*/*',
  'connection' => 'keep-alive',
  'content-type' => '',
  'content-length' => '',
)
[ info ] [ PARAM ] array (
)
[ info ] [ LANG ] /web/thinkphp/lang/zh-cn.php
[ info ] [ LOG ] INIT File

---------------------------------------------------------------
[ 2017-04-09T10:26:28+08:00 ] 101.37.28.32 140.205.225.186 GET /index.php
[ log ] 101.37.28.32:80/index.php [运行时间：0.002610s][吞吐率：383.15req/s] [内存消耗：650.59kb] [文件加载：38]
[ info ] [ ROUTE ] array (
  'type' => 'module',
  'module' => 
  array (
    0 => '',
    1 => NULL,
    2 => NULL,
  ),
)
[ info ] [ HEADER ] array (
  'referer' => 'http://101.37.28.32/',
  'user-agent' => 'Mozilla/4.0 (compatible; MSIE 6.0; Windows NT 5.1;Alibaba.Security.Heimdall.5448812)',
  'host' => '101.37.28.32:80',
  'accept' => '*/*',
  'connection' => 'keep-alive',
  'content-type' => '',
  'content-length' => '',
)
[ info ] [ PARAM ] array (
)
[ info ] [ RUN ] Method [ <user> public method index ] {
  @@ /web/application/index/controller/Index.php 10 - 52
}

[ info ] [ LOG ] INIT File

---------------------------------------------------------------
[ 2017-04-09T10:26:31+08:00 ] 101.37.28.32 140.205.225.186 GET /rs-status
[ log ] 101.37.28.32:80/rs-status [运行时间：0.003448s][吞吐率：290.02req/s] [内存消耗：619.88kb] [文件加载：38]
[ info ] [ ROUTE ] array (
  'type' => 'module',
  'module' => 
  array (
    0 => 'rs-status',
    1 => NULL,
    2 => NULL,
  ),
)
[ info ] [ HEADER ] array (
  'referer' => 'http://101.37.28.32/',
  'user-agent' => 'Mozilla/4.0 (compatible; MSIE 6.0; Windows NT 5.1;Alibaba.Security.Heimdall.5448812)',
  'host' => '101.37.28.32:80',
  'accept' => '*/*',
  'connection' => 'keep-alive',
  'content-type' => '',
  'content-length' => '',
)
[ info ] [ PARAM ] array (
)
[ info ] [ LANG ] /web/thinkphp/lang/zh-cn.php
[ info ] [ LOG ] INIT File

---------------------------------------------------------------
[ 2017-04-09T10:26:37+08:00 ] 101.37.28.32 140.205.225.186 GET /master-status
[ log ] 101.37.28.32:80/master-status [运行时间：0.004784s][吞吐率：209.04req/s] [内存消耗：619.90kb] [文件加载：38]
[ info ] [ ROUTE ] array (
  'type' => 'module',
  'module' => 
  array (
    0 => 'master-status',
    1 => NULL,
    2 => NULL,
  ),
)
[ info ] [ HEADER ] array (
  'referer' => 'http://101.37.28.32/',
  'user-agent' => 'Mozilla/4.0 (compatible; MSIE 6.0; Windows NT 5.1;Alibaba.Security.Heimdall.5448812)',
  'host' => '101.37.28.32:80',
  'accept' => '*/*',
  'connection' => 'keep-alive',
  'content-type' => '',
  'content-length' => '',
)
[ info ] [ PARAM ] array (
)
[ info ] [ LANG ] /web/thinkphp/lang/zh-cn.php
[ info ] [ LOG ] INIT File

---------------------------------------------------------------
[ 2017-04-09T10:26:39+08:00 ] 101.37.28.32 140.205.225.186 GET /dfshealth.html
[ log ] 101.37.28.32:80/dfshealth.html [运行时间：0.003422s][吞吐率：292.22req/s] [内存消耗：619.90kb] [文件加载：38]
[ info ] [ ROUTE ] array (
  'type' => 'module',
  'module' => 
  array (
    0 => 'dfshealth',
    1 => NULL,
    2 => NULL,
  ),
)
[ info ] [ HEADER ] array (
  'referer' => 'http://101.37.28.32/',
  'user-agent' => 'Mozilla/4.0 (compatible; MSIE 6.0; Windows NT 5.1;Alibaba.Security.Heimdall.5448812)',
  'host' => '101.37.28.32:80',
  'accept' => '*/*',
  'connection' => 'keep-alive',
  'content-type' => '',
  'content-length' => '',
)
[ info ] [ PARAM ] array (
)
[ info ] [ LANG ] /web/thinkphp/lang/zh-cn.php
[ info ] [ LOG ] INIT File

---------------------------------------------------------------
[ 2017-04-09T10:26:42+08:00 ] 101.37.28.32 140.205.225.186 GET /
[ log ] 101.37.28.32/ [运行时间：0.002660s][吞吐率：375.93req/s] [内存消耗：650.90kb] [文件加载：38]
[ info ] [ ROUTE ] array (
  'type' => 'module',
  'module' => 
  array (
    0 => '',
    1 => NULL,
    2 => NULL,
  ),
)
[ info ] [ HEADER ] array (
  'host' => '101.37.28.32',
  'referer' => 'http://101.37.28.32/',
  'user-agent' => 'Mozilla/4.0 (compatible; MSIE 6.0; Windows NT 5.1;Alibaba.Security.Heimdall.5448812)',
  'content-type' => '${(\\u0023a1=333053153\\u0029\\u002e(#a2=1234567890).(#a3=#a1+#a2).(#a4=\'ttpS\\u0065rvletR\\u0065sponse\').(#a6=\'com.op\\u0065nsympho\').(#a5=\'ny.x\\u0077ork2.disp\\u0061tcher.H\').(#a7=#a6+#a5+#a4).(#a8=\'un\').(#a9=\'_\\u0061liy\').(#a10=#a9+#a8).(#x1=#cont\\u0065xt[#a7].getWr\\u0069ter()).(#x1.pr\\u0069nt(#a3+#a10)).(#x1.cl\\u006fse())}%0d%0a%20multipart/form-data',
  'accept' => '*/*',
  'connection' => 'keep-alive',
  'content-length' => '',
)
[ info ] [ PARAM ] array (
)
[ info ] [ RUN ] Method [ <user> public method index ] {
  @@ /web/application/index/controller/Index.php 10 - 52
}

[ info ] [ LOG ] INIT File

---------------------------------------------------------------
[ 2017-04-09T10:26:44+08:00 ] 101.37.28.32 140.205.225.186 POST /
[ log ] 101.37.28.32/ [运行时间：0.002596s][吞吐率：385.19req/s] [内存消耗：652.13kb] [文件加载：38]
[ info ] [ ROUTE ] array (
  'type' => 'module',
  'module' => 
  array (
    0 => '',
    1 => NULL,
    2 => NULL,
  ),
)
[ info ] [ HEADER ] array (
  'host' => '101.37.28.32',
  'referer' => 'http://101.37.28.32/',
  'user-agent' => 'Mozilla/4.0 (compatible; MSIE 6.0; Windows NT 5.1;Alibaba.Security.Heimdall.5448812)',
  'content-type' => '${(\\u0023a1=333053153\\u0029\\u002e(#a2=1234567890).(#a3=#a1+#a2).(#a4=\'ttpS\\u0065rvletR\\u0065sponse\').(#a6=\'com.op\\u0065nsympho\').(#a5=\'ny.x\\u0077ork2.disp\\u0061tcher.H\').(#a7=#a6+#a5+#a4).(#a8=\'un\').(#a9=\'_\\u0061liy\').(#a10=#a9+#a8).(#x1=#cont\\u0065xt[#a7].getWr\\u0069ter()).(#x1.pr\\u0069nt(#a3+#a10)).(#x1.cl\\u006fse())}%0d%0a%20multipart/form-data',
  'accept' => '*/*',
  'connection' => 'keep-alive',
  'content-length' => '1',
)
[ info ] [ PARAM ] array (
)
[ info ] [ RUN ] Method [ <user> public method index ] {
  @@ /web/application/index/controller/Index.php 10 - 52
}

[ info ] [ LOG ] INIT File

---------------------------------------------------------------
[ 2017-04-09T10:26:48+08:00 ] 101.37.28.32 140.205.225.186 GET /dfshealth.jsp
[ log ] 101.37.28.32:80/dfshealth.jsp [运行时间：0.003428s][吞吐率：291.72req/s] [内存消耗：619.90kb] [文件加载：38]
[ info ] [ ROUTE ] array (
  'type' => 'module',
  'module' => 
  array (
    0 => 'dfshealth.jsp',
    1 => NULL,
    2 => NULL,
  ),
)
[ info ] [ HEADER ] array (
  'referer' => 'http://101.37.28.32/',
  'user-agent' => 'Mozilla/4.0 (compatible; MSIE 6.0; Windows NT 5.1;Alibaba.Security.Heimdall.5448812)',
  'host' => '101.37.28.32:80',
  'accept' => '*/*',
  'connection' => 'keep-alive',
  'content-type' => '',
  'content-length' => '',
)
[ info ] [ PARAM ] array (
)
[ info ] [ LANG ] /web/thinkphp/lang/zh-cn.php
[ info ] [ LOG ] INIT File

---------------------------------------------------------------
[ 2017-04-09T10:26:50+08:00 ] 101.37.28.32 140.205.225.186 GET /hadoop/dfshealth.jsp
[ log ] 101.37.28.32:80/hadoop/dfshealth.jsp [运行时间：0.003580s][吞吐率：279.32req/s] [内存消耗：619.98kb] [文件加载：38]
[ info ] [ ROUTE ] array (
  'type' => 'module',
  'module' => 
  array (
    0 => 'hadoop',
    1 => 'dfshealth.jsp',
    2 => NULL,
  ),
)
[ info ] [ HEADER ] array (
  'referer' => 'http://101.37.28.32/',
  'user-agent' => 'Mozilla/4.0 (compatible; MSIE 6.0; Windows NT 5.1;Alibaba.Security.Heimdall.5448812)',
  'host' => '101.37.28.32:80',
  'accept' => '*/*',
  'connection' => 'keep-alive',
  'content-type' => '',
  'content-length' => '',
)
[ info ] [ PARAM ] array (
)
[ info ] [ LANG ] /web/thinkphp/lang/zh-cn.php
[ info ] [ LOG ] INIT File

---------------------------------------------------------------
[ 2017-04-09T10:34:26+08:00 ] 101.37.28.32 140.205.225.186 GET /solr/
[ log ] 101.37.28.32:80/solr/ [运行时间：0.003519s][吞吐率：284.19req/s] [内存消耗：619.86kb] [文件加载：38]
[ info ] [ ROUTE ] array (
  'type' => 'module',
  'module' => 
  array (
    0 => 'solr',
    1 => NULL,
    2 => NULL,
  ),
)
[ info ] [ HEADER ] array (
  'referer' => 'http://101.37.28.32/',
  'user-agent' => 'Mozilla/4.0 (compatible; MSIE 6.0; Windows NT 5.1;Alibaba.Security.Heimdall.5448812)',
  'host' => '101.37.28.32:80',
  'accept' => '*/*',
  'connection' => 'keep-alive',
  'content-type' => '',
  'content-length' => '',
)
[ info ] [ PARAM ] array (
)
[ info ] [ LANG ] /web/thinkphp/lang/zh-cn.php
[ info ] [ LOG ] INIT File

---------------------------------------------------------------
[ 2017-04-09T10:35:15+08:00 ] 101.37.28.32 140.205.225.186 GET /
[ log ] 101.37.28.32:80/ [运行时间：0.002733s][吞吐率：365.90req/s] [内存消耗：650.58kb] [文件加载：38]
[ info ] [ ROUTE ] array (
  'type' => 'module',
  'module' => 
  array (
    0 => '',
    1 => NULL,
    2 => NULL,
  ),
)
[ info ] [ HEADER ] array (
  'referer' => 'http://101.37.28.32/',
  'user-agent' => 'Mozilla/4.0 (compatible; MSIE 6.0; Windows NT 5.1;Alibaba.Security.Heimdall.5448812)',
  'host' => '101.37.28.32:80',
  'accept' => '*/*',
  'connection' => 'keep-alive',
  'content-type' => '',
  'content-length' => '',
)
[ info ] [ PARAM ] array (
)
[ info ] [ RUN ] Method [ <user> public method index ] {
  @@ /web/application/index/controller/Index.php 10 - 52
}

[ info ] [ LOG ] INIT File

---------------------------------------------------------------
[ 2017-04-09T10:39:51+08:00 ] 101.37.28.32 140.205.225.186 GET /info
[ log ] 101.37.28.32:80/info [运行时间：0.003601s][吞吐率：277.69req/s] [内存消耗：619.86kb] [文件加载：38]
[ info ] [ ROUTE ] array (
  'type' => 'module',
  'module' => 
  array (
    0 => 'info',
    1 => NULL,
    2 => NULL,
  ),
)
[ info ] [ HEADER ] array (
  'referer' => 'http://101.37.28.32/',
  'user-agent' => 'Mozilla/4.0 (compatible; MSIE 6.0; Windows NT 5.1;Alibaba.Security.Heimdall.5448812)',
  'host' => '101.37.28.32:80',
  'accept' => '*/*',
  'connection' => 'keep-alive',
  'content-type' => '',
  'content-length' => '',
)
[ info ] [ PARAM ] array (
)
[ info ] [ LANG ] /web/thinkphp/lang/zh-cn.php
[ info ] [ LOG ] INIT File

---------------------------------------------------------------
[ 2017-04-09T11:08:42+08:00 ] 101.37.28.32 116.62.176.205 GET /
[ log ] 59.56.102.96:80/ [运行时间：0.004625s][吞吐率：216.21req/s] [内存消耗：650.27kb] [文件加载：38]
[ info ] [ ROUTE ] array (
  'type' => 'module',
  'module' => 
  array (
    0 => '',
    1 => NULL,
    2 => NULL,
  ),
)
[ info ] [ HEADER ] array (
  'host' => '59.56.102.96:80',
  'connection' => 'Close',
  'accept-encoding' => 'identity',
  'content-type' => '',
  'content-length' => '',
)
[ info ] [ PARAM ] array (
)
[ info ] [ RUN ] Method [ <user> public method index ] {
  @@ /web/application/index/controller/Index.php 10 - 52
}

[ info ] [ LOG ] INIT File

---------------------------------------------------------------
[ 2017-04-09T11:16:45+08:00 ] 101.37.28.32 140.205.225.186 GET /j_acegi_security_check
[ log ] 101.37.28.32:80/j_acegi_security_check [运行时间：0.006691s][吞吐率：149.45req/s] [内存消耗：619.98kb] [文件加载：38]
[ info ] [ ROUTE ] array (
  'type' => 'module',
  'module' => 
  array (
    0 => 'j_acegi_security_check',
    1 => NULL,
    2 => NULL,
  ),
)
[ info ] [ HEADER ] array (
  'referer' => 'http://101.37.28.32/',
  'user-agent' => 'Mozilla/4.0 (compatible; MSIE 6.0; Windows NT 5.1;Alibaba.Security.Heimdall.5448812)',
  'host' => '101.37.28.32:80',
  'accept' => '*/*',
  'connection' => 'keep-alive',
  'content-type' => '',
  'content-length' => '',
)
[ info ] [ PARAM ] array (
)
[ info ] [ LANG ] /web/thinkphp/lang/zh-cn.php
[ info ] [ LOG ] INIT File

---------------------------------------------------------------
[ 2017-04-09T11:16:50+08:00 ] 101.37.28.32 140.205.225.186 GET /admin/
[ log ] 101.37.28.32:80/admin/ [运行时间：0.006645s][吞吐率：150.48req/s] [内存消耗：620.59kb] [文件加载：38]
[ info ] [ ROUTE ] array (
  'type' => 'module',
  'module' => 
  array (
    0 => 'admin',
    1 => NULL,
    2 => NULL,
  ),
)
[ info ] [ HEADER ] array (
  'authorization' => 'Basic MTox',
  'referer' => 'http://101.37.28.32/',
  'user-agent' => 'Mozilla/4.0 (compatible; MSIE 6.0; Windows NT 5.1;Alibaba.Security.Heimdall.5448812)',
  'host' => '101.37.28.32:80',
  'accept' => '*/*',
  'connection' => 'keep-alive',
  'content-type' => '',
  'content-length' => '',
)
[ info ] [ PARAM ] array (
)
[ info ] [ LANG ] /web/thinkphp/lang/zh-cn.php
[ info ] [ LOG ] INIT File

---------------------------------------------------------------
[ 2017-04-09T11:16:56+08:00 ] 101.37.28.32 140.205.225.186 GET /
[ log ] 101.37.28.32:80/ [运行时间：0.004396s][吞吐率：227.48req/s] [内存消耗：650.69kb] [文件加载：38]
[ info ] [ ROUTE ] array (
  'type' => 'module',
  'module' => 
  array (
    0 => '',
    1 => NULL,
    2 => NULL,
  ),
)
[ info ] [ HEADER ] array (
  'authorization' => 'Basic MTox',
  'referer' => 'http://101.37.28.32/',
  'user-agent' => 'Mozilla/4.0 (compatible; MSIE 6.0; Windows NT 5.1;Alibaba.Security.Heimdall.5448812)',
  'host' => '101.37.28.32:80',
  'accept' => '*/*',
  'connection' => 'keep-alive',
  'content-type' => '',
  'content-length' => '',
)
[ info ] [ PARAM ] array (
)
[ info ] [ RUN ] Method [ <user> public method index ] {
  @@ /web/application/index/controller/Index.php 10 - 52
}

[ info ] [ LOG ] INIT File

---------------------------------------------------------------
[ 2017-04-09T12:22:00+08:00 ] 101.37.28.32 93.174.93.92 GET /muieblackcat
[ log ] 101.37.28.32/muieblackcat [运行时间：0.003895s][吞吐率：256.75req/s] [内存消耗：610.05kb] [文件加载：37]
[ info ] [ ROUTE ] array (
  'type' => 'module',
  'module' => 
  array (
    0 => 'muieblackcat',
    1 => NULL,
    2 => NULL,
  ),
)
[ info ] [ HEADER ] array (
  'accept' => '*/*',
  'accept-language' => 'en-us',
  'accept-encoding' => 'gzip, deflate',
  'host' => '101.37.28.32',
  'connection' => 'Close',
  'content-type' => '',
  'content-length' => '',
)
[ info ] [ PARAM ] array (
)
[ info ] [ LOG ] INIT File

---------------------------------------------------------------
[ 2017-04-09T14:15:20+08:00 ] 101.37.28.32 209.126.136.2 GET /
[ log ] 101.37.28.32/ [运行时间：0.004646s][吞吐率：215.24req/s] [内存消耗：650.36kb] [文件加载：38]
[ info ] [ ROUTE ] array (
  'type' => 'module',
  'module' => 
  array (
    0 => '',
    1 => NULL,
    2 => NULL,
  ),
)
[ info ] [ HEADER ] array (
  'host' => '101.37.28.32',
  'user-agent' => 'Mozilla/5.0 (Windows NT 10.0; Win64; x64) AppleWebKit/537.36 (KHTML, like Gecko) Chrome/56.0.2924.87 Safari/537.36',
  'accept-encoding' => 'gzip',
  'content-type' => '',
  'content-length' => '',
)
[ info ] [ PARAM ] array (
)
[ info ] [ RUN ] Method [ <user> public method index ] {
  @@ /web/application/index/controller/Index.php 10 - 52
}

[ info ] [ LOG ] INIT File

---------------------------------------------------------------
[ 2017-04-09T15:22:55+08:00 ] 101.37.28.32 14.152.95.221 GET /
[ log ] 101.37.28.32/ [运行时间：0.004506s][吞吐率：221.92req/s] [内存消耗：650.41kb] [文件加载：38]
[ info ] [ ROUTE ] array (
  'type' => 'module',
  'module' => 
  array (
    0 => '',
    1 => NULL,
    2 => NULL,
  ),
)
[ info ] [ HEADER ] array (
  'user-agent' => 'Mozilla/4.0 (compatible; MSIE 6.0; Windows NT 5.0)',
  'accept' => '*/*',
  'host' => '101.37.28.32',
  'cache-control' => 'no-cache',
  'content-type' => '',
  'content-length' => '',
)
[ info ] [ PARAM ] array (
)
[ info ] [ RUN ] Method [ <user> public method index ] {
  @@ /web/application/index/controller/Index.php 10 - 52
}

[ info ] [ LOG ] INIT File

---------------------------------------------------------------
[ 2017-04-09T18:50:32+08:00 ] 101.37.28.32 59.110.6.177 GET /
[ log ] 59.110.9.88:80/ [运行时间：0.002757s][吞吐率：362.73req/s] [内存消耗：650.26kb] [文件加载：38]
[ info ] [ ROUTE ] array (
  'type' => 'module',
  'module' => 
  array (
    0 => '',
    1 => NULL,
    2 => NULL,
  ),
)
[ info ] [ HEADER ] array (
  'host' => '59.110.9.88:80',
  'connection' => 'Close',
  'accept-encoding' => 'identity',
  'content-type' => '',
  'content-length' => '',
)
[ info ] [ PARAM ] array (
)
[ info ] [ RUN ] Method [ <user> public method index ] {
  @@ /web/application/index/controller/Index.php 10 - 52
}

[ info ] [ LOG ] INIT File

---------------------------------------------------------------
[ 2017-04-09T20:51:28+08:00 ] 101.37.28.32 62.210.162.182 GET /
[ log ] 101.37.28.32:80/ [运行时间：0.002775s][吞吐率：360.37req/s] [内存消耗：650.38kb] [文件加载：38]
[ info ] [ ROUTE ] array (
  'type' => 'module',
  'module' => 
  array (
    0 => '',
    1 => NULL,
    2 => NULL,
  ),
)
[ info ] [ HEADER ] array (
  'accept-encoding' => 'gzip;q=1.0,deflate;q=0.6,identity;q=0.3',
  'accept' => '*/*',
  'user-agent' => 'Ruby',
  'host' => '101.37.28.32:80',
  'content-type' => '',
  'content-length' => '',
)
[ info ] [ PARAM ] array (
)
[ info ] [ RUN ] Method [ <user> public method index ] {
  @@ /web/application/index/controller/Index.php 10 - 52
}

[ info ] [ LOG ] INIT File

---------------------------------------------------------------
[ 2017-04-09T20:51:32+08:00 ] 101.37.28.32 62.210.162.182 GET /
[ log ] 101.37.28.32/ [运行时间：0.002720s][吞吐率：367.63req/s] [内存消耗：650.63kb] [文件加载：38]
[ info ] [ ROUTE ] array (
  'type' => 'module',
  'module' => 
  array (
    0 => '',
    1 => NULL,
    2 => NULL,
  ),
)
[ info ] [ HEADER ] array (
  'host' => '101.37.28.32',
  'accept' => 'text/html,application/xhtml+xml,application/xml;q=0.9,*/*;q=0.8',
  'accept-encoding' => 'deflate, gzip, identity',
  'accept-language' => 'en-US;q=0.6,en;q=0.4',
  'user-agent' => 'Mozilla/5.0 (Windows NT 5.1; rv:9.0.1) Gecko/20100101 Firefox/9.0.1',
  'content-type' => '',
  'content-length' => '',
)
[ info ] [ PARAM ] array (
)
[ info ] [ RUN ] Method [ <user> public method index ] {
  @@ /web/application/index/controller/Index.php 10 - 52
}

[ info ] [ LOG ] INIT File

---------------------------------------------------------------
[ 2017-04-09T20:51:33+08:00 ] 101.37.28.32 62.210.162.182 GET /wz_api/?service=oil.index
[ log ] wzcx.chetuobang.com/wz_api/?service=oil.index [运行时间：0.004131s][吞吐率：242.08req/s] [内存消耗：610.70kb] [文件加载：37]
[ info ] [ ROUTE ] array (
  'type' => 'module',
  'module' => 
  array (
    0 => 'wz_api',
    1 => NULL,
    2 => NULL,
  ),
)
[ info ] [ HEADER ] array (
  'host' => 'wzcx.chetuobang.com',
  'accept' => 'text/html,application/xhtml+xml,application/xml;q=0.9,*/*;q=0.8',
  'accept-encoding' => 'deflate, gzip, identity',
  'accept-language' => 'en-US;q=0.6,en;q=0.4',
  'user-agent' => 'Mozilla/5.0 (Windows NT 5.1; rv:9.0.1) Gecko/20100101 Firefox/9.0.1',
  'content-type' => '',
  'content-length' => '',
)
[ info ] [ PARAM ] array (
  'service' => 'oil.index',
)
[ info ] [ LOG ] INIT File

---------------------------------------------------------------
[ 2017-04-09T20:51:35+08:00 ] 101.37.28.32 62.210.162.182 GET /HNAP1/
[ log ] wzcx.chetuobang.com/HNAP1/ [运行时间：0.003773s][吞吐率：265.04req/s] [内存消耗：609.77kb] [文件加载：37]
[ info ] [ ROUTE ] array (
  'type' => 'module',
  'module' => 
  array (
    0 => 'HNAP1',
    1 => NULL,
    2 => NULL,
  ),
)
[ info ] [ HEADER ] array (
  'host' => 'wzcx.chetuobang.com',
  'accept' => 'text/html,application/xhtml+xml,application/xml;q=0.9,*/*;q=0.8',
  'accept-encoding' => 'deflate, gzip, identity',
  'accept-language' => 'en-US;q=0.6,en;q=0.4',
  'user-agent' => 'Mozilla/5.0 (Windows NT 5.1; rv:9.0.1) Gecko/20100101 Firefox/9.0.1',
  'cookie' => 'think_var=en-us',
  'content-type' => '',
  'content-length' => '',
)
[ info ] [ PARAM ] array (
)
[ info ] [ LOG ] INIT File

---------------------------------------------------------------
[ 2017-04-09T21:35:56+08:00 ] 101.37.28.32 139.162.119.197 GET /
[ log ] 101.37.28.32/ [运行时间：0.002695s][吞吐率：371.05req/s] [内存消耗：650.32kb] [文件加载：38]
[ info ] [ ROUTE ] array (
  'type' => 'module',
  'module' => 
  array (
    0 => '',
    1 => NULL,
    2 => NULL,
  ),
)
[ info ] [ HEADER ] array (
  'host' => '101.37.28.32',
  'user-agent' => 'Mozilla/5.0 (Windows NT 10.0; WOW64) AppleWebKit/537.36 (KHTML, like Gecko) Chrome/50.0.2661.102 Safari/537.36',
  'connection' => 'close',
  'content-type' => '',
  'content-length' => '',
)
[ info ] [ PARAM ] array (
)
[ info ] [ RUN ] Method [ <user> public method index ] {
  @@ /web/application/index/controller/Index.php 10 - 52
}

[ info ] [ LOG ] INIT File

---------------------------------------------------------------
[ 2017-04-09T21:54:16+08:00 ] 101.37.28.32 58.150.60.162 GET /
[ log ] 101.37.28.32/ [运行时间：0.002695s][吞吐率：371.08req/s] [内存消耗：650.65kb] [文件加载：38]
[ info ] [ ROUTE ] array (
  'type' => 'module',
  'module' => 
  array (
    0 => '',
    1 => NULL,
    2 => NULL,
  ),
)
[ info ] [ HEADER ] array (
  'accept' => 'text/html,application/xhtml+xml,application/xml;q=0.9,image/webp,*/*;q=0.8',
  'user-agent' => 'Mozilla/5.0 (compatible; MSIE 9.0; Windows NT 6.1; WOW64; Trident/5.0)',
  'x-forwarded-for' => '199.247.184.18',
  'host' => '101.37.28.32',
  'connection' => 'Keep-Alive',
  'content-type' => '',
  'content-length' => '',
)
[ info ] [ PARAM ] array (
)
[ info ] [ RUN ] Method [ <user> public method index ] {
  @@ /web/application/index/controller/Index.php 10 - 52
}

[ info ] [ LOG ] INIT File

---------------------------------------------------------------
[ 2017-04-09T21:54:23+08:00 ] 101.37.28.32 58.150.60.162 GET /
[ log ] 101.37.28.32/ [运行时间：0.002631s][吞吐率：380.09req/s] [内存消耗：650.65kb] [文件加载：38]
[ info ] [ ROUTE ] array (
  'type' => 'module',
  'module' => 
  array (
    0 => '',
    1 => NULL,
    2 => NULL,
  ),
)
[ info ] [ HEADER ] array (
  'accept' => 'text/html,application/xhtml+xml,application/xml;q=0.9,image/webp,*/*;q=0.8',
  'user-agent' => 'Mozilla/5.0 (compatible; MSIE 9.0; Windows NT 6.1; WOW64; Trident/5.0)',
  'x-forwarded-for' => '209.32.62.219',
  'host' => '101.37.28.32',
  'connection' => 'Keep-Alive',
  'content-type' => '',
  'content-length' => '',
)
[ info ] [ PARAM ] array (
)
[ info ] [ RUN ] Method [ <user> public method index ] {
  @@ /web/application/index/controller/Index.php 10 - 52
}

[ info ] [ LOG ] INIT File

---------------------------------------------------------------
